=== PHASE 1: ANALYSIS ===

[ "rg", "--no-heading", "--line-number", "--ignore-file", ".rgignore", "def get_grammars\\(",
  "/Users/marcus/repos/BugsInPy/framework/bin/temp/black-9/bad/black"
]
[ "rg", "--no-heading", "--line-number", "--ignore-file", ".rgignore", "test_python2_print_function",
  "/Users/marcus/repos/BugsInPy/framework/bin/temp/black-9/bad/black"
]
[ "rg", "--no-heading", "--line-number", "--ignore-file", ".rgignore", "def read_data\\(", "/Users/marcus/repos/BugsInPy/framework/bin/temp/black-9/bad/black/tests" ]
[ "rg", "--no-heading", "--line-number", "--ignore-file", ".rgignore", "class TargetVersion|def is_python2\\(",
  "/Users/marcus/repos/BugsInPy/framework/bin/temp/black-9/bad/black"
]
[ "rg", "--no-heading", "--line-number", "--ignore-file", ".rgignore", "pygram\\.python_grammar",
  "/Users/marcus/repos/BugsInPy/framework/bin/temp/black-9/bad/black"
]
[ "rg", "--no-heading", "--line-number", "--ignore-file", ".rgignore", "import pygram|from blib2to3.* import pygram|pygram =",
  "/Users/marcus/repos/BugsInPy/framework/bin/temp/black-9/bad/black"
]
Calling tool: grepTool
def get_grammars\(
Matched content:
/Users/marcus/repos/BugsInPy/framework/bin/temp/black-9/bad/black/black.py.original:725:def get_grammars(target_versions: Set[TargetVersion]) -> List[Grammar]:
/Users/marcus/repos/BugsInPy/framework/bin/temp/black-9/bad/black/black.py:725:def get_grammars(target_versions: Set[TargetVersion]) -> List[Grammar]:
/Users/marcus/repos/BugsInPy/framework/bin/temp/black-9/bad/black/env/src/black/black.py:725:def get_grammars(target_versions: Set[TargetVersion]) -> List[Grammar]:

Calling tool: readTool
/Users/marcus/repos/BugsInPy/framework/bin/temp/black-9/bad/black/black.py
710:        return "", encoding, "\n"
711:
712:    newline = "\r\n" if b"\r\n" == lines[0][-2:] else "\n"
713:    srcbuf.seek(0)
714:    with io.TextIOWrapper(srcbuf, encoding) as tiow:
715:        return tiow.read(), encoding, newline
716:
717:
718:GRAMMARS = [
719:    pygram.python_grammar_no_print_statement_no_exec_statement,
720:    pygram.python_grammar_no_print_statement,
721:    pygram.python_grammar,
722:]
723:
724:
725:def get_grammars(target_versions: Set[TargetVersion]) -> List[Grammar]:
726:    if not target_versions:
727:        return GRAMMARS
728:    elif all(not version.is_python2() for version in target_versions):
729:        # Python 3-compatible code, so don't try Python 2 grammar
730:        return [
731:            pygram.python_grammar_no_print_statement_no_exec_statement,
732:            pygram.python_grammar_no_print_statement,
733:        ]
734:    else:
735:        return [pygram.python_grammar_no_print_statement]
736:
737:
738:def lib2to3_parse(src_txt: str, target_versions: Iterable[TargetVersion] = ()) -> Node:
739:    """Given a string with source, return the lib2to3 Node."""
740:    if src_txt[-1:] != "\n":
741:        src_txt += "\n"
742:
743:    for grammar in get_grammars(set(target_versions)):
744:        drv = driver.Driver(grammar, pytree.convert)
745:        try:
746:            result = drv.parse_string(src_txt, True)
747:            break
748:
749:        except ParseError as pe:
750:            lineno, column = pe.context[1]
751:            lines = src_txt.splitlines()
752:            try:
753:                faulty_line = lines[lineno - 1]
754:            except IndexError:
755:                faulty_line = "<line number missing in source>"
756:            exc = InvalidInput(f"Cannot parse: {lineno}:{column}: {faulty_line}")
757:    else:
758:        raise exc from None
759:
760:    if isinstance(result, Leaf):
761:        result = Node(syms.file_input, [result])
762:    return result
763:
764:
765:def lib2to3_unparse(node: Node) -> str:
766:    """Given a lib2to3 node, return its string representation."""
767:    code = str(node)
768:    return code
769:
770:
771:T = TypeVar("T")
772:
773:
774:class Visitor(Generic[T]):
775:    """Basic lib2to3 visitor that yields things of type `T` on `visit()`."""
776:
777:    def visit(self, node: LN) -> Iterator[T]:
778:        """Main method to visit `node` and its children.
779:
780:        It tries to find a `visit_*()` method for the given `node.type`, like
781:        `visit_simple_stmt` for Node objects or `visit_INDENT` for Leaf objects.
782:        If no dedicated `visit_*()` method is found, chooses `visit_default()`
783:        instead.
784:
785:        Then yields objects of type `T` from the selected visitor.
786:        """
787:        if node.type < 256:
788:            name = token.tok_name[node.type]
789:        else:

Calling tool: readTool
/Users/marcus/repos/BugsInPy/framework/bin/temp/black-9/bad/black/black.py.original
710:        return "", encoding, "\n"
711:
712:    newline = "\r\n" if b"\r\n" == lines[0][-2:] else "\n"
713:    srcbuf.seek(0)
714:    with io.TextIOWrapper(srcbuf, encoding) as tiow:
715:        return tiow.read(), encoding, newline
716:
717:
718:GRAMMARS = [
719:    pygram.python_grammar_no_print_statement_no_exec_statement,
720:    pygram.python_grammar_no_print_statement,
721:    pygram.python_grammar,
722:]
723:
724:
725:def get_grammars(target_versions: Set[TargetVersion]) -> List[Grammar]:
726:    if not target_versions:
727:        return GRAMMARS
728:    elif all(not version.is_python2() for version in target_versions):
729:        # Python 2-compatible code, so don't try Python 3 grammar.
730:        return [
731:            pygram.python_grammar_no_print_statement_no_exec_statement,
732:            pygram.python_grammar_no_print_statement,
733:        ]
734:    else:
735:        return [pygram.python_grammar]
736:
737:
738:def lib2to3_parse(src_txt: str, target_versions: Iterable[TargetVersion] = ()) -> Node:
739:    """Given a string with source, return the lib2to3 Node."""
740:    if src_txt[-1:] != "\n":
741:        src_txt += "\n"
742:
743:    for grammar in get_grammars(set(target_versions)):
744:        drv = driver.Driver(grammar, pytree.convert)
745:        try:
746:            result = drv.parse_string(src_txt, True)
747:            break
748:
749:        except ParseError as pe:
750:            lineno, column = pe.context[1]
751:            lines = src_txt.splitlines()
752:            try:
753:                faulty_line = lines[lineno - 1]
754:            except IndexError:
755:                faulty_line = "<line number missing in source>"
756:            exc = InvalidInput(f"Cannot parse: {lineno}:{column}: {faulty_line}")
757:    else:
758:        raise exc from None
759:
760:    if isinstance(result, Leaf):
761:        result = Node(syms.file_input, [result])
762:    return result
763:
764:
765:def lib2to3_unparse(node: Node) -> str:
766:    """Given a lib2to3 node, return its string representation."""
767:    code = str(node)
768:    return code
769:
770:
771:T = TypeVar("T")
772:
773:
774:class Visitor(Generic[T]):
775:    """Basic lib2to3 visitor that yields things of type `T` on `visit()`."""
776:
777:    def visit(self, node: LN) -> Iterator[T]:
778:        """Main method to visit `node` and its children.
779:
780:        It tries to find a `visit_*()` method for the given `node.type`, like
781:        `visit_simple_stmt` for Node objects or `visit_INDENT` for Leaf objects.
782:        If no dedicated `visit_*()` method is found, chooses `visit_default()`
783:        instead.
784:
785:        Then yields objects of type `T` from the selected visitor.
786:        """
787:        if node.type < 256:
788:            name = token.tok_name[node.type]
789:        else:

Calling tool: grepTool
test_python2_print_function
Matched content:
/Users/marcus/repos/BugsInPy/framework/bin/temp/black-9/bad/black/coverage_bugsinpy.txt:1:coverage run -m unittest -q tests.test_black.BlackTestCase.test_python2_print_function
/Users/marcus/repos/BugsInPy/framework/bin/temp/black-9/bad/black/tests/test_black.py:465:    def test_python2_print_function(self) -> None:
/Users/marcus/repos/BugsInPy/framework/bin/temp/black-9/bad/black/bugsinpy_run_test.sh:1:python -m unittest -q tests.test_black.BlackTestCase.test_python2_print_function

Calling tool: readTool
/Users/marcus/repos/BugsInPy/framework/bin/temp/black-9/bad/black/tests/test_black.py
450:    def test_numeric_literals_py2(self) -> None:
451:        source, expected = read_data("numeric_literals_py2")
452:        actual = fs(source)
453:        self.assertFormatEqual(expected, actual)
454:        black.assert_stable(source, actual, black.FileMode())
455:
456:    @patch("black.dump_to_file", dump_to_stderr)
457:    def test_python2(self) -> None:
458:        source, expected = read_data("python2")
459:        actual = fs(source)
460:        self.assertFormatEqual(expected, actual)
461:        # black.assert_equivalent(source, actual)
462:        black.assert_stable(source, actual, black.FileMode())
463:
464:    @patch("black.dump_to_file", dump_to_stderr)
465:    def test_python2_print_function(self) -> None:
466:        source, expected = read_data("python2_print_function")
467:        mode = black.FileMode(target_versions={black.TargetVersion.PY27})
468:        actual = fs(source, mode=mode)
469:        self.assertFormatEqual(expected, actual)
470:        black.assert_stable(source, actual, mode)
471:
472:    @patch("black.dump_to_file", dump_to_stderr)
473:    def test_python2_unicode_literals(self) -> None:
474:        source, expected = read_data("python2_unicode_literals")
475:        actual = fs(source)
476:        self.assertFormatEqual(expected, actual)
477:        black.assert_stable(source, actual, black.FileMode())
478:
479:    @patch("black.dump_to_file", dump_to_stderr)
480:    def test_stub(self) -> None:
481:        mode = black.FileMode(is_pyi=True)
482:        source, expected = read_data("stub.pyi")
483:        actual = fs(source, mode=mode)
484:        self.assertFormatEqual(expected, actual)
485:        black.assert_stable(source, actual, mode)
486:
487:    @patch("black.dump_to_file", dump_to_stderr)
488:    def test_python37(self) -> None:
489:        source, expected = read_data("python37")
490:        actual = fs(source)
491:        self.assertFormatEqual(expected, actual)
492:        major, minor = sys.version_info[:2]
493:        if major > 3 or (major == 3 and minor >= 7):
494:            black.assert_equivalent(source, actual)
495:        black.assert_stable(source, actual, black.FileMode())
496:
497:    @patch("black.dump_to_file", dump_to_stderr)
498:    def test_fmtonoff(self) -> None:
499:        source, expected = read_data("fmtonoff")

Calling tool: grepTool
def read_data\(
Matched content:
/Users/marcus/repos/BugsInPy/framework/bin/temp/black-9/bad/black/tests/test_black.py:57:def read_data(name: str, data: bool = True) -> Tuple[str, str]:

Calling tool: readTool
/Users/marcus/repos/BugsInPy/framework/bin/temp/black-9/bad/black/tests/test_black.py
1:#!/usr/bin/env python3
2:import asyncio
3:import logging
4:from concurrent.futures import ThreadPoolExecutor
5:from contextlib import contextmanager, redirect_stderr
6:from functools import partial, wraps
7:from io import BytesIO, TextIOWrapper
8:import os
9:from pathlib import Path
10:import re
11:import sys
12:from tempfile import TemporaryDirectory
13:from typing import (
14:    Any,
15:    BinaryIO,
16:    Callable,
17:    Coroutine,
18:    Generator,
19:    List,
20:    Tuple,
21:    Iterator,
22:    TypeVar,
23:)
24:import unittest
25:from unittest.mock import patch, MagicMock
26:
27:from click import unstyle
28:from click.testing import CliRunner
29:
30:import black
31:from black import Feature
32:
33:try:
34:    import blackd
35:    from aiohttp.test_utils import TestClient, TestServer
36:except ImportError:
37:    has_blackd_deps = False
38:else:
39:    has_blackd_deps = True
40:
41:ff = partial(black.format_file_in_place, mode=black.FileMode(), fast=True)
42:fs = partial(black.format_str, mode=black.FileMode())
43:THIS_FILE = Path(__file__)
44:THIS_DIR = THIS_FILE.parent
45:EMPTY_LINE = "# EMPTY LINE WITH WHITESPACE" + " (this comment will be removed)"
46:PY36_ARGS = [
47:    f"--target-version={version.name.lower()}" for version in black.PY36_VERSIONS
48:]
49:T = TypeVar("T")
50:R = TypeVar("R")
51:
52:
53:def dump_to_stderr(*output: str) -> str:
54:    return "\n" + "\n".join(output) + "\n"
55:
56:
57:def read_data(name: str, data: bool = True) -> Tuple[str, str]:
58:    """read_data('test_name') -> 'input', 'output'"""
59:    if not name.endswith((".py", ".pyi", ".out", ".diff")):
60:        name += ".py"
61:    _input: List[str] = []
62:    _output: List[str] = []
63:    base_dir = THIS_DIR / "data" if data else THIS_DIR
64:    with open(base_dir / name, "r", encoding="utf8") as test:
65:        lines = test.readlines()
66:    result = _input
67:    for line in lines:
68:        line = line.replace(EMPTY_LINE, "")
69:        if line.rstrip() == "# output":
70:            result = _output
71:            continue
72:
73:        result.append(line)
74:    if _input and not _output:
75:        # If there's no output marker, treat the entire file as already pre-formatted.
76:        _output = _input[:]
77:    return "".join(_input).strip() + "\n", "".join(_output).strip() + "\n"
78:
79:
80:@contextmanager
81:def cache_dir(exists: bool = True) -> Iterator[Path]:
82:    with TemporaryDirectory() as workspace:
83:        cache_dir = Path(workspace)
84:        if not exists:
85:            cache_dir = cache_dir / "new"
86:        with patch("black.CACHE_DIR", cache_dir):
87:            yield cache_dir
88:
89:
90:@contextmanager
91:def event_loop(close: bool) -> Iterator[None]:
92:    policy = asyncio.get_event_loop_policy()
93:    old_loop = policy.get_event_loop()
94:    loop = policy.new_event_loop()
95:    asyncio.set_event_loop(loop)
96:    try:
97:        yield
98:
99:    finally:
100:        policy.set_event_loop(old_loop)
101:        if close:
102:            loop.close()
103:
104:
105:def async_test(f: Callable[..., Coroutine[Any, None, R]]) -> Callable[..., None]:
106:    @event_loop(close=True)
107:    @wraps(f)
108:    def wrapper(*args: Any, **kwargs: Any) -> None:
109:        asyncio.get_event_loop().run_until_complete(f(*args, **kwargs))
110:
111:    return wrapper
112:
113:
114:class BlackRunner(CliRunner):
115:    """Modify CliRunner so that stderr is not merged with stdout.
116:
117:    This is a hack that can be removed once we depend on Click 7.x"""
118:
119:    def __init__(self) -> None:
120:        self.stderrbuf = BytesIO()

Calling tool: globTool
**/tests/data/python2_print_function.py
Matched files:
/Users/marcus/repos/BugsInPy/framework/bin/temp/black-9/bad/black/tests/data/python2_print_function.py

Calling tool: readTool
/Users/marcus/repos/BugsInPy/framework/bin/temp/black-9/bad/black/tests/data/python2_print_function.py
1:#!/usr/bin/env python2
2:from __future__ import print_function
3:
4:print('hello')
5:print(u'hello')
6:print(a, file=sys.stderr)
7:
8:# output
9:
10:
11:#!/usr/bin/env python2
12:from __future__ import print_function
13:
14:print("hello")
15:print(u"hello")
16:print(a, file=sys.stderr)

Calling tool: grepTool
class TargetVersion|def is_python2\(
Matched content:
/Users/marcus/repos/BugsInPy/framework/bin/temp/black-9/bad/black/black.py.original:115:class TargetVersion(Enum):
/Users/marcus/repos/BugsInPy/framework/bin/temp/black-9/bad/black/black.py.original:124:    def is_python2(self) -> bool:
/Users/marcus/repos/BugsInPy/framework/bin/temp/black-9/bad/black/black.py:115:class TargetVersion(Enum):
/Users/marcus/repos/BugsInPy/framework/bin/temp/black-9/bad/black/black.py:124:    def is_python2(self) -> bool:
/Users/marcus/repos/BugsInPy/framework/bin/temp/black-9/bad/black/env/src/black/black.py:115:class TargetVersion(Enum):
/Users/marcus/repos/BugsInPy/framework/bin/temp/black-9/bad/black/env/src/black/black.py:124:    def is_python2(self) -> bool:

Calling tool: readTool
/Users/marcus/repos/BugsInPy/framework/bin/temp/black-9/bad/black/black.py
100:
101:    @classmethod
102:    def from_configuration(cls, *, check: bool, diff: bool) -> "WriteBack":
103:        if check and not diff:
104:            return cls.CHECK
105:
106:        return cls.DIFF if diff else cls.YES
107:
108:
109:class Changed(Enum):
110:    NO = 0
111:    CACHED = 1
112:    YES = 2
113:
114:
115:class TargetVersion(Enum):
116:    PY27 = 2
117:    PY33 = 3
118:    PY34 = 4
119:    PY35 = 5
120:    PY36 = 6
121:    PY37 = 7
122:    PY38 = 8
123:
124:    def is_python2(self) -> bool:
125:        return self is TargetVersion.PY27
126:
127:
128:PY36_VERSIONS = {TargetVersion.PY36, TargetVersion.PY37, TargetVersion.PY38}
129:
130:
131:class Feature(Enum):
132:    # All string literals are unicode
133:    UNICODE_LITERALS = 1
134:    F_STRINGS = 2
135:    NUMERIC_UNDERSCORES = 3
136:    TRAILING_COMMA = 4
137:
138:
139:VERSION_TO_FEATURES: Dict[TargetVersion, Set[Feature]] = {

Calling tool: grepTool
pygram\.python_grammar
Matched content:
/Users/marcus/repos/BugsInPy/framework/bin/temp/black-9/bad/black/black.py.original:719:    pygram.python_grammar_no_print_statement_no_exec_statement,
/Users/marcus/repos/BugsInPy/framework/bin/temp/black-9/bad/black/black.py.original:720:    pygram.python_grammar_no_print_statement,
/Users/marcus/repos/BugsInPy/framework/bin/temp/black-9/bad/black/black.py.original:721:    pygram.python_grammar,
/Users/marcus/repos/BugsInPy/framework/bin/temp/black-9/bad/black/black.py.original:731:            pygram.python_grammar_no_print_statement_no_exec_statement,
/Users/marcus/repos/BugsInPy/framework/bin/temp/black-9/bad/black/black.py.original:732:            pygram.python_grammar_no_print_statement,
/Users/marcus/repos/BugsInPy/framework/bin/temp/black-9/bad/black/black.py.original:735:        return [pygram.python_grammar]
/Users/marcus/repos/BugsInPy/framework/bin/temp/black-9/bad/black/black.py:719:    pygram.python_grammar_no_print_statement_no_exec_statement,
/Users/marcus/repos/BugsInPy/framework/bin/temp/black-9/bad/black/black.py:720:    pygram.python_grammar_no_print_statement,
/Users/marcus/repos/BugsInPy/framework/bin/temp/black-9/bad/black/black.py:721:    pygram.python_grammar,
/Users/marcus/repos/BugsInPy/framework/bin/temp/black-9/bad/black/black.py:731:            pygram.python_grammar_no_print_statement_no_exec_statement,
/Users/marcus/repos/BugsInPy/framework/bin/temp/black-9/bad/black/black.py:732:            pygram.python_grammar_no_print_statement,
/Users/marcus/repos/BugsInPy/framework/bin/temp/black-9/bad/black/black.py:735:        return [pygram.python_grammar_no_print_statement]
/Users/marcus/repos/BugsInPy/framework/bin/temp/black-9/bad/black/env/src/black/black.py:719:    pygram.python_grammar_no_print_statement_no_exec_statement,
/Users/marcus/repos/BugsInPy/framework/bin/temp/black-9/bad/black/env/src/black/black.py:720:    pygram.python_grammar_no_print_statement,
/Users/marcus/repos/BugsInPy/framework/bin/temp/black-9/bad/black/env/src/black/black.py:721:    pygram.python_grammar,
/Users/marcus/repos/BugsInPy/framework/bin/temp/black-9/bad/black/env/src/black/black.py:731:            pygram.python_grammar_no_print_statement_no_exec_statement,
/Users/marcus/repos/BugsInPy/framework/bin/temp/black-9/bad/black/env/src/black/black.py:732:            pygram.python_grammar_no_print_statement,
/Users/marcus/repos/BugsInPy/framework/bin/temp/black-9/bad/black/env/src/black/black.py:735:        return [pygram.python_grammar]

Calling tool: globTool
**/__init__.py
Grep command failed with exit code 2: rg: .rgignore: No such file or directory (os error 2)
rg: /Users/marcus/repos/BugsInPy/framework/bin/temp/black-9/bad/black/Users/marcus/repos/BugsInPy/framework/bin/temp/black-9/bad/black: IO error for operation on /Users/marcus/repos/BugsInPy/framework/bin/temp/black-9/bad/black/Users/marcus/repos/BugsInPy/framework/bin/temp/black-9/bad/black: No such file or directory (os error 2)


Calling tool: globTool
**/__init__.py
Showing first 50 results from grep. Consider using a more specific pattern or path.
/Users/marcus/repos/BugsInPy/framework/bin/temp/black-9/bad/black/blib2to3/pgen2/__init__.py
/Users/marcus/repos/BugsInPy/framework/bin/temp/black-9/bad/black/blib2to3/__init__.py
/Users/marcus/repos/BugsInPy/framework/bin/temp/black-9/bad/black/env/src/black/blib2to3/pgen2/__init__.py
/Users/marcus/repos/BugsInPy/framework/bin/temp/black-9/bad/black/env/src/black/blib2to3/__init__.py
/Users/marcus/repos/BugsInPy/framework/bin/temp/black-9/bad/black/tests/__init__.py
/Users/marcus/repos/BugsInPy/framework/bin/temp/black-9/bad/black/env/lib/python3.8/site-packages/pygments/styles/__init__.py
/Users/marcus/repos/BugsInPy/framework/bin/temp/black-9/bad/black/env/lib/python3.8/site-packages/pyflakes/scripts/__init__.py
/Users/marcus/repos/BugsInPy/framework/bin/temp/black-9/bad/black/env/lib/python3.8/site-packages/pyflakes/__init__.py
/Users/marcus/repos/BugsInPy/framework/bin/temp/black-9/bad/black/env/lib/python3.8/site-packages/pygments/formatters/__init__.py
/Users/marcus/repos/BugsInPy/framework/bin/temp/black-9/bad/black/env/lib/python3.8/site-packages/pygments/__init__.py
/Users/marcus/repos/BugsInPy/framework/bin/temp/black-9/bad/black/env/lib/python3.8/site-packages/pyflakes/test/__init__.py
/Users/marcus/repos/BugsInPy/framework/bin/temp/black-9/bad/black/env/lib/python3.8/site-packages/platformdirs/__init__.py
/Users/marcus/repos/BugsInPy/framework/bin/temp/black-9/bad/black/env/lib/python3.8/site-packages/pkginfo/__init__.py
/Users/marcus/repos/BugsInPy/framework/bin/temp/black-9/bad/black/env/lib/python3.8/site-packages/pkginfo/tests/__init__.py
/Users/marcus/repos/BugsInPy/framework/bin/temp/black-9/bad/black/env/lib/python3.8/site-packages/typed_ast/__init__.py
/Users/marcus/repos/BugsInPy/framework/bin/temp/black-9/bad/black/env/lib/python3.8/site-packages/pygments/lexers/__init__.py
/Users/marcus/repos/BugsInPy/framework/bin/temp/black-9/bad/black/env/lib/python3.8/site-packages/pygments/filters/__init__.py
/Users/marcus/repos/BugsInPy/framework/bin/temp/black-9/bad/black/env/lib/python3.8/site-packages/commonmark/__init__.py
/Users/marcus/repos/BugsInPy/framework/bin/temp/black-9/bad/black/env/lib/python3.8/site-packages/bleach/__init__.py
/Users/marcus/repos/BugsInPy/framework/bin/temp/black-9/bad/black/env/lib/python3.8/site-packages/commonmark/render/__init__.py
/Users/marcus/repos/BugsInPy/framework/bin/temp/black-9/bad/black/env/lib/python3.8/site-packages/commonmark/tests/__init__.py
/Users/marcus/repos/BugsInPy/framework/bin/temp/black-9/bad/black/env/lib/python3.8/site-packages/bleach/_vendor/html5lib/treeadapters/__init__.py
/Users/marcus/repos/BugsInPy/framework/bin/temp/black-9/bad/black/env/lib/python3.8/site-packages/sphinxcontrib/devhelp/__init__.py
/Users/marcus/repos/BugsInPy/framework/bin/temp/black-9/bad/black/env/lib/python3.8/site-packages/bleach/_vendor/html5lib/_trie/__init__.py
/Users/marcus/repos/BugsInPy/framework/bin/temp/black-9/bad/black/env/lib/python3.8/site-packages/bleach/_vendor/html5lib/__init__.py
/Users/marcus/repos/BugsInPy/framework/bin/temp/black-9/bad/black/env/lib/python3.8/site-packages/bleach/_vendor/html5lib/treebuilders/__init__.py
/Users/marcus/repos/BugsInPy/framework/bin/temp/black-9/bad/black/env/lib/python3.8/site-packages/bleach/_vendor/html5lib/treewalkers/__init__.py
/Users/marcus/repos/BugsInPy/framework/bin/temp/black-9/bad/black/env/lib/python3.8/site-packages/bleach/_vendor/html5lib/filters/__init__.py
/Users/marcus/repos/BugsInPy/framework/bin/temp/black-9/bad/black/env/lib/python3.8/site-packages/bleach/_vendor/__init__.py
/Users/marcus/repos/BugsInPy/framework/bin/temp/black-9/bad/black/env/lib/python3.8/site-packages/cryptography/x509/__init__.py
/Users/marcus/repos/BugsInPy/framework/bin/temp/black-9/bad/black/env/lib/python3.8/site-packages/cryptography/__init__.py
/Users/marcus/repos/BugsInPy/framework/bin/temp/black-9/bad/black/env/lib/python3.8/site-packages/tests/interfaces/__init__.py
/Users/marcus/repos/BugsInPy/framework/bin/temp/black-9/bad/black/env/lib/python3.8/site-packages/recommonmark/__init__.py
/Users/marcus/repos/BugsInPy/framework/bin/temp/black-9/bad/black/env/lib/python3.8/site-packages/setuptools_scm/__init__.py
/Users/marcus/repos/BugsInPy/framework/bin/temp/black-9/bad/black/env/lib/python3.8/site-packages/tests/disabling/__init__.py
/Users/marcus/repos/BugsInPy/framework/bin/temp/black-9/bad/black/env/lib/python3.8/site-packages/tests/__init__.py
/Users/marcus/repos/BugsInPy/framework/bin/temp/black-9/bad/black/env/lib/python3.8/site-packages/certifi/__init__.py
/Users/marcus/repos/BugsInPy/framework/bin/temp/black-9/bad/black/env/lib/python3.8/site-packages/cryptography/hazmat/bindings/openssl/__init__.py
/Users/marcus/repos/BugsInPy/framework/bin/temp/black-9/bad/black/env/lib/python3.8/site-packages/cryptography/hazmat/bindings/__init__.py
/Users/marcus/repos/BugsInPy/framework/bin/temp/black-9/bad/black/env/lib/python3.8/site-packages/aiohttp/__init__.py
/Users/marcus/repos/BugsInPy/framework/bin/temp/black-9/bad/black/env/lib/python3.8/site-packages/tests/access/protected/__init__.py
/Users/marcus/repos/BugsInPy/framework/bin/temp/black-9/bad/black/env/lib/python3.8/site-packages/_distutils_hack/__init__.py
/Users/marcus/repos/BugsInPy/framework/bin/temp/black-9/bad/black/env/lib/python3.8/site-packages/async_timeout/__init__.py
/Users/marcus/repos/BugsInPy/framework/bin/temp/black-9/bad/black/env/lib/python3.8/site-packages/webencodings/__init__.py
/Users/marcus/repos/BugsInPy/framework/bin/temp/black-9/bad/black/env/lib/python3.8/site-packages/readme_renderer/__init__.py
/Users/marcus/repos/BugsInPy/framework/bin/temp/black-9/bad/black/env/lib/python3.8/site-packages/secretstorage/__init__.py
/Users/marcus/repos/BugsInPy/framework/bin/temp/black-9/bad/black/env/lib/python3.8/site-packages/cffi/__init__.py
/Users/marcus/repos/BugsInPy/framework/bin/temp/black-9/bad/black/env/lib/python3.8/site-packages/tests/access/private/__init__.py
/Users/marcus/repos/BugsInPy/framework/bin/temp/black-9/bad/black/env/lib/python3.8/site-packages/tests/access/__init__.py
/Users/marcus/repos/BugsInPy/framework/bin/temp/black-9/bad/black/env/lib/python3.8/site-packages/tomli/__init__.py

Calling tool: grepTool
import pygram|from blib2to3.* import pygram|pygram =
Matched content:
/Users/marcus/repos/BugsInPy/framework/bin/temp/black-9/bad/black/black.py.original:46:from blib2to3 import pygram, pytree
/Users/marcus/repos/BugsInPy/framework/bin/temp/black-9/bad/black/black.py:46:from blib2to3 import pygram, pytree
/Users/marcus/repos/BugsInPy/framework/bin/temp/black-9/bad/black/env/src/black/black.py:46:from blib2to3 import pygram, pytree

Calling tool: globTool
**/black/__init__.py
No files found. Call Project Search tool again with a more generic glob.

Calling tool: globTool
**/black.py
Matched files:
/Users/marcus/repos/BugsInPy/framework/bin/temp/black-9/bad/black/env/src/black/black.py
/Users/marcus/repos/BugsInPy/framework/bin/temp/black-9/bad/black/black.py

Calling tool: createTodo
Todo List Created
Todo List (10 items):
- [ ] Verify that `black.py:get_grammars()` logic was updated: when all target versions are NOT Python 2 (`all(not version.is_python2() for version in target_versions)`), it returns only `[pygram.python_grammar_no_print_statement_no_exec_statement, pygram.python_grammar_no_print_statement]` and does not include `pygram.python_grammar`. (ID: todo-1)
- [ ] Verify that in `black.py:get_grammars()`, when ANY Python 2 target version is present (the `else` branch), it returns `[pygram.python_grammar_no_print_statement]` instead of `[pygram.python_grammar]`. (ID: todo-2)
- [ ] Confirm the explanatory comment in `black.py:get_grammars()` accurately states: "Python 3-compatible code, so don't try Python 2 grammar" and reflects the new behavior (previous misleading wording removed). (ID: todo-3)
- [ ] Confirm that the global `GRAMMARS` list in `black.py` remains `[pygram.python_grammar_no_print_statement_no_exec_statement, pygram.python_grammar_no_print_statement, pygram.python_grammar]`, preserving default parse fallback order when no target versions are specified. (ID: todo-4)
- [ ] Verify that `lib2to3_parse()` in `black.py` calls `get_grammars(set(target_versions))` and iterates grammars in the returned order, attempting to parse and falling back on `ParseError` until exhaustion (raising `InvalidInput` only after all grammars fail). (ID: todo-5)
- [ ] Verify that `TargetVersion.is_python2()` in `black.py` returns `True` only for `TargetVersion.PY27`, ensuring the conditional in `get_grammars()` correctly categorizes Python 2 targets. (ID: todo-6)
- [ ] Check that `blib2to3.pygram` provides `python_grammar_no_print_statement_no_exec_statement` and `python_grammar_no_print_statement` and that they are imported via `from blib2to3 import pygram` in `black.py` (no missing imports or typos). (ID: todo-7)
- [ ] Validate that the test `tests/test_black.py::BlackTestCase::test_python2_print_function` constructs a `FileMode` with `target_versions={black.TargetVersion.PY27}` and formats the input using `fs(source, mode=mode)`. (ID: todo-8)
- [ ] Inspect `tests/data/python2_print_function.py` to confirm the input includes `from __future__ import print_function` and `print(...)` calls (including unicode literal and file= keyword), and that the expected output has no space between `print` and `(` and only normalizes quotes. (ID: todo-9)
- [ ] Ensure that no other parts of the code override or bypass `get_grammars()` for parsing (e.g., direct `pygram.python_grammar` use in the parse path), so the fix applies to parsing for the given mode. (ID: todo-10)


=== PHASE 1 COMPLETE ===

=== PHASE 2: VALIDATION ===

Validating todo item 1 of 10
description: 'Verify that `black.py:get_grammars()` logic was updated: when all target versions are NOT Python 2 (`all(not version.is_python2() for version in target_versions)`), it returns only `[pygram.python_grammar_no_print_statement_no_exec_statement, pygram.python_grammar_no_print_statement]` and does not include `pygram.python_grammar`.'
[ "rg", "--no-heading", "--line-number", "--ignore-file", ".rgignore", "def get_grammars\\(",
  "/Users/marcus/repos/BugsInPy/framework/bin/temp/black-9/bad/black"
]
Calling tool: grepTool
def get_grammars\(
Matched content:
/Users/marcus/repos/BugsInPy/framework/bin/temp/black-9/bad/black/black.py.original:725:def get_grammars(target_versions: Set[TargetVersion]) -> List[Grammar]:
/Users/marcus/repos/BugsInPy/framework/bin/temp/black-9/bad/black/black.py:725:def get_grammars(target_versions: Set[TargetVersion]) -> List[Grammar]:
/Users/marcus/repos/BugsInPy/framework/bin/temp/black-9/bad/black/env/src/black/black.py:725:def get_grammars(target_versions: Set[TargetVersion]) -> List[Grammar]:

Calling tool: readTool
/Users/marcus/repos/BugsInPy/framework/bin/temp/black-9/bad/black/black.py
700:
701:def decode_bytes(src: bytes) -> Tuple[FileContent, Encoding, NewLine]:
702:    """Return a tuple of (decoded_contents, encoding, newline).
703:
704:    `newline` is either CRLF or LF but `decoded_contents` is decoded with
705:    universal newlines (i.e. only contains LF).
706:    """
707:    srcbuf = io.BytesIO(src)
708:    encoding, lines = tokenize.detect_encoding(srcbuf.readline)
709:    if not lines:
710:        return "", encoding, "\n"
711:
712:    newline = "\r\n" if b"\r\n" == lines[0][-2:] else "\n"
713:    srcbuf.seek(0)
714:    with io.TextIOWrapper(srcbuf, encoding) as tiow:
715:        return tiow.read(), encoding, newline
716:
717:
718:GRAMMARS = [
719:    pygram.python_grammar_no_print_statement_no_exec_statement,
720:    pygram.python_grammar_no_print_statement,
721:    pygram.python_grammar,
722:]
723:
724:
725:def get_grammars(target_versions: Set[TargetVersion]) -> List[Grammar]:
726:    if not target_versions:
727:        return GRAMMARS
728:    elif all(not version.is_python2() for version in target_versions):
729:        # Python 3-compatible code, so don't try Python 2 grammar
730:        return [
731:            pygram.python_grammar_no_print_statement_no_exec_statement,
732:            pygram.python_grammar_no_print_statement,
733:        ]
734:    else:
735:        return [pygram.python_grammar_no_print_statement]
736:
737:
738:def lib2to3_parse(src_txt: str, target_versions: Iterable[TargetVersion] = ()) -> Node:
739:    """Given a string with source, return the lib2to3 Node."""
740:    if src_txt[-1:] != "\n":
741:        src_txt += "\n"
742:
743:    for grammar in get_grammars(set(target_versions)):
744:        drv = driver.Driver(grammar, pytree.convert)
745:        try:
746:            result = drv.parse_string(src_txt, True)
747:            break
748:
749:        except ParseError as pe:
750:            lineno, column = pe.context[1]
751:            lines = src_txt.splitlines()
752:            try:
753:                faulty_line = lines[lineno - 1]
754:            except IndexError:
755:                faulty_line = "<line number missing in source>"
756:            exc = InvalidInput(f"Cannot parse: {lineno}:{column}: {faulty_line}")
757:    else:
758:        raise exc from None
759:
760:    if isinstance(result, Leaf):
761:        result = Node(syms.file_input, [result])
762:    return result
763:
764:
765:def lib2to3_unparse(node: Node) -> str:
766:    """Given a lib2to3 node, return its string representation."""
767:    code = str(node)
768:    return code
769:
770:
771:T = TypeVar("T")
772:
773:
774:class Visitor(Generic[T]):
775:    """Basic lib2to3 visitor that yields things of type `T` on `visit()`."""
776:
777:    def visit(self, node: LN) -> Iterator[T]:
778:        """Main method to visit `node` and its children.
779:

Calling tool: readTool
/Users/marcus/repos/BugsInPy/framework/bin/temp/black-9/bad/black/black.py.original
718:GRAMMARS = [
719:    pygram.python_grammar_no_print_statement_no_exec_statement,
720:    pygram.python_grammar_no_print_statement,
721:    pygram.python_grammar,
722:]
723:
724:
725:def get_grammars(target_versions: Set[TargetVersion]) -> List[Grammar]:
726:    if not target_versions:
727:        return GRAMMARS
728:    elif all(not version.is_python2() for version in target_versions):
729:        # Python 2-compatible code, so don't try Python 3 grammar.
730:        return [
731:            pygram.python_grammar_no_print_statement_no_exec_statement,
732:            pygram.python_grammar_no_print_statement,
733:        ]
734:    else:
735:        return [pygram.python_grammar]
736:
737:
738:def lib2to3_parse(src_txt: str, target_versions: Iterable[TargetVersion] = ()) -> Node:
739:    """Given a string with source, return the lib2to3 Node."""
740:    if src_txt[-1:] != "\n":
741:        src_txt += "\n"
742:
743:    for grammar in get_grammars(set(target_versions)):
744:        drv = driver.Driver(grammar, pytree.convert)
745:        try:
746:            result = drv.parse_string(src_txt, True)
747:            break

Calling tool: updateTodo
Todo Item Completed
Todo item was marked as CORRECT
Reason: In black.py:get_grammars(), the branch for all target versions not Python 2 now returns only [pygram.python_grammar_no_print_statement_no_exec_statement, pygram.python_grammar_no_print_statement] and excludes pygram.python_grammar, matching the todo. Verified at lines 725-735 of black.py.


Todo item 1 of 10 is correct
description: 'Verify that `black.py:get_grammars()` logic was updated: when all target versions are NOT Python 2 (`all(not version.is_python2() for version in target_versions)`), it returns only `[pygram.python_grammar_no_print_statement_no_exec_statement, pygram.python_grammar_no_print_statement]` and does not include `pygram.python_grammar`.'
Validating todo item 2 of 10
description: 'Verify that in `black.py:get_grammars()`, when ANY Python 2 target version is present (the `else` branch), it returns `[pygram.python_grammar_no_print_statement]` instead of `[pygram.python_grammar]`.'
[ "rg", "--no-heading", "--line-number", "--ignore-file", ".rgignore", "def get_grammars\\(",
  "/Users/marcus/repos/BugsInPy/framework/bin/temp/black-9/bad/black"
]
Calling tool: grepTool
def get_grammars\(
Matched content:
/Users/marcus/repos/BugsInPy/framework/bin/temp/black-9/bad/black/black.py.original:725:def get_grammars(target_versions: Set[TargetVersion]) -> List[Grammar]:
/Users/marcus/repos/BugsInPy/framework/bin/temp/black-9/bad/black/black.py:725:def get_grammars(target_versions: Set[TargetVersion]) -> List[Grammar]:
/Users/marcus/repos/BugsInPy/framework/bin/temp/black-9/bad/black/env/src/black/black.py:725:def get_grammars(target_versions: Set[TargetVersion]) -> List[Grammar]:

Calling tool: readTool
/Users/marcus/repos/BugsInPy/framework/bin/temp/black-9/bad/black/black.py
710:        return "", encoding, "\n"
711:
712:    newline = "\r\n" if b"\r\n" == lines[0][-2:] else "\n"
713:    srcbuf.seek(0)
714:    with io.TextIOWrapper(srcbuf, encoding) as tiow:
715:        return tiow.read(), encoding, newline
716:
717:
718:GRAMMARS = [
719:    pygram.python_grammar_no_print_statement_no_exec_statement,
720:    pygram.python_grammar_no_print_statement,
721:    pygram.python_grammar,
722:]
723:
724:
725:def get_grammars(target_versions: Set[TargetVersion]) -> List[Grammar]:
726:    if not target_versions:
727:        return GRAMMARS
728:    elif all(not version.is_python2() for version in target_versions):
729:        # Python 3-compatible code, so don't try Python 2 grammar
730:        return [
731:            pygram.python_grammar_no_print_statement_no_exec_statement,
732:            pygram.python_grammar_no_print_statement,
733:        ]
734:    else:
735:        return [pygram.python_grammar_no_print_statement]
736:
737:
738:def lib2to3_parse(src_txt: str, target_versions: Iterable[TargetVersion] = ()) -> Node:
739:    """Given a string with source, return the lib2to3 Node."""
740:    if src_txt[-1:] != "\n":
741:        src_txt += "\n"
742:
743:    for grammar in get_grammars(set(target_versions)):
744:        drv = driver.Driver(grammar, pytree.convert)
745:        try:
746:            result = drv.parse_string(src_txt, True)
747:            break
748:
749:        except ParseError as pe:
750:            lineno, column = pe.context[1]
751:            lines = src_txt.splitlines()
752:            try:
753:                faulty_line = lines[lineno - 1]
754:            except IndexError:
755:                faulty_line = "<line number missing in source>"
756:            exc = InvalidInput(f"Cannot parse: {lineno}:{column}: {faulty_line}")
757:    else:
758:        raise exc from None
759:
760:    if isinstance(result, Leaf):
761:        result = Node(syms.file_input, [result])
762:    return result
763:
764:
765:def lib2to3_unparse(node: Node) -> str:
766:    """Given a lib2to3 node, return its string representation."""
767:    code = str(node)
768:    return code
769:
770:
771:T = TypeVar("T")
772:
773:
774:class Visitor(Generic[T]):
775:    """Basic lib2to3 visitor that yields things of type `T` on `visit()`."""
776:
777:    def visit(self, node: LN) -> Iterator[T]:
778:        """Main method to visit `node` and its children.
779:
780:        It tries to find a `visit_*()` method for the given `node.type`, like
781:        `visit_simple_stmt` for Node objects or `visit_INDENT` for Leaf objects.
782:        If no dedicated `visit_*()` method is found, chooses `visit_default()`
783:        instead.
784:
785:        Then yields objects of type `T` from the selected visitor.
786:        """
787:        if node.type < 256:
788:            name = token.tok_name[node.type]
789:        else:

Calling tool: readTool
/Users/marcus/repos/BugsInPy/framework/bin/temp/black-9/bad/black/env/src/black/black.py
718:GRAMMARS = [
719:    pygram.python_grammar_no_print_statement_no_exec_statement,
720:    pygram.python_grammar_no_print_statement,
721:    pygram.python_grammar,
722:]
723:
724:
725:def get_grammars(target_versions: Set[TargetVersion]) -> List[Grammar]:
726:    if not target_versions:
727:        return GRAMMARS
728:    elif all(not version.is_python2() for version in target_versions):
729:        # Python 2-compatible code, so don't try Python 3 grammar.
730:        return [
731:            pygram.python_grammar_no_print_statement_no_exec_statement,
732:            pygram.python_grammar_no_print_statement,
733:        ]
734:    else:
735:        return [pygram.python_grammar]
736:
737:
738:def lib2to3_parse(src_txt: str, target_versions: Iterable[TargetVersion] = ()) -> Node:
739:    """Given a string with source, return the lib2to3 Node."""
740:    if src_txt[-1:] != "\n":
741:        src_txt += "\n"
742:
743:    for grammar in get_grammars(set(target_versions)):
744:        drv = driver.Driver(grammar, pytree.convert)
745:        try:
746:            result = drv.parse_string(src_txt, True)
747:            break

Calling tool: updateTodo
Todo Item Completed
Todo item was marked as CORRECT
Reason: In black/black.py:get_grammars(), the else branch (when any Python 2 target is present) now returns [pygram.python_grammar_no_print_statement] as seen on lines 734-735. The condition uses all(not version.is_python2() ...) so any Python 2 version triggers this else branch, satisfying the requirement.


Todo item 2 of 10 is correct
description: 'Verify that in `black.py:get_grammars()`, when ANY Python 2 target version is present (the `else` branch), it returns `[pygram.python_grammar_no_print_statement]` instead of `[pygram.python_grammar]`.'
Validating todo item 3 of 10
description: 'Confirm the explanatory comment in `black.py:get_grammars()` accurately states: "Python 3-compatible code, so don't try Python 2 grammar" and reflects the new behavior (previous misleading wording removed).'
[ "rg", "--no-heading", "--line-number", "--ignore-file", ".rgignore", "def get_grammars\\(",
  "/Users/marcus/repos/BugsInPy/framework/bin/temp/black-9/bad/black"
]
Calling tool: grepTool
def get_grammars\(
Matched content:
/Users/marcus/repos/BugsInPy/framework/bin/temp/black-9/bad/black/black.py.original:725:def get_grammars(target_versions: Set[TargetVersion]) -> List[Grammar]:
/Users/marcus/repos/BugsInPy/framework/bin/temp/black-9/bad/black/black.py:725:def get_grammars(target_versions: Set[TargetVersion]) -> List[Grammar]:
/Users/marcus/repos/BugsInPy/framework/bin/temp/black-9/bad/black/env/src/black/black.py:725:def get_grammars(target_versions: Set[TargetVersion]) -> List[Grammar]:

Calling tool: readTool
/Users/marcus/repos/BugsInPy/framework/bin/temp/black-9/bad/black/black.py
720:    pygram.python_grammar_no_print_statement,
721:    pygram.python_grammar,
722:]
723:
724:
725:def get_grammars(target_versions: Set[TargetVersion]) -> List[Grammar]:
726:    if not target_versions:
727:        return GRAMMARS
728:    elif all(not version.is_python2() for version in target_versions):
729:        # Python 3-compatible code, so don't try Python 2 grammar
730:        return [
731:            pygram.python_grammar_no_print_statement_no_exec_statement,
732:            pygram.python_grammar_no_print_statement,
733:        ]
734:    else:
735:        return [pygram.python_grammar_no_print_statement]
736:
737:
738:def lib2to3_parse(src_txt: str, target_versions: Iterable[TargetVersion] = ()) -> Node:
739:    """Given a string with source, return the lib2to3 Node."""
740:    if src_txt[-1:] != "\n":
741:        src_txt += "\n"
742:
743:    for grammar in get_grammars(set(target_versions)):
744:        drv = driver.Driver(grammar, pytree.convert)
745:        try:
746:            result = drv.parse_string(src_txt, True)
747:            break
748:
749:        except ParseError as pe:
750:            lineno, column = pe.context[1]
751:            lines = src_txt.splitlines()
752:            try:
753:                faulty_line = lines[lineno - 1]
754:            except IndexError:
755:                faulty_line = "<line number missing in source>"
756:            exc = InvalidInput(f"Cannot parse: {lineno}:{column}: {faulty_line}")
757:    else:
758:        raise exc from None
759:
760:    if isinstance(result, Leaf):
761:        result = Node(syms.file_input, [result])
762:    return result
763:
764:
765:def lib2to3_unparse(node: Node) -> str:
766:    """Given a lib2to3 node, return its string representation."""
767:    code = str(node)
768:    return code
769:
770:
771:T = TypeVar("T")
772:
773:
774:class Visitor(Generic[T]):
775:    """Basic lib2to3 visitor that yields things of type `T` on `visit()`."""
776:
777:    def visit(self, node: LN) -> Iterator[T]:
778:        """Main method to visit `node` and its children.
779:
780:        It tries to find a `visit_*()` method for the given `node.type`, like
781:        `visit_simple_stmt` for Node objects or `visit_INDENT` for Leaf objects.
782:        If no dedicated `visit_*()` method is found, chooses `visit_default()`
783:        instead.
784:
785:        Then yields objects of type `T` from the selected visitor.
786:        """
787:        if node.type < 256:
788:            name = token.tok_name[node.type]
789:        else:
790:            name = type_repr(node.type)
791:        yield from getattr(self, f"visit_{name}", self.visit_default)(node)
792:
793:    def visit_default(self, node: LN) -> Iterator[T]:
794:        """Default `visit_*()` implementation. Recurses to children of `node`."""
795:        if isinstance(node, Node):
796:            for child in node.children:
797:                yield from self.visit(child)
798:
799:

Calling tool: readTool
/Users/marcus/repos/BugsInPy/framework/bin/temp/black-9/bad/black/env/src/black/black.py
720:    pygram.python_grammar_no_print_statement,
721:    pygram.python_grammar,
722:]
723:
724:
725:def get_grammars(target_versions: Set[TargetVersion]) -> List[Grammar]:
726:    if not target_versions:
727:        return GRAMMARS
728:    elif all(not version.is_python2() for version in target_versions):
729:        # Python 2-compatible code, so don't try Python 3 grammar.
730:        return [
731:            pygram.python_grammar_no_print_statement_no_exec_statement,
732:            pygram.python_grammar_no_print_statement,
733:        ]
734:    else:
735:        return [pygram.python_grammar]
736:
737:
738:def lib2to3_parse(src_txt: str, target_versions: Iterable[TargetVersion] = ()) -> Node:
739:    """Given a string with source, return the lib2to3 Node."""
740:    if src_txt[-1:] != "\n":
741:        src_txt += "\n"
742:
743:    for grammar in get_grammars(set(target_versions)):
744:        drv = driver.Driver(grammar, pytree.convert)
745:        try:
746:            result = drv.parse_string(src_txt, True)
747:            break
748:
749:        except ParseError as pe:

Calling tool: updateTodo
Todo Item Completed
Todo item was marked as CORRECT
Reason: Inspected black.py:get_grammars(). At line 729 the comment now reads “Python 3-compatible code, so don't try Python 2 grammar” and the implementation returns the no_print/no_exec grammars accordingly, matching the new behavior and removing the previous misleading wording.


Todo item 3 of 10 is correct
description: 'Confirm the explanatory comment in `black.py:get_grammars()` accurately states: "Python 3-compatible code, so don't try Python 2 grammar" and reflects the new behavior (previous misleading wording removed).'
Validating todo item 4 of 10
description: 'Confirm that the global `GRAMMARS` list in `black.py` remains `[pygram.python_grammar_no_print_statement_no_exec_statement, pygram.python_grammar_no_print_statement, pygram.python_grammar]`, preserving default parse fallback order when no target versions are specified.'
[ "rg", "--no-heading", "--line-number", "--ignore-file", ".rgignore", "\\bGRAMMARS\\b", "/Users/marcus/repos/BugsInPy/framework/bin/temp/black-9/bad/black" ]
Calling tool: grepTool
\bGRAMMARS\b
Matched content:
/Users/marcus/repos/BugsInPy/framework/bin/temp/black-9/bad/black/black.py.original:718:GRAMMARS = [
/Users/marcus/repos/BugsInPy/framework/bin/temp/black-9/bad/black/black.py.original:727:        return GRAMMARS
/Users/marcus/repos/BugsInPy/framework/bin/temp/black-9/bad/black/black.py:718:GRAMMARS = [
/Users/marcus/repos/BugsInPy/framework/bin/temp/black-9/bad/black/black.py:727:        return GRAMMARS
/Users/marcus/repos/BugsInPy/framework/bin/temp/black-9/bad/black/env/src/black/black.py:718:GRAMMARS = [
/Users/marcus/repos/BugsInPy/framework/bin/temp/black-9/bad/black/env/src/black/black.py:727:        return GRAMMARS

Calling tool: readTool
/Users/marcus/repos/BugsInPy/framework/bin/temp/black-9/bad/black/black.py
710:        return "", encoding, "\n"
711:
712:    newline = "\r\n" if b"\r\n" == lines[0][-2:] else "\n"
713:    srcbuf.seek(0)
714:    with io.TextIOWrapper(srcbuf, encoding) as tiow:
715:        return tiow.read(), encoding, newline
716:
717:
718:GRAMMARS = [
719:    pygram.python_grammar_no_print_statement_no_exec_statement,
720:    pygram.python_grammar_no_print_statement,
721:    pygram.python_grammar,
722:]
723:
724:
725:def get_grammars(target_versions: Set[TargetVersion]) -> List[Grammar]:
726:    if not target_versions:
727:        return GRAMMARS
728:    elif all(not version.is_python2() for version in target_versions):
729:        # Python 3-compatible code, so don't try Python 2 grammar
730:        return [
731:            pygram.python_grammar_no_print_statement_no_exec_statement,
732:            pygram.python_grammar_no_print_statement,
733:        ]
734:    else:
735:        return [pygram.python_grammar_no_print_statement]
736:
737:
738:def lib2to3_parse(src_txt: str, target_versions: Iterable[TargetVersion] = ()) -> Node:
739:    """Given a string with source, return the lib2to3 Node."""
740:    if src_txt[-1:] != "\n":
741:        src_txt += "\n"
742:
743:    for grammar in get_grammars(set(target_versions)):
744:        drv = driver.Driver(grammar, pytree.convert)
745:        try:
746:            result = drv.parse_string(src_txt, True)
747:            break
748:
749:        except ParseError as pe:

Calling tool: updateTodo
Todo Item Completed
Todo item was marked as CORRECT
Reason: Searched and read black.py around the GRAMMARS definition. The list is defined as [pygram.python_grammar_no_print_statement_no_exec_statement, pygram.python_grammar_no_print_statement, pygram.python_grammar] and get_grammars returns this when no target versions are specified, preserving the default fallback order.


Todo item 4 of 10 is correct
description: 'Confirm that the global `GRAMMARS` list in `black.py` remains `[pygram.python_grammar_no_print_statement_no_exec_statement, pygram.python_grammar_no_print_statement, pygram.python_grammar]`, preserving default parse fallback order when no target versions are specified.'
Validating todo item 5 of 10
description: 'Verify that `lib2to3_parse()` in `black.py` calls `get_grammars(set(target_versions))` and iterates grammars in the returned order, attempting to parse and falling back on `ParseError` until exhaustion (raising `InvalidInput` only after all grammars fail).'
[ "rg", "--no-heading", "--line-number", "--ignore-file", ".rgignore", "def lib2to3_parse\\(",
  "/Users/marcus/repos/BugsInPy/framework/bin/temp/black-9/bad/black"
]
Calling tool: grepTool
def lib2to3_parse\(
Matched content:
/Users/marcus/repos/BugsInPy/framework/bin/temp/black-9/bad/black/black.py.original:738:def lib2to3_parse(src_txt: str, target_versions: Iterable[TargetVersion] = ()) -> Node:
/Users/marcus/repos/BugsInPy/framework/bin/temp/black-9/bad/black/env/src/black/black.py:738:def lib2to3_parse(src_txt: str, target_versions: Iterable[TargetVersion] = ()) -> Node:
/Users/marcus/repos/BugsInPy/framework/bin/temp/black-9/bad/black/black.py:738:def lib2to3_parse(src_txt: str, target_versions: Iterable[TargetVersion] = ()) -> Node:

Calling tool: readTool
/Users/marcus/repos/BugsInPy/framework/bin/temp/black-9/bad/black/black.py
700:
701:def decode_bytes(src: bytes) -> Tuple[FileContent, Encoding, NewLine]:
702:    """Return a tuple of (decoded_contents, encoding, newline).
703:
704:    `newline` is either CRLF or LF but `decoded_contents` is decoded with
705:    universal newlines (i.e. only contains LF).
706:    """
707:    srcbuf = io.BytesIO(src)
708:    encoding, lines = tokenize.detect_encoding(srcbuf.readline)
709:    if not lines:
710:        return "", encoding, "\n"
711:
712:    newline = "\r\n" if b"\r\n" == lines[0][-2:] else "\n"
713:    srcbuf.seek(0)
714:    with io.TextIOWrapper(srcbuf, encoding) as tiow:
715:        return tiow.read(), encoding, newline
716:
717:
718:GRAMMARS = [
719:    pygram.python_grammar_no_print_statement_no_exec_statement,
720:    pygram.python_grammar_no_print_statement,
721:    pygram.python_grammar,
722:]
723:
724:
725:def get_grammars(target_versions: Set[TargetVersion]) -> List[Grammar]:
726:    if not target_versions:
727:        return GRAMMARS
728:    elif all(not version.is_python2() for version in target_versions):
729:        # Python 3-compatible code, so don't try Python 2 grammar
730:        return [
731:            pygram.python_grammar_no_print_statement_no_exec_statement,
732:            pygram.python_grammar_no_print_statement,
733:        ]
734:    else:
735:        return [pygram.python_grammar_no_print_statement]
736:
737:
738:def lib2to3_parse(src_txt: str, target_versions: Iterable[TargetVersion] = ()) -> Node:
739:    """Given a string with source, return the lib2to3 Node."""
740:    if src_txt[-1:] != "\n":
741:        src_txt += "\n"
742:
743:    for grammar in get_grammars(set(target_versions)):
744:        drv = driver.Driver(grammar, pytree.convert)
745:        try:
746:            result = drv.parse_string(src_txt, True)
747:            break
748:
749:        except ParseError as pe:
750:            lineno, column = pe.context[1]
751:            lines = src_txt.splitlines()
752:            try:
753:                faulty_line = lines[lineno - 1]
754:            except IndexError:
755:                faulty_line = "<line number missing in source>"
756:            exc = InvalidInput(f"Cannot parse: {lineno}:{column}: {faulty_line}")
757:    else:
758:        raise exc from None
759:
760:    if isinstance(result, Leaf):
761:        result = Node(syms.file_input, [result])
762:    return result
763:
764:
765:def lib2to3_unparse(node: Node) -> str:
766:    """Given a lib2to3 node, return its string representation."""
767:    code = str(node)
768:    return code
769:
770:
771:T = TypeVar("T")
772:
773:
774:class Visitor(Generic[T]):
775:    """Basic lib2to3 visitor that yields things of type `T` on `visit()`."""
776:
777:    def visit(self, node: LN) -> Iterator[T]:
778:        """Main method to visit `node` and its children.
779:
780:        It tries to find a `visit_*()` method for the given `node.type`, like
781:        `visit_simple_stmt` for Node objects or `visit_INDENT` for Leaf objects.
782:        If no dedicated `visit_*()` method is found, chooses `visit_default()`
783:        instead.
784:
785:        Then yields objects of type `T` from the selected visitor.
786:        """
787:        if node.type < 256:
788:            name = token.tok_name[node.type]
789:        else:
790:            name = type_repr(node.type)
791:        yield from getattr(self, f"visit_{name}", self.visit_default)(node)
792:
793:    def visit_default(self, node: LN) -> Iterator[T]:
794:        """Default `visit_*()` implementation. Recurses to children of `node`."""
795:        if isinstance(node, Node):
796:            for child in node.children:
797:                yield from self.visit(child)
798:
799:
800:@dataclass
801:class DebugVisitor(Visitor[T]):
802:    tree_depth: int = 0
803:
804:    def visit_default(self, node: LN) -> Iterator[T]:
805:        indent = " " * (2 * self.tree_depth)
806:        if isinstance(node, Node):
807:            _type = type_repr(node.type)
808:            out(f"{indent}{_type}", fg="yellow")
809:            self.tree_depth += 1
810:            for child in node.children:
811:                yield from self.visit(child)
812:
813:            self.tree_depth -= 1
814:            out(f"{indent}/{_type}", fg="yellow", bold=False)
815:        else:
816:            _type = token.tok_name.get(node.type, str(node.type))
817:            out(f"{indent}{_type}", fg="blue", nl=False)
818:            if node.prefix:
819:                # We don't have to handle prefixes for `Node` objects since

Calling tool: readTool
/Users/marcus/repos/BugsInPy/framework/bin/temp/black-9/bad/black/env/src/black/black.py
700:
701:def decode_bytes(src: bytes) -> Tuple[FileContent, Encoding, NewLine]:
702:    """Return a tuple of (decoded_contents, encoding, newline).
703:
704:    `newline` is either CRLF or LF but `decoded_contents` is decoded with
705:    universal newlines (i.e. only contains LF).
706:    """
707:    srcbuf = io.BytesIO(src)
708:    encoding, lines = tokenize.detect_encoding(srcbuf.readline)
709:    if not lines:
710:        return "", encoding, "\n"
711:
712:    newline = "\r\n" if b"\r\n" == lines[0][-2:] else "\n"
713:    srcbuf.seek(0)
714:    with io.TextIOWrapper(srcbuf, encoding) as tiow:
715:        return tiow.read(), encoding, newline
716:
717:
718:GRAMMARS = [
719:    pygram.python_grammar_no_print_statement_no_exec_statement,
720:    pygram.python_grammar_no_print_statement,
721:    pygram.python_grammar,
722:]
723:
724:
725:def get_grammars(target_versions: Set[TargetVersion]) -> List[Grammar]:
726:    if not target_versions:
727:        return GRAMMARS
728:    elif all(not version.is_python2() for version in target_versions):
729:        # Python 2-compatible code, so don't try Python 3 grammar.
730:        return [
731:            pygram.python_grammar_no_print_statement_no_exec_statement,
732:            pygram.python_grammar_no_print_statement,
733:        ]
734:    else:
735:        return [pygram.python_grammar]
736:
737:
738:def lib2to3_parse(src_txt: str, target_versions: Iterable[TargetVersion] = ()) -> Node:
739:    """Given a string with source, return the lib2to3 Node."""
740:    if src_txt[-1:] != "\n":
741:        src_txt += "\n"
742:
743:    for grammar in get_grammars(set(target_versions)):
744:        drv = driver.Driver(grammar, pytree.convert)
745:        try:
746:            result = drv.parse_string(src_txt, True)
747:            break
748:
749:        except ParseError as pe:
750:            lineno, column = pe.context[1]
751:            lines = src_txt.splitlines()
752:            try:
753:                faulty_line = lines[lineno - 1]
754:            except IndexError:
755:                faulty_line = "<line number missing in source>"
756:            exc = InvalidInput(f"Cannot parse: {lineno}:{column}: {faulty_line}")
757:    else:
758:        raise exc from None
759:
760:    if isinstance(result, Leaf):
761:        result = Node(syms.file_input, [result])
762:    return result
763:
764:
765:def lib2to3_unparse(node: Node) -> str:
766:    """Given a lib2to3 node, return its string representation."""
767:    code = str(node)
768:    return code
769:
770:
771:T = TypeVar("T")
772:
773:
774:class Visitor(Generic[T]):
775:    """Basic lib2to3 visitor that yields things of type `T` on `visit()`."""
776:
777:    def visit(self, node: LN) -> Iterator[T]:
778:        """Main method to visit `node` and its children.
779:
780:        It tries to find a `visit_*()` method for the given `node.type`, like
781:        `visit_simple_stmt` for Node objects or `visit_INDENT` for Leaf objects.
782:        If no dedicated `visit_*()` method is found, chooses `visit_default()`
783:        instead.
784:
785:        Then yields objects of type `T` from the selected visitor.
786:        """
787:        if node.type < 256:
788:            name = token.tok_name[node.type]
789:        else:
790:            name = type_repr(node.type)
791:        yield from getattr(self, f"visit_{name}", self.visit_default)(node)
792:
793:    def visit_default(self, node: LN) -> Iterator[T]:
794:        """Default `visit_*()` implementation. Recurses to children of `node`."""
795:        if isinstance(node, Node):
796:            for child in node.children:
797:                yield from self.visit(child)
798:
799:
800:@dataclass
801:class DebugVisitor(Visitor[T]):
802:    tree_depth: int = 0
803:
804:    def visit_default(self, node: LN) -> Iterator[T]:
805:        indent = " " * (2 * self.tree_depth)
806:        if isinstance(node, Node):
807:            _type = type_repr(node.type)
808:            out(f"{indent}{_type}", fg="yellow")
809:            self.tree_depth += 1
810:            for child in node.children:
811:                yield from self.visit(child)
812:
813:            self.tree_depth -= 1
814:            out(f"{indent}/{_type}", fg="yellow", bold=False)
815:        else:
816:            _type = token.tok_name.get(node.type, str(node.type))
817:            out(f"{indent}{_type}", fg="blue", nl=False)
818:            if node.prefix:
819:                # We don't have to handle prefixes for `Node` objects since

Calling tool: updateTodo
Todo Item Completed
Todo item was marked as CORRECT
Reason: In black.py, lib2to3_parse calls get_grammars(set(target_versions)) and iterates the returned grammars in order, attempting parse and breaking on success; on ParseError it records the error and continues, and only raises InvalidInput after the loop via the for-else block.


Todo item 5 of 10 is correct
description: 'Verify that `lib2to3_parse()` in `black.py` calls `get_grammars(set(target_versions))` and iterates grammars in the returned order, attempting to parse and falling back on `ParseError` until exhaustion (raising `InvalidInput` only after all grammars fail).'
Validating todo item 6 of 10
description: 'Verify that `TargetVersion.is_python2()` in `black.py` returns `True` only for `TargetVersion.PY27`, ensuring the conditional in `get_grammars()` correctly categorizes Python 2 targets.'
[ "rg", "--no-heading", "--line-number", "--ignore-file", ".rgignore", "class TargetVersion",
  "/Users/marcus/repos/BugsInPy/framework/bin/temp/black-9/bad/black"
]
[ "rg", "--no-heading", "--line-number", "--ignore-file", ".rgignore", "is_python2\\(", "/Users/marcus/repos/BugsInPy/framework/bin/temp/black-9/bad/black" ]
Calling tool: grepTool
class TargetVersion
Matched content:
/Users/marcus/repos/BugsInPy/framework/bin/temp/black-9/bad/black/black.py.original:115:class TargetVersion(Enum):
/Users/marcus/repos/BugsInPy/framework/bin/temp/black-9/bad/black/black.py:115:class TargetVersion(Enum):
/Users/marcus/repos/BugsInPy/framework/bin/temp/black-9/bad/black/env/src/black/black.py:115:class TargetVersion(Enum):

Calling tool: grepTool
is_python2\(
Matched content:
/Users/marcus/repos/BugsInPy/framework/bin/temp/black-9/bad/black/black.py.original:124:    def is_python2(self) -> bool:
/Users/marcus/repos/BugsInPy/framework/bin/temp/black-9/bad/black/black.py.original:728:    elif all(not version.is_python2() for version in target_versions):
/Users/marcus/repos/BugsInPy/framework/bin/temp/black-9/bad/black/black.py:124:    def is_python2(self) -> bool:
/Users/marcus/repos/BugsInPy/framework/bin/temp/black-9/bad/black/black.py:728:    elif all(not version.is_python2() for version in target_versions):
/Users/marcus/repos/BugsInPy/framework/bin/temp/black-9/bad/black/env/src/black/black.py:124:    def is_python2(self) -> bool:
/Users/marcus/repos/BugsInPy/framework/bin/temp/black-9/bad/black/env/src/black/black.py:728:    elif all(not version.is_python2() for version in target_versions):

Calling tool: readTool
/Users/marcus/repos/BugsInPy/framework/bin/temp/black-9/bad/black/black.py
110:    NO = 0
111:    CACHED = 1
112:    YES = 2
113:
114:
115:class TargetVersion(Enum):
116:    PY27 = 2
117:    PY33 = 3
118:    PY34 = 4
119:    PY35 = 5
120:    PY36 = 6
121:    PY37 = 7
122:    PY38 = 8
123:
124:    def is_python2(self) -> bool:
125:        return self is TargetVersion.PY27
126:
127:
128:PY36_VERSIONS = {TargetVersion.PY36, TargetVersion.PY37, TargetVersion.PY38}
129:
130:
131:class Feature(Enum):
132:    # All string literals are unicode
133:    UNICODE_LITERALS = 1
134:    F_STRINGS = 2
135:    NUMERIC_UNDERSCORES = 3
136:    TRAILING_COMMA = 4
137:
138:
139:VERSION_TO_FEATURES: Dict[TargetVersion, Set[Feature]] = {
140:    TargetVersion.PY27: set(),
141:    TargetVersion.PY33: {Feature.UNICODE_LITERALS},
142:    TargetVersion.PY34: {Feature.UNICODE_LITERALS},
143:    TargetVersion.PY35: {Feature.UNICODE_LITERALS, Feature.TRAILING_COMMA},
144:    TargetVersion.PY36: {
145:        Feature.UNICODE_LITERALS,
146:        Feature.F_STRINGS,
147:        Feature.NUMERIC_UNDERSCORES,
148:        Feature.TRAILING_COMMA,
149:    },
150:    TargetVersion.PY37: {
151:        Feature.UNICODE_LITERALS,
152:        Feature.F_STRINGS,
153:        Feature.NUMERIC_UNDERSCORES,
154:        Feature.TRAILING_COMMA,
155:    },
156:    TargetVersion.PY38: {
157:        Feature.UNICODE_LITERALS,
158:        Feature.F_STRINGS,
159:        Feature.NUMERIC_UNDERSCORES,
160:        Feature.TRAILING_COMMA,
161:    },
162:}
163:
164:
165:@dataclass
166:class FileMode:
167:    target_versions: Set[TargetVersion] = Factory(set)
168:    line_length: int = DEFAULT_LINE_LENGTH
169:    string_normalization: bool = True
170:    is_pyi: bool = False
171:
172:    def get_cache_key(self) -> str:
173:        if self.target_versions:
174:            version_str = ",".join(
175:                str(version.value)
176:                for version in sorted(self.target_versions, key=lambda v: v.value)
177:            )
178:        else:
179:            version_str = "-"
180:        parts = [
181:            version_str,
182:            str(self.line_length),
183:            str(int(self.string_normalization)),
184:            str(int(self.is_pyi)),
185:        ]
186:        return ".".join(parts)
187:
188:
189:def supports_feature(target_versions: Set[TargetVersion], feature: Feature) -> bool:

Calling tool: readTool
/Users/marcus/repos/BugsInPy/framework/bin/temp/black-9/bad/black/black.py
720:    pygram.python_grammar_no_print_statement,
721:    pygram.python_grammar,
722:]
723:
724:
725:def get_grammars(target_versions: Set[TargetVersion]) -> List[Grammar]:
726:    if not target_versions:
727:        return GRAMMARS
728:    elif all(not version.is_python2() for version in target_versions):
729:        # Python 3-compatible code, so don't try Python 2 grammar
730:        return [
731:            pygram.python_grammar_no_print_statement_no_exec_statement,
732:            pygram.python_grammar_no_print_statement,
733:        ]
734:    else:
735:        return [pygram.python_grammar_no_print_statement]
736:
737:
738:def lib2to3_parse(src_txt: str, target_versions: Iterable[TargetVersion] = ()) -> Node:
739:    """Given a string with source, return the lib2to3 Node."""
740:    if src_txt[-1:] != "\n":
741:        src_txt += "\n"
742:
743:    for grammar in get_grammars(set(target_versions)):
744:        drv = driver.Driver(grammar, pytree.convert)
745:        try:
746:            result = drv.parse_string(src_txt, True)
747:            break
748:
749:        except ParseError as pe:
750:            lineno, column = pe.context[1]
751:            lines = src_txt.splitlines()
752:            try:
753:                faulty_line = lines[lineno - 1]
754:            except IndexError:
755:                faulty_line = "<line number missing in source>"
756:            exc = InvalidInput(f"Cannot parse: {lineno}:{column}: {faulty_line}")
757:    else:
758:        raise exc from None
759:

Calling tool: updateTodo
Todo Item Completed
Todo item was marked as CORRECT
Reason: In black.py, TargetVersion.is_python2() returns `self is TargetVersion.PY27` (line 124), so it’s True only for PY27. get_grammars() uses `all(not version.is_python2() for version in target_versions)` to detect non-Python 2 targets, thus correctly categorizing Python 2 vs 3.


Todo item 6 of 10 is correct
description: 'Verify that `TargetVersion.is_python2()` in `black.py` returns `True` only for `TargetVersion.PY27`, ensuring the conditional in `get_grammars()` correctly categorizes Python 2 targets.'
Validating todo item 7 of 10
description: 'Check that `blib2to3.pygram` provides `python_grammar_no_print_statement_no_exec_statement` and `python_grammar_no_print_statement` and that they are imported via `from blib2to3 import pygram` in `black.py` (no missing imports or typos).'
[ "rg", "--no-heading", "--line-number", "--ignore-file", ".rgignore", "from blib2to3 import pygram",
  "/Users/marcus/repos/BugsInPy/framework/bin/temp/black-9/bad/black"
]
[ "rg", "--no-heading", "--line-number", "--ignore-file", ".rgignore", "python_grammar_no_print_statement_no_exec_statement|python_grammar_no_print_statement",
  "/Users/marcus/repos/BugsInPy/framework/bin/temp/black-9/bad/black/bad/black"
]
[ "rg", "--no-heading", "--line-number", "--ignore-file", ".rgignore", "python_grammar_no_print_statement_no_exec_statement|python_grammar_no_print_statement",
  "/Users/marcus/repos/BugsInPy/framework/bin/temp/black-9/bad/black"
]
Calling tool: grepTool
from blib2to3 import pygram
Matched content:
/Users/marcus/repos/BugsInPy/framework/bin/temp/black-9/bad/black/black.py.original:46:from blib2to3 import pygram, pytree
/Users/marcus/repos/BugsInPy/framework/bin/temp/black-9/bad/black/black.py:46:from blib2to3 import pygram, pytree
/Users/marcus/repos/BugsInPy/framework/bin/temp/black-9/bad/black/env/src/black/black.py:46:from blib2to3 import pygram, pytree

Calling tool: globTool
**/blib2to3/*pygram*
Matched files:
/Users/marcus/repos/BugsInPy/framework/bin/temp/black-9/bad/black/blib2to3/pygram.pyi
/Users/marcus/repos/BugsInPy/framework/bin/temp/black-9/bad/black/blib2to3/pygram.py
/Users/marcus/repos/BugsInPy/framework/bin/temp/black-9/bad/black/env/src/black/blib2to3/pygram.pyi
/Users/marcus/repos/BugsInPy/framework/bin/temp/black-9/bad/black/env/src/black/blib2to3/pygram.py

Calling tool: grepTool
python_grammar_no_print_statement_no_exec_statement|python_grammar_no_print_statement
Grep command failed with exit code 2: rg: .rgignore: No such file or directory (os error 2)
rg: /Users/marcus/repos/BugsInPy/framework/bin/temp/black-9/bad/black/bad/black: IO error for operation on /Users/marcus/repos/BugsInPy/framework/bin/temp/black-9/bad/black/bad/black: No such file or directory (os error 2)


Calling tool: grepTool
python_grammar_no_print_statement_no_exec_statement|python_grammar_no_print_statement
Matched content:
/Users/marcus/repos/BugsInPy/framework/bin/temp/black-9/bad/black/black.py.original:719:    pygram.python_grammar_no_print_statement_no_exec_statement,
/Users/marcus/repos/BugsInPy/framework/bin/temp/black-9/bad/black/black.py.original:720:    pygram.python_grammar_no_print_statement,
/Users/marcus/repos/BugsInPy/framework/bin/temp/black-9/bad/black/black.py.original:731:            pygram.python_grammar_no_print_statement_no_exec_statement,
/Users/marcus/repos/BugsInPy/framework/bin/temp/black-9/bad/black/black.py.original:732:            pygram.python_grammar_no_print_statement,
/Users/marcus/repos/BugsInPy/framework/bin/temp/black-9/bad/black/blib2to3/pygram.pyi:119:python_grammar_no_print_statement: Grammar
/Users/marcus/repos/BugsInPy/framework/bin/temp/black-9/bad/black/blib2to3/pygram.pyi:120:python_grammar_no_print_statement_no_exec_statement: Grammar
/Users/marcus/repos/BugsInPy/framework/bin/temp/black-9/bad/black/blib2to3/pygram.py:34:    global python_grammar_no_print_statement
/Users/marcus/repos/BugsInPy/framework/bin/temp/black-9/bad/black/blib2to3/pygram.py:35:    global python_grammar_no_print_statement_no_exec_statement
/Users/marcus/repos/BugsInPy/framework/bin/temp/black-9/bad/black/blib2to3/pygram.py:47:    python_grammar_no_print_statement = python_grammar.copy()
/Users/marcus/repos/BugsInPy/framework/bin/temp/black-9/bad/black/blib2to3/pygram.py:48:    del python_grammar_no_print_statement.keywords["print"]
/Users/marcus/repos/BugsInPy/framework/bin/temp/black-9/bad/black/blib2to3/pygram.py:51:    python_grammar_no_print_statement_no_exec_statement = python_grammar.copy()
/Users/marcus/repos/BugsInPy/framework/bin/temp/black-9/bad/black/blib2to3/pygram.py:52:    del python_grammar_no_print_statement_no_exec_statement.keywords["print"]
/Users/marcus/repos/BugsInPy/framework/bin/temp/black-9/bad/black/blib2to3/pygram.py:53:    del python_grammar_no_print_statement_no_exec_statement.keywords["exec"]
/Users/marcus/repos/BugsInPy/framework/bin/temp/black-9/bad/black/black.py:719:    pygram.python_grammar_no_print_statement_no_exec_statement,
/Users/marcus/repos/BugsInPy/framework/bin/temp/black-9/bad/black/black.py:720:    pygram.python_grammar_no_print_statement,
/Users/marcus/repos/BugsInPy/framework/bin/temp/black-9/bad/black/black.py:731:            pygram.python_grammar_no_print_statement_no_exec_statement,
/Users/marcus/repos/BugsInPy/framework/bin/temp/black-9/bad/black/black.py:732:            pygram.python_grammar_no_print_statement,
/Users/marcus/repos/BugsInPy/framework/bin/temp/black-9/bad/black/black.py:735:        return [pygram.python_grammar_no_print_statement]
/Users/marcus/repos/BugsInPy/framework/bin/temp/black-9/bad/black/env/src/black/blib2to3/pygram.pyi:119:python_grammar_no_print_statement: Grammar
/Users/marcus/repos/BugsInPy/framework/bin/temp/black-9/bad/black/env/src/black/blib2to3/pygram.pyi:120:python_grammar_no_print_statement_no_exec_statement: Grammar
/Users/marcus/repos/BugsInPy/framework/bin/temp/black-9/bad/black/env/src/black/blib2to3/pygram.py:34:    global python_grammar_no_print_statement
/Users/marcus/repos/BugsInPy/framework/bin/temp/black-9/bad/black/env/src/black/blib2to3/pygram.py:35:    global python_grammar_no_print_statement_no_exec_statement
/Users/marcus/repos/BugsInPy/framework/bin/temp/black-9/bad/black/env/src/black/blib2to3/pygram.py:47:    python_grammar_no_print_statement = python_grammar.copy()
/Users/marcus/repos/BugsInPy/framework/bin/temp/black-9/bad/black/env/src/black/blib2to3/pygram.py:48:    del python_grammar_no_print_statement.keywords["print"]
/Users/marcus/repos/BugsInPy/framework/bin/temp/black-9/bad/black/env/src/black/blib2to3/pygram.py:51:    python_grammar_no_print_statement_no_exec_statement = python_grammar.copy()
/Users/marcus/repos/BugsInPy/framework/bin/temp/black-9/bad/black/env/src/black/blib2to3/pygram.py:52:    del python_grammar_no_print_statement_no_exec_statement.keywords["print"]
/Users/marcus/repos/BugsInPy/framework/bin/temp/black-9/bad/black/env/src/black/blib2to3/pygram.py:53:    del python_grammar_no_print_statement_no_exec_statement.keywords["exec"]
/Users/marcus/repos/BugsInPy/framework/bin/temp/black-9/bad/black/env/src/black/black.py:719:    pygram.python_grammar_no_print_statement_no_exec_statement,
/Users/marcus/repos/BugsInPy/framework/bin/temp/black-9/bad/black/env/src/black/black.py:720:    pygram.python_grammar_no_print_statement,
/Users/marcus/repos/BugsInPy/framework/bin/temp/black-9/bad/black/env/src/black/black.py:731:            pygram.python_grammar_no_print_statement_no_exec_statement,
/Users/marcus/repos/BugsInPy/framework/bin/temp/black-9/bad/black/env/src/black/black.py:732:            pygram.python_grammar_no_print_statement,
/Users/marcus/repos/BugsInPy/framework/bin/temp/black-9/bad/black/env/lib/python3.8/site-packages/mypy/typeshed/stdlib/2and3/lib2to3/pygram.pyi:115:python_grammar_no_print_statement: Grammar

Calling tool: readTool
/Users/marcus/repos/BugsInPy/framework/bin/temp/black-9/bad/black/black.py
1:import asyncio
2:from asyncio.base_events import BaseEventLoop
3:from concurrent.futures import Executor, ProcessPoolExecutor
4:from datetime import datetime
5:from enum import Enum
6:from functools import lru_cache, partial, wraps
7:import io
8:import itertools
9:import logging
10:from multiprocessing import Manager, freeze_support
11:import os
12:from pathlib import Path
13:import pickle
14:import re
15:import signal
16:import sys
17:import tempfile
18:import tokenize
19:from typing import (
20:    Any,
21:    Callable,
22:    Collection,
23:    Dict,
24:    Generator,
25:    Generic,
26:    Iterable,
27:    Iterator,
28:    List,
29:    Optional,
30:    Pattern,
31:    Sequence,
32:    Set,
33:    Tuple,
34:    TypeVar,
35:    Union,
36:    cast,
37:)
38:
39:from appdirs import user_cache_dir
40:from attr import dataclass, evolve, Factory
41:import click
42:import toml
43:
44:# lib2to3 fork
45:from blib2to3.pytree import Node, Leaf, type_repr
46:from blib2to3 import pygram, pytree
47:from blib2to3.pgen2 import driver, token
48:from blib2to3.pgen2.grammar import Grammar
49:from blib2to3.pgen2.parse import ParseError
50:
51:
52:__version__ = "19.3b0"
53:DEFAULT_LINE_LENGTH = 88
54:DEFAULT_EXCLUDES = (
55:    r"/(\.eggs|\.git|\.hg|\.mypy_cache|\.nox|\.tox|\.venv|_build|buck-out|build|dist)/"
56:)
57:DEFAULT_INCLUDES = r"\.pyi?$"
58:CACHE_DIR = Path(user_cache_dir("black", version=__version__))
59:
60:
61:# types
62:FileContent = str
63:Encoding = str
64:NewLine = str
65:Depth = int
66:NodeType = int
67:LeafID = int
68:Priority = int
69:Index = int
70:LN = Union[Leaf, Node]
71:SplitFunc = Callable[["Line", bool], Iterator["Line"]]
72:Timestamp = float
73:FileSize = int
74:CacheInfo = Tuple[Timestamp, FileSize]
75:Cache = Dict[Path, CacheInfo]
76:out = partial(click.secho, bold=True, err=True)
77:err = partial(click.secho, fg="red", err=True)
78:
79:pygram.initialize(CACHE_DIR)
80:syms = pygram.python_symbols

Calling tool: readTool
/Users/marcus/repos/BugsInPy/framework/bin/temp/black-9/bad/black/blib2to3/pygram.py
1:# Copyright 2006 Google, Inc. All Rights Reserved.
2:# Licensed to PSF under a Contributor Agreement.
3:
4:"""Export the Python grammar and symbols."""
5:
6:# Python imports
7:import os
8:
9:# Local imports
10:from .pgen2 import token
11:from .pgen2 import driver
12:from . import pytree
13:
14:# The grammar file
15:_GRAMMAR_FILE = os.path.join(os.path.dirname(__file__), "Grammar.txt")
16:_PATTERN_GRAMMAR_FILE = os.path.join(os.path.dirname(__file__),
17:                                     "PatternGrammar.txt")
18:
19:
20:class Symbols(object):
21:
22:    def __init__(self, grammar):
23:        """Initializer.
24:
25:        Creates an attribute for each grammar symbol (nonterminal),
26:        whose value is the symbol's type (an int >= 256).
27:        """
28:        for name, symbol in grammar.symbol2number.items():
29:            setattr(self, name, symbol)
30:
31:
32:def initialize(cache_dir=None):
33:    global python_grammar
34:    global python_grammar_no_print_statement
35:    global python_grammar_no_print_statement_no_exec_statement
36:    global python_symbols
37:    global pattern_grammar
38:    global pattern_symbols
39:
40:    # Python 2
41:    python_grammar = driver.load_packaged_grammar("blib2to3", _GRAMMAR_FILE,
42:                                                  cache_dir)
43:
44:    python_symbols = Symbols(python_grammar)
45:
46:    # Python 2 + from __future__ import print_function
47:    python_grammar_no_print_statement = python_grammar.copy()
48:    del python_grammar_no_print_statement.keywords["print"]
49:
50:    # Python 3
51:    python_grammar_no_print_statement_no_exec_statement = python_grammar.copy()
52:    del python_grammar_no_print_statement_no_exec_statement.keywords["print"]
53:    del python_grammar_no_print_statement_no_exec_statement.keywords["exec"]
54:
55:    pattern_grammar = driver.load_packaged_grammar("blib2to3", _PATTERN_GRAMMAR_FILE,
56:                                                   cache_dir)
57:    pattern_symbols = Symbols(pattern_grammar)

Calling tool: updateTodo
Todo Item Completed
Todo item was marked as CORRECT
Reason: Verified blib2to3/pygram.py defines python_grammar_no_print_statement and python_grammar_no_print_statement_no_exec_statement, and black.py imports them via `from blib2to3 import pygram`. black.py references the exact names and calls pygram.initialize() to populate them; no typos or missing imports found.


Todo item 7 of 10 is correct
description: 'Check that `blib2to3.pygram` provides `python_grammar_no_print_statement_no_exec_statement` and `python_grammar_no_print_statement` and that they are imported via `from blib2to3 import pygram` in `black.py` (no missing imports or typos).'
Validating todo item 8 of 10
description: 'Validate that the test `tests/test_black.py::BlackTestCase::test_python2_print_function` constructs a `FileMode` with `target_versions={black.TargetVersion.PY27}` and formats the input using `fs(source, mode=mode)`.'
[ "rg", "--no-heading", "--line-number", "--ignore-file", ".rgignore", "class BlackTestCase",
  "/Users/marcus/repos/BugsInPy/framework/bin/temp/black-9/bad/black"
]
[ "rg", "--no-heading", "--line-number", "--ignore-file", ".rgignore", "def test_python2_print_function",
  "/Users/marcus/repos/BugsInPy/framework/bin/temp/black-9/bad/black/tests/test_black.py"
]
Calling tool: grepTool
class BlackTestCase
Matched content:
/Users/marcus/repos/BugsInPy/framework/bin/temp/black-9/bad/black/tests/test_black.py:139:class BlackTestCase(unittest.TestCase):
/Users/marcus/repos/BugsInPy/framework/bin/temp/black-9/bad/black/env/src/black/tests/test_black.py:139:class BlackTestCase(unittest.TestCase):

Calling tool: grepTool
def test_python2_print_function
Matched content:
465:    def test_python2_print_function(self) -> None:

Calling tool: readTool
/Users/marcus/repos/BugsInPy/framework/bin/temp/black-9/bad/black/tests/test_black.py
450:    def test_numeric_literals_py2(self) -> None:
451:        source, expected = read_data("numeric_literals_py2")
452:        actual = fs(source)
453:        self.assertFormatEqual(expected, actual)
454:        black.assert_stable(source, actual, black.FileMode())
455:
456:    @patch("black.dump_to_file", dump_to_stderr)
457:    def test_python2(self) -> None:
458:        source, expected = read_data("python2")
459:        actual = fs(source)
460:        self.assertFormatEqual(expected, actual)
461:        # black.assert_equivalent(source, actual)
462:        black.assert_stable(source, actual, black.FileMode())
463:
464:    @patch("black.dump_to_file", dump_to_stderr)
465:    def test_python2_print_function(self) -> None:
466:        source, expected = read_data("python2_print_function")
467:        mode = black.FileMode(target_versions={black.TargetVersion.PY27})
468:        actual = fs(source, mode=mode)
469:        self.assertFormatEqual(expected, actual)
470:        black.assert_stable(source, actual, mode)
471:
472:    @patch("black.dump_to_file", dump_to_stderr)
473:    def test_python2_unicode_literals(self) -> None:
474:        source, expected = read_data("python2_unicode_literals")
475:        actual = fs(source)
476:        self.assertFormatEqual(expected, actual)
477:        black.assert_stable(source, actual, black.FileMode())
478:
479:    @patch("black.dump_to_file", dump_to_stderr)
480:    def test_stub(self) -> None:
481:        mode = black.FileMode(is_pyi=True)
482:        source, expected = read_data("stub.pyi")
483:        actual = fs(source, mode=mode)
484:        self.assertFormatEqual(expected, actual)
485:        black.assert_stable(source, actual, mode)
486:
487:    @patch("black.dump_to_file", dump_to_stderr)
488:    def test_python37(self) -> None:
489:        source, expected = read_data("python37")
490:        actual = fs(source)
491:        self.assertFormatEqual(expected, actual)
492:        major, minor = sys.version_info[:2]
493:        if major > 3 or (major == 3 and minor >= 7):
494:            black.assert_equivalent(source, actual)
495:        black.assert_stable(source, actual, black.FileMode())
496:
497:    @patch("black.dump_to_file", dump_to_stderr)
498:    def test_fmtonoff(self) -> None:
499:        source, expected = read_data("fmtonoff")
500:        actual = fs(source)
501:        self.assertFormatEqual(expected, actual)
502:        black.assert_equivalent(source, actual)
503:        black.assert_stable(source, actual, black.FileMode())
504:
505:    @patch("black.dump_to_file", dump_to_stderr)
506:    def test_fmtonoff2(self) -> None:
507:        source, expected = read_data("fmtonoff2")
508:        actual = fs(source)
509:        self.assertFormatEqual(expected, actual)
510:        black.assert_equivalent(source, actual)
511:        black.assert_stable(source, actual, black.FileMode())
512:
513:    @patch("black.dump_to_file", dump_to_stderr)
514:    def test_remove_empty_parentheses_after_class(self) -> None:
515:        source, expected = read_data("class_blank_parentheses")
516:        actual = fs(source)
517:        self.assertFormatEqual(expected, actual)
518:        black.assert_equivalent(source, actual)
519:        black.assert_stable(source, actual, black.FileMode())
520:
521:    @patch("black.dump_to_file", dump_to_stderr)
522:    def test_new_line_between_class_and_code(self) -> None:
523:        source, expected = read_data("class_methods_new_line")
524:        actual = fs(source)
525:        self.assertFormatEqual(expected, actual)
526:        black.assert_equivalent(source, actual)
527:        black.assert_stable(source, actual, black.FileMode())
528:
529:    @patch("black.dump_to_file", dump_to_stderr)

Calling tool: updateTodo
Todo Item Completed
Todo item was marked as CORRECT
Reason: In tests/test_black.py, the method test_python2_print_function sets mode = black.FileMode(target_versions={black.TargetVersion.PY27}) and calls fs(source, mode=mode) to format. Verified by reading lines 465-470 of the file.


Todo item 8 of 10 is correct
description: 'Validate that the test `tests/test_black.py::BlackTestCase::test_python2_print_function` constructs a `FileMode` with `target_versions={black.TargetVersion.PY27}` and formats the input using `fs(source, mode=mode)`.'
Validating todo item 9 of 10
description: 'Inspect `tests/data/python2_print_function.py` to confirm the input includes `from __future__ import print_function` and `print(...)` calls (including unicode literal and file= keyword), and that the expected output has no space between `print` and `(` and only normalizes quotes.'
[ "rg", "--no-heading", "--line-number", "--ignore-file", ".rgignore", "from __future__ import print_function",
  "/Users/marcus/repos/BugsInPy/framework/bin/temp/black-9/bad/black/tests/data"
]
[ "rg", "--no-heading", "--line-number", "--ignore-file", ".rgignore", "print\\(", "/Users/marcus/repos/BugsInPy/framework/bin/temp/black-9/bad/black/tests/data/python2_print_function.py" ]
Calling tool: globTool
**/tests/data/python2_print_function.py
Matched files:
/Users/marcus/repos/BugsInPy/framework/bin/temp/black-9/bad/black/tests/data/python2_print_function.py

Calling tool: readTool
/Users/marcus/repos/BugsInPy/framework/bin/temp/black-9/bad/black/tests/data/python2_print_function.py
1:#!/usr/bin/env python2
2:from __future__ import print_function
3:
4:print('hello')
5:print(u'hello')
6:print(a, file=sys.stderr)
7:
8:# output
9:
10:
11:#!/usr/bin/env python2
12:from __future__ import print_function
13:
14:print("hello")
15:print(u"hello")
16:print(a, file=sys.stderr)

Calling tool: grepTool
from __future__ import print_function
Matched content:
/Users/marcus/repos/BugsInPy/framework/bin/temp/black-9/bad/black/tests/data/python2_unicode_literals.py:4:from __future__ import print_function as lol, with_function
/Users/marcus/repos/BugsInPy/framework/bin/temp/black-9/bad/black/tests/data/python2_unicode_literals.py:16:from __future__ import print_function as lol, with_function
/Users/marcus/repos/BugsInPy/framework/bin/temp/black-9/bad/black/tests/data/python2_print_function.py:2:from __future__ import print_function
/Users/marcus/repos/BugsInPy/framework/bin/temp/black-9/bad/black/tests/data/python2_print_function.py:12:from __future__ import print_function

Calling tool: grepTool
print\(
Matched content:
4:print('hello')
5:print(u'hello')
6:print(a, file=sys.stderr)
14:print("hello")
15:print(u"hello")
16:print(a, file=sys.stderr)

Calling tool: updateTodo
Todo Item Completed
Todo item was marked as CORRECT
Reason: The test file `tests/data/python2_print_function.py` contains input with `from __future__ import print_function` and `print(...)` calls including a unicode literal and `file=` keyword, and the expected output section shows no space between `print` and `(` with only quote normalization from single to double quotes.


Todo item 9 of 10 is correct
description: 'Inspect `tests/data/python2_print_function.py` to confirm the input includes `from __future__ import print_function` and `print(...)` calls (including unicode literal and file= keyword), and that the expected output has no space between `print` and `(` and only normalizes quotes.'
Validating todo item 10 of 10
description: 'Ensure that no other parts of the code override or bypass `get_grammars()` for parsing (e.g., direct `pygram.python_grammar` use in the parse path), so the fix applies to parsing for the given mode.'
[ "rg", "--no-heading", "--line-number", "--ignore-file", ".rgignore", "def get_grammars\\(",
  "/Users/marcus/repos/BugsInPy/framework/bin/temp/black-9/bad/black"
]
[ "rg", "--no-heading", "--line-number", "--ignore-file", ".rgignore", "pygram\\.python_grammar(_no_print_statement(_no_exec_statement)?)?",
  "/Users/marcus/repos/BugsInPy/framework/bin/temp/black-9/bad/black"
]
[ "rg", "--no-heading", "--line-number", "--ignore-file", ".rgignore", "driver\\.Driver\\(", "/Users/marcus/repos/BugsInPy/framework/bin/temp/black-9/bad/black" ]
[ "rg", "--no-heading", "--line-number", "--ignore-file", ".rgignore", "lib2to3_parse\\(", "/Users/marcus/repos/BugsInPy/framework/bin/temp/black-9/bad/black" ]
[ "rg", "--no-heading", "--line-number", "--ignore-file", ".rgignore", "parse_string\\(", "/Users/marcus/repos/BugsInPy/framework/bin/temp/black-9/bad/black" ]
[ "rg", "--no-heading", "--line-number", "--ignore-file", ".rgignore", "target_versions", "/Users/marcus/repos/BugsInPy/framework/bin/temp/black-9/bad/black" ]
[ "rg", "--no-heading", "--line-number", "--ignore-file", ".rgignore", "pygram\\.", "/Users/marcus/repos/BugsInPy/framework/bin/temp/black-9/bad/black" ]
[ "rg", "--no-heading", "--line-number", "--ignore-file", ".rgignore", "test_python2_print_function",
  "/Users/marcus/repos/BugsInPy/framework/bin/temp/black-9/bad/black"
]
[ "rg", "--no-heading", "--line-number", "--ignore-file", ".rgignore", "get_grammars\\(", "/Users/marcus/repos/BugsInPy/framework/bin/temp/black-9/bad/black" ]
Calling tool: grepTool
def get_grammars\(
Matched content:
/Users/marcus/repos/BugsInPy/framework/bin/temp/black-9/bad/black/black.py.original:725:def get_grammars(target_versions: Set[TargetVersion]) -> List[Grammar]:
/Users/marcus/repos/BugsInPy/framework/bin/temp/black-9/bad/black/black.py:725:def get_grammars(target_versions: Set[TargetVersion]) -> List[Grammar]:
/Users/marcus/repos/BugsInPy/framework/bin/temp/black-9/bad/black/env/src/black/black.py:725:def get_grammars(target_versions: Set[TargetVersion]) -> List[Grammar]:

Calling tool: readTool
/Users/marcus/repos/BugsInPy/framework/bin/temp/black-9/bad/black/black.py
720:    pygram.python_grammar_no_print_statement,
721:    pygram.python_grammar,
722:]
723:
724:
725:def get_grammars(target_versions: Set[TargetVersion]) -> List[Grammar]:
726:    if not target_versions:
727:        return GRAMMARS
728:    elif all(not version.is_python2() for version in target_versions):
729:        # Python 3-compatible code, so don't try Python 2 grammar
730:        return [
731:            pygram.python_grammar_no_print_statement_no_exec_statement,
732:            pygram.python_grammar_no_print_statement,
733:        ]
734:    else:
735:        return [pygram.python_grammar_no_print_statement]
736:
737:
738:def lib2to3_parse(src_txt: str, target_versions: Iterable[TargetVersion] = ()) -> Node:
739:    """Given a string with source, return the lib2to3 Node."""
740:    if src_txt[-1:] != "\n":
741:        src_txt += "\n"
742:
743:    for grammar in get_grammars(set(target_versions)):
744:        drv = driver.Driver(grammar, pytree.convert)
745:        try:
746:            result = drv.parse_string(src_txt, True)
747:            break
748:
749:        except ParseError as pe:
750:            lineno, column = pe.context[1]
751:            lines = src_txt.splitlines()
752:            try:
753:                faulty_line = lines[lineno - 1]
754:            except IndexError:
755:                faulty_line = "<line number missing in source>"
756:            exc = InvalidInput(f"Cannot parse: {lineno}:{column}: {faulty_line}")
757:    else:
758:        raise exc from None
759:

Calling tool: grepTool
pygram\.python_grammar(_no_print_statement(_no_exec_statement)?)?
Matched content:
/Users/marcus/repos/BugsInPy/framework/bin/temp/black-9/bad/black/black.py.original:719:    pygram.python_grammar_no_print_statement_no_exec_statement,
/Users/marcus/repos/BugsInPy/framework/bin/temp/black-9/bad/black/black.py.original:720:    pygram.python_grammar_no_print_statement,
/Users/marcus/repos/BugsInPy/framework/bin/temp/black-9/bad/black/black.py.original:721:    pygram.python_grammar,
/Users/marcus/repos/BugsInPy/framework/bin/temp/black-9/bad/black/black.py.original:731:            pygram.python_grammar_no_print_statement_no_exec_statement,
/Users/marcus/repos/BugsInPy/framework/bin/temp/black-9/bad/black/black.py.original:732:            pygram.python_grammar_no_print_statement,
/Users/marcus/repos/BugsInPy/framework/bin/temp/black-9/bad/black/black.py.original:735:        return [pygram.python_grammar]
/Users/marcus/repos/BugsInPy/framework/bin/temp/black-9/bad/black/black.py:719:    pygram.python_grammar_no_print_statement_no_exec_statement,
/Users/marcus/repos/BugsInPy/framework/bin/temp/black-9/bad/black/black.py:720:    pygram.python_grammar_no_print_statement,
/Users/marcus/repos/BugsInPy/framework/bin/temp/black-9/bad/black/black.py:721:    pygram.python_grammar,
/Users/marcus/repos/BugsInPy/framework/bin/temp/black-9/bad/black/black.py:731:            pygram.python_grammar_no_print_statement_no_exec_statement,
/Users/marcus/repos/BugsInPy/framework/bin/temp/black-9/bad/black/black.py:732:            pygram.python_grammar_no_print_statement,
/Users/marcus/repos/BugsInPy/framework/bin/temp/black-9/bad/black/black.py:735:        return [pygram.python_grammar_no_print_statement]
/Users/marcus/repos/BugsInPy/framework/bin/temp/black-9/bad/black/env/src/black/black.py:719:    pygram.python_grammar_no_print_statement_no_exec_statement,
/Users/marcus/repos/BugsInPy/framework/bin/temp/black-9/bad/black/env/src/black/black.py:720:    pygram.python_grammar_no_print_statement,
/Users/marcus/repos/BugsInPy/framework/bin/temp/black-9/bad/black/env/src/black/black.py:721:    pygram.python_grammar,
/Users/marcus/repos/BugsInPy/framework/bin/temp/black-9/bad/black/env/src/black/black.py:731:            pygram.python_grammar_no_print_statement_no_exec_statement,
/Users/marcus/repos/BugsInPy/framework/bin/temp/black-9/bad/black/env/src/black/black.py:732:            pygram.python_grammar_no_print_statement,
/Users/marcus/repos/BugsInPy/framework/bin/temp/black-9/bad/black/env/src/black/black.py:735:        return [pygram.python_grammar]

Calling tool: grepTool
driver\.Driver\(
Matched content:
/Users/marcus/repos/BugsInPy/framework/bin/temp/black-9/bad/black/black.py.original:744:        drv = driver.Driver(grammar, pytree.convert)
/Users/marcus/repos/BugsInPy/framework/bin/temp/black-9/bad/black/black.py:744:        drv = driver.Driver(grammar, pytree.convert)
/Users/marcus/repos/BugsInPy/framework/bin/temp/black-9/bad/black/env/src/black/black.py:744:        drv = driver.Driver(grammar, pytree.convert)

Calling tool: grepTool
lib2to3_parse\(
Showing first 50 results from grep. Consider using a more specific pattern or path.
/Users/marcus/repos/BugsInPy/framework/bin/temp/black-9/bad/black/black.py.original:669:    src_node = lib2to3_parse(src_contents.lstrip(), mode.target_versions)
/Users/marcus/repos/BugsInPy/framework/bin/temp/black-9/bad/black/black.py.original:738:def lib2to3_parse(src_txt: str, target_versions: Iterable[TargetVersion] = ()) -> Node:
/Users/marcus/repos/BugsInPy/framework/bin/temp/black-9/bad/black/black.py.original:832:            code = lib2to3_parse(code)
/Users/marcus/repos/BugsInPy/framework/bin/temp/black-9/bad/black/tests/data/debug_visitor.py:32:        list(v.visit(lib2to3_parse(code)))
/Users/marcus/repos/BugsInPy/framework/bin/temp/black-9/bad/black/tests/test_black.py:147:                exp_node = black.lib2to3_parse(expected)
/Users/marcus/repos/BugsInPy/framework/bin/temp/black-9/bad/black/tests/test_black.py:154:                exp_node = black.lib2to3_parse(actual)
/Users/marcus/repos/BugsInPy/framework/bin/temp/black-9/bad/black/tests/test_black.py:832:        node = black.lib2to3_parse("def f(*, arg): ...\n")
/Users/marcus/repos/BugsInPy/framework/bin/temp/black-9/bad/black/tests/test_black.py:834:        node = black.lib2to3_parse("def f(*, arg,): ...\n")
/Users/marcus/repos/BugsInPy/framework/bin/temp/black-9/bad/black/tests/test_black.py:836:        node = black.lib2to3_parse("def f(*, arg): f'string'\n")
/Users/marcus/repos/BugsInPy/framework/bin/temp/black-9/bad/black/tests/test_black.py:838:        node = black.lib2to3_parse("123_456\n")
/Users/marcus/repos/BugsInPy/framework/bin/temp/black-9/bad/black/tests/test_black.py:840:        node = black.lib2to3_parse("123456\n")
/Users/marcus/repos/BugsInPy/framework/bin/temp/black-9/bad/black/tests/test_black.py:843:        node = black.lib2to3_parse(source)
/Users/marcus/repos/BugsInPy/framework/bin/temp/black-9/bad/black/tests/test_black.py:847:        node = black.lib2to3_parse(expected)
/Users/marcus/repos/BugsInPy/framework/bin/temp/black-9/bad/black/tests/test_black.py:852:        node = black.lib2to3_parse(source)
/Users/marcus/repos/BugsInPy/framework/bin/temp/black-9/bad/black/tests/test_black.py:854:        node = black.lib2to3_parse(expected)
/Users/marcus/repos/BugsInPy/framework/bin/temp/black-9/bad/black/tests/test_black.py:858:        node = black.lib2to3_parse("\n")
/Users/marcus/repos/BugsInPy/framework/bin/temp/black-9/bad/black/tests/test_black.py:860:        node = black.lib2to3_parse("from __future__ import black\n")
/Users/marcus/repos/BugsInPy/framework/bin/temp/black-9/bad/black/tests/test_black.py:862:        node = black.lib2to3_parse("from __future__ import multiple, imports\n")
/Users/marcus/repos/BugsInPy/framework/bin/temp/black-9/bad/black/tests/test_black.py:864:        node = black.lib2to3_parse("from __future__ import (parenthesized, imports)\n")
/Users/marcus/repos/BugsInPy/framework/bin/temp/black-9/bad/black/tests/test_black.py:866:        node = black.lib2to3_parse(
/Users/marcus/repos/BugsInPy/framework/bin/temp/black-9/bad/black/tests/test_black.py:870:        node = black.lib2to3_parse("# comment\nfrom __future__ import black\n")
/Users/marcus/repos/BugsInPy/framework/bin/temp/black-9/bad/black/tests/test_black.py:872:        node = black.lib2to3_parse('"""docstring"""\nfrom __future__ import black\n')
/Users/marcus/repos/BugsInPy/framework/bin/temp/black-9/bad/black/tests/test_black.py:874:        node = black.lib2to3_parse("some(other, code)\nfrom __future__ import black\n")
/Users/marcus/repos/BugsInPy/framework/bin/temp/black-9/bad/black/tests/test_black.py:876:        node = black.lib2to3_parse("from some.module import black\n")
/Users/marcus/repos/BugsInPy/framework/bin/temp/black-9/bad/black/tests/test_black.py:878:        node = black.lib2to3_parse(
/Users/marcus/repos/BugsInPy/framework/bin/temp/black-9/bad/black/tests/test_black.py:882:        node = black.lib2to3_parse(
/Users/marcus/repos/BugsInPy/framework/bin/temp/black-9/bad/black/tests/test_black.py:932:        n = black.lib2to3_parse("\n")
/Users/marcus/repos/BugsInPy/framework/bin/temp/black-9/bad/black/black.py:669:    src_node = lib2to3_parse(src_contents.lstrip(), mode.target_versions)
/Users/marcus/repos/BugsInPy/framework/bin/temp/black-9/bad/black/black.py:738:def lib2to3_parse(src_txt: str, target_versions: Iterable[TargetVersion] = ()) -> Node:
/Users/marcus/repos/BugsInPy/framework/bin/temp/black-9/bad/black/black.py:832:            code = lib2to3_parse(code)
/Users/marcus/repos/BugsInPy/framework/bin/temp/black-9/bad/black/env/src/black/black.py:669:    src_node = lib2to3_parse(src_contents.lstrip(), mode.target_versions)
/Users/marcus/repos/BugsInPy/framework/bin/temp/black-9/bad/black/env/src/black/black.py:738:def lib2to3_parse(src_txt: str, target_versions: Iterable[TargetVersion] = ()) -> Node:
/Users/marcus/repos/BugsInPy/framework/bin/temp/black-9/bad/black/env/src/black/black.py:832:            code = lib2to3_parse(code)
/Users/marcus/repos/BugsInPy/framework/bin/temp/black-9/bad/black/env/src/black/tests/data/debug_visitor.py:32:        list(v.visit(lib2to3_parse(code)))
/Users/marcus/repos/BugsInPy/framework/bin/temp/black-9/bad/black/env/src/black/tests/test_black.py:147:                exp_node = black.lib2to3_parse(expected)
/Users/marcus/repos/BugsInPy/framework/bin/temp/black-9/bad/black/env/src/black/tests/test_black.py:154:                exp_node = black.lib2to3_parse(actual)
/Users/marcus/repos/BugsInPy/framework/bin/temp/black-9/bad/black/env/src/black/tests/test_black.py:824:        node = black.lib2to3_parse("def f(*, arg): ...\n")
/Users/marcus/repos/BugsInPy/framework/bin/temp/black-9/bad/black/env/src/black/tests/test_black.py:826:        node = black.lib2to3_parse("def f(*, arg,): ...\n")
/Users/marcus/repos/BugsInPy/framework/bin/temp/black-9/bad/black/env/src/black/tests/test_black.py:828:        node = black.lib2to3_parse("def f(*, arg): f'string'\n")
/Users/marcus/repos/BugsInPy/framework/bin/temp/black-9/bad/black/env/src/black/tests/test_black.py:830:        node = black.lib2to3_parse("123_456\n")
/Users/marcus/repos/BugsInPy/framework/bin/temp/black-9/bad/black/env/src/black/tests/test_black.py:832:        node = black.lib2to3_parse("123456\n")
/Users/marcus/repos/BugsInPy/framework/bin/temp/black-9/bad/black/env/src/black/tests/test_black.py:835:        node = black.lib2to3_parse(source)
/Users/marcus/repos/BugsInPy/framework/bin/temp/black-9/bad/black/env/src/black/tests/test_black.py:839:        node = black.lib2to3_parse(expected)
/Users/marcus/repos/BugsInPy/framework/bin/temp/black-9/bad/black/env/src/black/tests/test_black.py:844:        node = black.lib2to3_parse(source)
/Users/marcus/repos/BugsInPy/framework/bin/temp/black-9/bad/black/env/src/black/tests/test_black.py:846:        node = black.lib2to3_parse(expected)
/Users/marcus/repos/BugsInPy/framework/bin/temp/black-9/bad/black/env/src/black/tests/test_black.py:850:        node = black.lib2to3_parse("\n")
/Users/marcus/repos/BugsInPy/framework/bin/temp/black-9/bad/black/env/src/black/tests/test_black.py:852:        node = black.lib2to3_parse("from __future__ import black\n")
/Users/marcus/repos/BugsInPy/framework/bin/temp/black-9/bad/black/env/src/black/tests/test_black.py:854:        node = black.lib2to3_parse("from __future__ import multiple, imports\n")
/Users/marcus/repos/BugsInPy/framework/bin/temp/black-9/bad/black/env/src/black/tests/test_black.py:856:        node = black.lib2to3_parse("from __future__ import (parenthesized, imports)\n")
/Users/marcus/repos/BugsInPy/framework/bin/temp/black-9/bad/black/env/src/black/tests/test_black.py:858:        node = black.lib2to3_parse(

Calling tool: readTool
/Users/marcus/repos/BugsInPy/framework/bin/temp/black-9/bad/black/black.py
650:    """
651:    if src_contents.strip() == "":
652:        raise NothingChanged
653:
654:    dst_contents = format_str(src_contents, mode=mode)
655:    if src_contents == dst_contents:
656:        raise NothingChanged
657:
658:    if not fast:
659:        assert_equivalent(src_contents, dst_contents)
660:        assert_stable(src_contents, dst_contents, mode=mode)
661:    return dst_contents
662:
663:
664:def format_str(src_contents: str, *, mode: FileMode) -> FileContent:
665:    """Reformat a string and return new contents.
666:
667:    `line_length` determines how many characters per line are allowed.
668:    """
669:    src_node = lib2to3_parse(src_contents.lstrip(), mode.target_versions)
670:    dst_contents = ""
671:    future_imports = get_future_imports(src_node)
672:    if mode.target_versions:
673:        versions = mode.target_versions
674:    else:
675:        versions = detect_target_versions(src_node)
676:    normalize_fmt_off(src_node)
677:    lines = LineGenerator(
678:        remove_u_prefix="unicode_literals" in future_imports
679:        or supports_feature(versions, Feature.UNICODE_LITERALS),
680:        is_pyi=mode.is_pyi,
681:        normalize_strings=mode.string_normalization,
682:    )
683:    elt = EmptyLineTracker(is_pyi=mode.is_pyi)
684:    empty_line = Line()
685:    after = 0
686:    for current_line in lines.visit(src_node):
687:        for _ in range(after):
688:            dst_contents += str(empty_line)
689:        before, after = elt.maybe_empty_lines(current_line)

Calling tool: grepTool
parse_string\(
Showing first 50 results from grep. Consider using a more specific pattern or path.
/Users/marcus/repos/BugsInPy/framework/bin/temp/black-9/bad/black/black.py.original:746:            result = drv.parse_string(src_txt, True)
/Users/marcus/repos/BugsInPy/framework/bin/temp/black-9/bad/black/blib2to3/pgen2/driver.py:112:    def parse_string(self, text, debug=False):
/Users/marcus/repos/BugsInPy/framework/bin/temp/black-9/bad/black/blib2to3/pgen2/driver.pyi:22:    def parse_string(self, text: Text, debug: bool = ...) -> _NL: ...
/Users/marcus/repos/BugsInPy/framework/bin/temp/black-9/bad/black/black.py:746:            result = drv.parse_string(src_txt, True)
/Users/marcus/repos/BugsInPy/framework/bin/temp/black-9/bad/black/env/src/black/blib2to3/pgen2/driver.py:112:    def parse_string(self, text, debug=False):
/Users/marcus/repos/BugsInPy/framework/bin/temp/black-9/bad/black/env/src/black/blib2to3/pgen2/driver.pyi:22:    def parse_string(self, text: Text, debug: bool = ...) -> _NL: ...
/Users/marcus/repos/BugsInPy/framework/bin/temp/black-9/bad/black/env/src/black/black.py:746:            result = drv.parse_string(src_txt, True)
/Users/marcus/repos/BugsInPy/framework/bin/temp/black-9/bad/black/env/lib/python3.8/site-packages/pip/_vendor/pyparsing/helpers.py:37:        delimited_list(Word(alphas)).parse_string("aa,bb,cc") # -> ['aa', 'bb', 'cc']
/Users/marcus/repos/BugsInPy/framework/bin/temp/black-9/bad/black/env/lib/python3.8/site-packages/pip/_vendor/pyparsing/helpers.py:38:        delimited_list(Word(hexnums), delim=':', combine=True).parse_string("AA:BB:CC:DD:EE") # -> ['AA:BB:CC:DD:EE']
/Users/marcus/repos/BugsInPy/framework/bin/temp/black-9/bad/black/env/lib/python3.8/site-packages/pip/_vendor/pyparsing/helpers.py:92:        counted_array(Word(alphas)).parse_string('2 ab cd ef')  # -> ['ab', 'cd']
/Users/marcus/repos/BugsInPy/framework/bin/temp/black-9/bad/black/env/lib/python3.8/site-packages/pip/_vendor/pyparsing/helpers.py:97:        counted_array(Word(alphas), int_expr=binary_constant).parse_string('10 ab cd ef')  # -> ['ab', 'cd']
/Users/marcus/repos/BugsInPy/framework/bin/temp/black-9/bad/black/env/lib/python3.8/site-packages/pip/_vendor/pyparsing/helpers.py:104:        result = typed_array.parse_string("3 bool True True False")
/Users/marcus/repos/BugsInPy/framework/bin/temp/black-9/bad/black/env/lib/python3.8/site-packages/pip/_vendor/pyparsing/helpers.py:341:        print(attr_expr[1, ...].parse_string(text).dump())
/Users/marcus/repos/BugsInPy/framework/bin/temp/black-9/bad/black/env/lib/python3.8/site-packages/pip/_vendor/pyparsing/helpers.py:347:        result = dict_of(attr_label, attr_value).parse_string(text)
/Users/marcus/repos/BugsInPy/framework/bin/temp/black-9/bad/black/env/lib/python3.8/site-packages/pip/_vendor/pyparsing/testing.py:148:            result = expr.parse_string(test_string, parse_all=True)
/Users/marcus/repos/BugsInPy/framework/bin/temp/black-9/bad/black/env/lib/python3.8/site-packages/pip/_vendor/pyparsing/testing.py:162:            result = expr.parse_string(test_string, parseAll=True)
/Users/marcus/repos/BugsInPy/framework/bin/temp/black-9/bad/black/env/lib/python3.8/site-packages/pip/_vendor/pyparsing/exceptions.py:196:                expr.parse_string("123 456 A789")
/Users/marcus/repos/BugsInPy/framework/bin/temp/black-9/bad/black/env/lib/python3.8/site-packages/pip/_vendor/pyparsing/exceptions.py:227:            Word(nums).set_name("integer").parse_string("ABC")
/Users/marcus/repos/BugsInPy/framework/bin/temp/black-9/bad/black/env/lib/python3.8/site-packages/pip/_vendor/pyparsing/core.py:415:            Word(alphas)[1, ...].parse_string("abc def\nghi jkl")  # -> ['abc', 'def', 'ghi', 'jkl']
/Users/marcus/repos/BugsInPy/framework/bin/temp/black-9/bad/black/env/lib/python3.8/site-packages/pip/_vendor/pyparsing/core.py:419:            Word(alphas)[1, ...].parse_string("abc def\nghi jkl")  # -> ['abc', 'def']
/Users/marcus/repos/BugsInPy/framework/bin/temp/black-9/bad/black/env/lib/python3.8/site-packages/pip/_vendor/pyparsing/core.py:439:            date_str.parse_string("1999/12/31")  # -> ['1999', '/', '12', '/', '31']
/Users/marcus/repos/BugsInPy/framework/bin/temp/black-9/bad/black/env/lib/python3.8/site-packages/pip/_vendor/pyparsing/core.py:446:            date_str.parse_string("1999/12/31")  # -> ['1999', '12', '31']
/Users/marcus/repos/BugsInPy/framework/bin/temp/black-9/bad/black/env/lib/python3.8/site-packages/pip/_vendor/pyparsing/core.py:511:            print((integerK | integerM | integer)[1, ...].parse_string("5K 100 640K 256M"))
/Users/marcus/repos/BugsInPy/framework/bin/temp/black-9/bad/black/env/lib/python3.8/site-packages/pip/_vendor/pyparsing/core.py:713:            result = date_str.parse_string("1999/12/31")  # -> Exception: Only support years 2000 and later (at char 0),
/Users/marcus/repos/BugsInPy/framework/bin/temp/black-9/bad/black/env/lib/python3.8/site-packages/pip/_vendor/pyparsing/core.py:1004:            print(E.parse_string("1+2+3"))
/Users/marcus/repos/BugsInPy/framework/bin/temp/black-9/bad/black/env/lib/python3.8/site-packages/pip/_vendor/pyparsing/core.py:1076:    def parse_string(
/Users/marcus/repos/BugsInPy/framework/bin/temp/black-9/bad/black/env/lib/python3.8/site-packages/pip/_vendor/pyparsing/core.py:1107:        >>> res = Word('a').parse_string('aaaaabaaa')
/Users/marcus/repos/BugsInPy/framework/bin/temp/black-9/bad/black/env/lib/python3.8/site-packages/pip/_vendor/pyparsing/core.py:1116:        >>> res = Word('a').parse_string('aaaaabaaa', parse_all=True)
/Users/marcus/repos/BugsInPy/framework/bin/temp/black-9/bad/black/env/lib/python3.8/site-packages/pip/_vendor/pyparsing/core.py:1361:            print(hello, "->", greet.parse_string(hello))
/Users/marcus/repos/BugsInPy/framework/bin/temp/black-9/bad/black/env/lib/python3.8/site-packages/pip/_vendor/pyparsing/core.py:1740:            patt.parse_string('ablaj /* comment */ lskjd')
/Users/marcus/repos/BugsInPy/framework/bin/temp/black-9/bad/black/env/lib/python3.8/site-packages/pip/_vendor/pyparsing/core.py:1744:            patt.parse_string('ablaj /* comment */ lskjd')
/Users/marcus/repos/BugsInPy/framework/bin/temp/black-9/bad/black/env/lib/python3.8/site-packages/pip/_vendor/pyparsing/core.py:1799:            term[1, ...].parse_string("abc 123 xyz 890")
/Users/marcus/repos/BugsInPy/framework/bin/temp/black-9/bad/black/env/lib/python3.8/site-packages/pip/_vendor/pyparsing/core.py:1848:            Word(nums).parse_string("ABC")  # -> Exception: Expected W:(0-9) (at char 0), (line:1, col:1)
/Users/marcus/repos/BugsInPy/framework/bin/temp/black-9/bad/black/env/lib/python3.8/site-packages/pip/_vendor/pyparsing/core.py:1849:            Word(nums).set_name("integer").parse_string("ABC")  # -> Exception: Expected integer (at char 0), (line:1, col:1)
/Users/marcus/repos/BugsInPy/framework/bin/temp/black-9/bad/black/env/lib/python3.8/site-packages/pip/_vendor/pyparsing/core.py:1907:            return self.parse_string(file_contents, parseAll)
/Users/marcus/repos/BugsInPy/framework/bin/temp/black-9/bad/black/env/lib/python3.8/site-packages/pip/_vendor/pyparsing/core.py:1945:            self.parse_string(str(test_string), parse_all=parseAll)
/Users/marcus/repos/BugsInPy/framework/bin/temp/black-9/bad/black/env/lib/python3.8/site-packages/pip/_vendor/pyparsing/core.py:2100:                result = self.parse_string(t, parse_all=parseAll)
/Users/marcus/repos/BugsInPy/framework/bin/temp/black-9/bad/black/env/lib/python3.8/site-packages/pip/_vendor/pyparsing/core.py:2305:        Literal('blah').parse_string('blah')  # -> ['blah']
/Users/marcus/repos/BugsInPy/framework/bin/temp/black-9/bad/black/env/lib/python3.8/site-packages/pip/_vendor/pyparsing/core.py:2306:        Literal('blah').parse_string('blahfooblah')  # -> ['blah']
/Users/marcus/repos/BugsInPy/framework/bin/temp/black-9/bad/black/env/lib/python3.8/site-packages/pip/_vendor/pyparsing/core.py:2307:        Literal('blah').parse_string('bla')  # -> Exception: Expected "blah"
/Users/marcus/repos/BugsInPy/framework/bin/temp/black-9/bad/black/env/lib/python3.8/site-packages/pip/_vendor/pyparsing/core.py:2375:        Keyword("start").parse_string("start")  # -> ['start']
/Users/marcus/repos/BugsInPy/framework/bin/temp/black-9/bad/black/env/lib/python3.8/site-packages/pip/_vendor/pyparsing/core.py:2376:        Keyword("start").parse_string("starting")  # -> Exception
/Users/marcus/repos/BugsInPy/framework/bin/temp/black-9/bad/black/env/lib/python3.8/site-packages/pip/_vendor/pyparsing/core.py:2480:        CaselessLiteral("CMD")[1, ...].parse_string("cmd CMD Cmd10")
/Users/marcus/repos/BugsInPy/framework/bin/temp/black-9/bad/black/env/lib/python3.8/site-packages/pip/_vendor/pyparsing/core.py:2505:        CaselessKeyword("CMD")[1, ...].parse_string("cmd CMD Cmd10")
/Users/marcus/repos/BugsInPy/framework/bin/temp/black-9/bad/black/env/lib/python3.8/site-packages/pip/_vendor/pyparsing/core.py:2548:        patt.parse_string("ATCATCGAAXGGA") # -> (['ATCATCGAAXGGA'], {'mismatches': [[9]], 'original': ['ATCATCGAATGGA']})
/Users/marcus/repos/BugsInPy/framework/bin/temp/black-9/bad/black/env/lib/python3.8/site-packages/pip/_vendor/pyparsing/core.py:2549:        patt.parse_string("ATCAXCGAAXGGA") # -> Exception: Expected 'ATCATCGAATGGA' (with up to 1 mismatches) (at char 0), (line:1, col:1)
/Users/marcus/repos/BugsInPy/framework/bin/temp/black-9/bad/black/env/lib/python3.8/site-packages/pip/_vendor/pyparsing/core.py:2552:        patt.parse_string("ATCATCGAATGGA") # -> (['ATCATCGAATGGA'], {'mismatches': [[]], 'original': ['ATCATCGAATGGA']})
/Users/marcus/repos/BugsInPy/framework/bin/temp/black-9/bad/black/env/lib/python3.8/site-packages/pip/_vendor/pyparsing/core.py:2556:        patt.parse_string("ATCAXCGAAXGGA") # -> (['ATCAXCGAAXGGA'], {'mismatches': [[4, 9]], 'original': ['ATCATCGAATGGA']})
/Users/marcus/repos/BugsInPy/framework/bin/temp/black-9/bad/black/env/lib/python3.8/site-packages/pip/_vendor/pyparsing/core.py:3255:        print(delimited_list(csv_value).parse_string("dkls,lsdkjf,s12 34,@!#,213"))
/Users/marcus/repos/BugsInPy/framework/bin/temp/black-9/bad/black/env/lib/python3.8/site-packages/pip/_vendor/pyparsing/core.py:4505:        AtStringStart(Word(nums)).parse_string("123")

Calling tool: readTool
/Users/marcus/repos/BugsInPy/framework/bin/temp/black-9/bad/black/black.py
820:                # that delegates to the first child anyway.
821:                out(f" {node.prefix!r}", fg="green", bold=False, nl=False)
822:            out(f" {node.value!r}", fg="blue", bold=False)
823:
824:    @classmethod
825:    def show(cls, code: Union[str, Leaf, Node]) -> None:
826:        """Pretty-print the lib2to3 AST of a given string of `code`.
827:
828:        Convenience method for debugging.
829:        """
830:        v: DebugVisitor[None] = DebugVisitor()
831:        if isinstance(code, str):
832:            code = lib2to3_parse(code)
833:        list(v.visit(code))
834:
835:
836:WHITESPACE = {token.DEDENT, token.INDENT, token.NEWLINE}
837:STATEMENT = {
838:    syms.if_stmt,
839:    syms.while_stmt,
840:    syms.for_stmt,
841:    syms.try_stmt,
842:    syms.except_clause,
843:    syms.with_stmt,
844:    syms.funcdef,
845:    syms.classdef,
846:}
847:STANDALONE_COMMENT = 153
848:token.tok_name[STANDALONE_COMMENT] = "STANDALONE_COMMENT"
849:LOGIC_OPERATORS = {"and", "or"}
850:COMPARATORS = {
851:    token.LESS,
852:    token.GREATER,
853:    token.EQEQUAL,
854:    token.NOTEQUAL,
855:    token.LESSEQUAL,
856:    token.GREATEREQUAL,
857:}
858:MATH_OPERATORS = {
859:    token.VBAR,

Calling tool: grepTool
target_versions
Showing first 50 results from grep. Consider using a more specific pattern or path.
/Users/marcus/repos/BugsInPy/framework/bin/temp/black-9/bad/black/black.py.original:167:    target_versions: Set[TargetVersion] = Factory(set)
/Users/marcus/repos/BugsInPy/framework/bin/temp/black-9/bad/black/black.py.original:173:        if self.target_versions:
/Users/marcus/repos/BugsInPy/framework/bin/temp/black-9/bad/black/black.py.original:176:                for version in sorted(self.target_versions, key=lambda v: v.value)
/Users/marcus/repos/BugsInPy/framework/bin/temp/black-9/bad/black/black.py.original:189:def supports_feature(target_versions: Set[TargetVersion], feature: Feature) -> bool:
/Users/marcus/repos/BugsInPy/framework/bin/temp/black-9/bad/black/black.py.original:190:    return all(feature in VERSION_TO_FEATURES[version] for version in target_versions)
/Users/marcus/repos/BugsInPy/framework/bin/temp/black-9/bad/black/black.py.original:389:        target_versions=versions,
/Users/marcus/repos/BugsInPy/framework/bin/temp/black-9/bad/black/black.py.original:669:    src_node = lib2to3_parse(src_contents.lstrip(), mode.target_versions)
/Users/marcus/repos/BugsInPy/framework/bin/temp/black-9/bad/black/black.py.original:672:    if mode.target_versions:
/Users/marcus/repos/BugsInPy/framework/bin/temp/black-9/bad/black/black.py.original:673:        versions = mode.target_versions
/Users/marcus/repos/BugsInPy/framework/bin/temp/black-9/bad/black/black.py.original:675:        versions = detect_target_versions(src_node)
/Users/marcus/repos/BugsInPy/framework/bin/temp/black-9/bad/black/black.py.original:725:def get_grammars(target_versions: Set[TargetVersion]) -> List[Grammar]:
/Users/marcus/repos/BugsInPy/framework/bin/temp/black-9/bad/black/black.py.original:726:    if not target_versions:
/Users/marcus/repos/BugsInPy/framework/bin/temp/black-9/bad/black/black.py.original:728:    elif all(not version.is_python2() for version in target_versions):
/Users/marcus/repos/BugsInPy/framework/bin/temp/black-9/bad/black/black.py.original:738:def lib2to3_parse(src_txt: str, target_versions: Iterable[TargetVersion] = ()) -> Node:
/Users/marcus/repos/BugsInPy/framework/bin/temp/black-9/bad/black/black.py.original:743:    for grammar in get_grammars(set(target_versions)):
/Users/marcus/repos/BugsInPy/framework/bin/temp/black-9/bad/black/black.py.original:3078:def detect_target_versions(node: Node) -> Set[TargetVersion]:
/Users/marcus/repos/BugsInPy/framework/bin/temp/black-9/bad/black/black.py:167:    target_versions: Set[TargetVersion] = Factory(set)
/Users/marcus/repos/BugsInPy/framework/bin/temp/black-9/bad/black/black.py:173:        if self.target_versions:
/Users/marcus/repos/BugsInPy/framework/bin/temp/black-9/bad/black/black.py:176:                for version in sorted(self.target_versions, key=lambda v: v.value)
/Users/marcus/repos/BugsInPy/framework/bin/temp/black-9/bad/black/black.py:189:def supports_feature(target_versions: Set[TargetVersion], feature: Feature) -> bool:
/Users/marcus/repos/BugsInPy/framework/bin/temp/black-9/bad/black/black.py:190:    return all(feature in VERSION_TO_FEATURES[version] for version in target_versions)
/Users/marcus/repos/BugsInPy/framework/bin/temp/black-9/bad/black/black.py:389:        target_versions=versions,
/Users/marcus/repos/BugsInPy/framework/bin/temp/black-9/bad/black/black.py:669:    src_node = lib2to3_parse(src_contents.lstrip(), mode.target_versions)
/Users/marcus/repos/BugsInPy/framework/bin/temp/black-9/bad/black/black.py:672:    if mode.target_versions:
/Users/marcus/repos/BugsInPy/framework/bin/temp/black-9/bad/black/black.py:673:        versions = mode.target_versions
/Users/marcus/repos/BugsInPy/framework/bin/temp/black-9/bad/black/black.py:675:        versions = detect_target_versions(src_node)
/Users/marcus/repos/BugsInPy/framework/bin/temp/black-9/bad/black/black.py:725:def get_grammars(target_versions: Set[TargetVersion]) -> List[Grammar]:
/Users/marcus/repos/BugsInPy/framework/bin/temp/black-9/bad/black/black.py:726:    if not target_versions:
/Users/marcus/repos/BugsInPy/framework/bin/temp/black-9/bad/black/black.py:728:    elif all(not version.is_python2() for version in target_versions):
/Users/marcus/repos/BugsInPy/framework/bin/temp/black-9/bad/black/black.py:738:def lib2to3_parse(src_txt: str, target_versions: Iterable[TargetVersion] = ()) -> Node:
/Users/marcus/repos/BugsInPy/framework/bin/temp/black-9/bad/black/black.py:743:    for grammar in get_grammars(set(target_versions)):
/Users/marcus/repos/BugsInPy/framework/bin/temp/black-9/bad/black/black.py:3078:def detect_target_versions(node: Node) -> Set[TargetVersion]:
/Users/marcus/repos/BugsInPy/framework/bin/temp/black-9/bad/black/tests/test_black.py:434:        mode = black.FileMode(target_versions=black.PY36_VERSIONS)
/Users/marcus/repos/BugsInPy/framework/bin/temp/black-9/bad/black/tests/test_black.py:443:        mode = black.FileMode(target_versions=black.PY36_VERSIONS)
/Users/marcus/repos/BugsInPy/framework/bin/temp/black-9/bad/black/tests/test_black.py:467:        mode = black.FileMode(target_versions={black.TargetVersion.PY27})
/Users/marcus/repos/BugsInPy/framework/bin/temp/black-9/bad/black/tests/test_black.py:1177:        py36_mode = black.FileMode(target_versions=black.PY36_VERSIONS)
/Users/marcus/repos/BugsInPy/framework/bin/temp/black-9/bad/black/tests/test_black.py:1196:        py36_mode = black.FileMode(target_versions=black.PY36_VERSIONS)
/Users/marcus/repos/BugsInPy/framework/bin/temp/black-9/bad/black/blackd.py:100:            target_versions=versions,
/Users/marcus/repos/BugsInPy/framework/bin/temp/black-9/bad/black/env/src/black/blackd.py:100:            target_versions=versions,
/Users/marcus/repos/BugsInPy/framework/bin/temp/black-9/bad/black/env/src/black/black.py:167:    target_versions: Set[TargetVersion] = Factory(set)
/Users/marcus/repos/BugsInPy/framework/bin/temp/black-9/bad/black/env/src/black/black.py:173:        if self.target_versions:
/Users/marcus/repos/BugsInPy/framework/bin/temp/black-9/bad/black/env/src/black/black.py:176:                for version in sorted(self.target_versions, key=lambda v: v.value)
/Users/marcus/repos/BugsInPy/framework/bin/temp/black-9/bad/black/env/src/black/black.py:189:def supports_feature(target_versions: Set[TargetVersion], feature: Feature) -> bool:
/Users/marcus/repos/BugsInPy/framework/bin/temp/black-9/bad/black/env/src/black/black.py:190:    return all(feature in VERSION_TO_FEATURES[version] for version in target_versions)
/Users/marcus/repos/BugsInPy/framework/bin/temp/black-9/bad/black/env/src/black/black.py:389:        target_versions=versions,
/Users/marcus/repos/BugsInPy/framework/bin/temp/black-9/bad/black/env/src/black/black.py:669:    src_node = lib2to3_parse(src_contents.lstrip(), mode.target_versions)
/Users/marcus/repos/BugsInPy/framework/bin/temp/black-9/bad/black/env/src/black/black.py:672:    if mode.target_versions:
/Users/marcus/repos/BugsInPy/framework/bin/temp/black-9/bad/black/env/src/black/black.py:673:        versions = mode.target_versions
/Users/marcus/repos/BugsInPy/framework/bin/temp/black-9/bad/black/env/src/black/black.py:675:        versions = detect_target_versions(src_node)
/Users/marcus/repos/BugsInPy/framework/bin/temp/black-9/bad/black/env/src/black/black.py:725:def get_grammars(target_versions: Set[TargetVersion]) -> List[Grammar]:

Calling tool: grepTool
pygram\.
Matched content:
/Users/marcus/repos/BugsInPy/framework/bin/temp/black-9/bad/black/black.py.original:79:pygram.initialize(CACHE_DIR)
/Users/marcus/repos/BugsInPy/framework/bin/temp/black-9/bad/black/black.py.original:80:syms = pygram.python_symbols
/Users/marcus/repos/BugsInPy/framework/bin/temp/black-9/bad/black/black.py.original:719:    pygram.python_grammar_no_print_statement_no_exec_statement,
/Users/marcus/repos/BugsInPy/framework/bin/temp/black-9/bad/black/black.py.original:720:    pygram.python_grammar_no_print_statement,
/Users/marcus/repos/BugsInPy/framework/bin/temp/black-9/bad/black/black.py.original:721:    pygram.python_grammar,
/Users/marcus/repos/BugsInPy/framework/bin/temp/black-9/bad/black/black.py.original:731:            pygram.python_grammar_no_print_statement_no_exec_statement,
/Users/marcus/repos/BugsInPy/framework/bin/temp/black-9/bad/black/black.py.original:732:            pygram.python_grammar_no_print_statement,
/Users/marcus/repos/BugsInPy/framework/bin/temp/black-9/bad/black/black.py.original:735:        return [pygram.python_grammar]
/Users/marcus/repos/BugsInPy/framework/bin/temp/black-9/bad/black/env/src/black/black.py:79:pygram.initialize(CACHE_DIR)
/Users/marcus/repos/BugsInPy/framework/bin/temp/black-9/bad/black/env/src/black/black.py:80:syms = pygram.python_symbols
/Users/marcus/repos/BugsInPy/framework/bin/temp/black-9/bad/black/env/src/black/black.py:719:    pygram.python_grammar_no_print_statement_no_exec_statement,
/Users/marcus/repos/BugsInPy/framework/bin/temp/black-9/bad/black/env/src/black/black.py:720:    pygram.python_grammar_no_print_statement,
/Users/marcus/repos/BugsInPy/framework/bin/temp/black-9/bad/black/env/src/black/black.py:721:    pygram.python_grammar,
/Users/marcus/repos/BugsInPy/framework/bin/temp/black-9/bad/black/env/src/black/black.py:731:            pygram.python_grammar_no_print_statement_no_exec_statement,
/Users/marcus/repos/BugsInPy/framework/bin/temp/black-9/bad/black/env/src/black/black.py:732:            pygram.python_grammar_no_print_statement,
/Users/marcus/repos/BugsInPy/framework/bin/temp/black-9/bad/black/env/src/black/black.py:735:        return [pygram.python_grammar]
/Users/marcus/repos/BugsInPy/framework/bin/temp/black-9/bad/black/black.py:79:pygram.initialize(CACHE_DIR)
/Users/marcus/repos/BugsInPy/framework/bin/temp/black-9/bad/black/black.py:80:syms = pygram.python_symbols
/Users/marcus/repos/BugsInPy/framework/bin/temp/black-9/bad/black/black.py:719:    pygram.python_grammar_no_print_statement_no_exec_statement,
/Users/marcus/repos/BugsInPy/framework/bin/temp/black-9/bad/black/black.py:720:    pygram.python_grammar_no_print_statement,
/Users/marcus/repos/BugsInPy/framework/bin/temp/black-9/bad/black/black.py:721:    pygram.python_grammar,
/Users/marcus/repos/BugsInPy/framework/bin/temp/black-9/bad/black/black.py:731:            pygram.python_grammar_no_print_statement_no_exec_statement,
/Users/marcus/repos/BugsInPy/framework/bin/temp/black-9/bad/black/black.py:732:            pygram.python_grammar_no_print_statement,
/Users/marcus/repos/BugsInPy/framework/bin/temp/black-9/bad/black/black.py:735:        return [pygram.python_grammar_no_print_statement]
/Users/marcus/repos/BugsInPy/framework/bin/temp/black-9/bad/black/env/lib/python3.8/site-packages/mypy-0.770.dist-info/RECORD:588:mypy/typeshed/stdlib/2and3/lib2to3/pygram.pyi,sha256=evWU9m1mfMk7l0xWWGpWOygGGAcp0whXRugDyfmZFxA,2272

Calling tool: grepTool
test_python2_print_function
Matched content:
/Users/marcus/repos/BugsInPy/framework/bin/temp/black-9/bad/black/coverage_bugsinpy.txt:1:coverage run -m unittest -q tests.test_black.BlackTestCase.test_python2_print_function
/Users/marcus/repos/BugsInPy/framework/bin/temp/black-9/bad/black/bugsinpy_run_test.sh:1:python -m unittest -q tests.test_black.BlackTestCase.test_python2_print_function
/Users/marcus/repos/BugsInPy/framework/bin/temp/black-9/bad/black/tests/test_black.py:465:    def test_python2_print_function(self) -> None:

Calling tool: readTool
/Users/marcus/repos/BugsInPy/framework/bin/temp/black-9/bad/black/tests/test_black.py
440:    @patch("black.dump_to_file", dump_to_stderr)
441:    def test_numeric_literals_ignoring_underscores(self) -> None:
442:        source, expected = read_data("numeric_literals_skip_underscores")
443:        mode = black.FileMode(target_versions=black.PY36_VERSIONS)
444:        actual = fs(source, mode=mode)
445:        self.assertFormatEqual(expected, actual)
446:        black.assert_equivalent(source, actual)
447:        black.assert_stable(source, actual, mode)
448:
449:    @patch("black.dump_to_file", dump_to_stderr)
450:    def test_numeric_literals_py2(self) -> None:
451:        source, expected = read_data("numeric_literals_py2")
452:        actual = fs(source)
453:        self.assertFormatEqual(expected, actual)
454:        black.assert_stable(source, actual, black.FileMode())
455:
456:    @patch("black.dump_to_file", dump_to_stderr)
457:    def test_python2(self) -> None:
458:        source, expected = read_data("python2")
459:        actual = fs(source)
460:        self.assertFormatEqual(expected, actual)
461:        # black.assert_equivalent(source, actual)
462:        black.assert_stable(source, actual, black.FileMode())
463:
464:    @patch("black.dump_to_file", dump_to_stderr)
465:    def test_python2_print_function(self) -> None:
466:        source, expected = read_data("python2_print_function")
467:        mode = black.FileMode(target_versions={black.TargetVersion.PY27})
468:        actual = fs(source, mode=mode)
469:        self.assertFormatEqual(expected, actual)
470:        black.assert_stable(source, actual, mode)
471:
472:    @patch("black.dump_to_file", dump_to_stderr)
473:    def test_python2_unicode_literals(self) -> None:
474:        source, expected = read_data("python2_unicode_literals")
475:        actual = fs(source)
476:        self.assertFormatEqual(expected, actual)
477:        black.assert_stable(source, actual, black.FileMode())
478:
479:    @patch("black.dump_to_file", dump_to_stderr)
480:    def test_stub(self) -> None:
481:        mode = black.FileMode(is_pyi=True)
482:        source, expected = read_data("stub.pyi")
483:        actual = fs(source, mode=mode)
484:        self.assertFormatEqual(expected, actual)
485:        black.assert_stable(source, actual, mode)
486:
487:    @patch("black.dump_to_file", dump_to_stderr)
488:    def test_python37(self) -> None:
489:        source, expected = read_data("python37")
490:        actual = fs(source)
491:        self.assertFormatEqual(expected, actual)
492:        major, minor = sys.version_info[:2]
493:        if major > 3 or (major == 3 and minor >= 7):
494:            black.assert_equivalent(source, actual)
495:        black.assert_stable(source, actual, black.FileMode())
496:
497:    @patch("black.dump_to_file", dump_to_stderr)
498:    def test_fmtonoff(self) -> None:
499:        source, expected = read_data("fmtonoff")

Calling tool: grepTool
get_grammars\(
Matched content:
/Users/marcus/repos/BugsInPy/framework/bin/temp/black-9/bad/black/black.py.original:725:def get_grammars(target_versions: Set[TargetVersion]) -> List[Grammar]:
/Users/marcus/repos/BugsInPy/framework/bin/temp/black-9/bad/black/black.py.original:743:    for grammar in get_grammars(set(target_versions)):
/Users/marcus/repos/BugsInPy/framework/bin/temp/black-9/bad/black/black.py:725:def get_grammars(target_versions: Set[TargetVersion]) -> List[Grammar]:
/Users/marcus/repos/BugsInPy/framework/bin/temp/black-9/bad/black/black.py:743:    for grammar in get_grammars(set(target_versions)):
/Users/marcus/repos/BugsInPy/framework/bin/temp/black-9/bad/black/env/src/black/black.py:725:def get_grammars(target_versions: Set[TargetVersion]) -> List[Grammar]:
/Users/marcus/repos/BugsInPy/framework/bin/temp/black-9/bad/black/env/src/black/black.py:743:    for grammar in get_grammars(set(target_versions)):

Calling tool: updateTodo
Todo Item Completed
Todo item was marked as CORRECT
Reason: Parsing always goes through lib2to3_parse, which iterates grammars from get_grammars(mode.target_versions). A project-wide search shows no direct use of pygram.python_grammar in the parse path (only in the grammar lists). The changed get_grammars implementation is therefore respected for the given mode.


Todo item 10 of 10 is correct
description: 'Ensure that no other parts of the code override or bypass `get_grammars()` for parsing (e.g., direct `pygram.python_grammar` use in the parse path), so the fix applies to parsing for the given mode.'
Validating todo item 1 of 10
description: 'Verify that `black.py:get_grammars()` logic was updated: when all target versions are NOT Python 2 (`all(not version.is_python2() for version in target_versions)`), it returns only `[pygram.python_grammar_no_print_statement_no_exec_statement, pygram.python_grammar_no_print_statement]` and does not include `pygram.python_grammar`.'

Calling tool: grepTool
def get_grammars\(
Matched content:
/Users/marcus/repos/BugsInPy/framework/bin/temp/black-9/bad/black/black.py.original:725:def get_grammars(target_versions: Set[TargetVersion]) -> List[Grammar]:
/Users/marcus/repos/BugsInPy/framework/bin/temp/black-9/bad/black/black.py:725:def get_grammars(target_versions: Set[TargetVersion]) -> List[Grammar]:
/Users/marcus/repos/BugsInPy/framework/bin/temp/black-9/bad/black/env/src/black/black.py:725:def get_grammars(target_versions: Set[TargetVersion]) -> List[Grammar]:

Calling tool: readTool
/Users/marcus/repos/BugsInPy/framework/bin/temp/black-9/bad/black/black.py
700:
701:def decode_bytes(src: bytes) -> Tuple[FileContent, Encoding, NewLine]:
702:    """Return a tuple of (decoded_contents, encoding, newline).
703:
704:    `newline` is either CRLF or LF but `decoded_contents` is decoded with
705:    universal newlines (i.e. only contains LF).
706:    """
707:    srcbuf = io.BytesIO(src)
708:    encoding, lines = tokenize.detect_encoding(srcbuf.readline)
709:    if not lines:
710:        return "", encoding, "\n"
711:
712:    newline = "\r\n" if b"\r\n" == lines[0][-2:] else "\n"
713:    srcbuf.seek(0)
714:    with io.TextIOWrapper(srcbuf, encoding) as tiow:
715:        return tiow.read(), encoding, newline
716:
717:
718:GRAMMARS = [
719:    pygram.python_grammar_no_print_statement_no_exec_statement,
720:    pygram.python_grammar_no_print_statement,
721:    pygram.python_grammar,
722:]
723:
724:
725:def get_grammars(target_versions: Set[TargetVersion]) -> List[Grammar]:
726:    if not target_versions:
727:        return GRAMMARS
728:    elif all(not version.is_python2() for version in target_versions):
729:        # Python 3-compatible code, so don't try Python 2 grammar
730:        return [
731:            pygram.python_grammar_no_print_statement_no_exec_statement,
732:            pygram.python_grammar_no_print_statement,
733:        ]
734:    else:
735:        return [pygram.python_grammar_no_print_statement]
736:
737:
738:def lib2to3_parse(src_txt: str, target_versions: Iterable[TargetVersion] = ()) -> Node:
739:    """Given a string with source, return the lib2to3 Node."""
740:    if src_txt[-1:] != "\n":
741:        src_txt += "\n"
742:
743:    for grammar in get_grammars(set(target_versions)):
744:        drv = driver.Driver(grammar, pytree.convert)
745:        try:
746:            result = drv.parse_string(src_txt, True)
747:            break
748:
749:        except ParseError as pe:
750:            lineno, column = pe.context[1]
751:            lines = src_txt.splitlines()
752:            try:
753:                faulty_line = lines[lineno - 1]
754:            except IndexError:
755:                faulty_line = "<line number missing in source>"
756:            exc = InvalidInput(f"Cannot parse: {lineno}:{column}: {faulty_line}")
757:    else:
758:        raise exc from None
759:
760:    if isinstance(result, Leaf):
761:        result = Node(syms.file_input, [result])
762:    return result
763:
764:
765:def lib2to3_unparse(node: Node) -> str:
766:    """Given a lib2to3 node, return its string representation."""
767:    code = str(node)
768:    return code
769:
770:
771:T = TypeVar("T")
772:
773:
774:class Visitor(Generic[T]):
775:    """Basic lib2to3 visitor that yields things of type `T` on `visit()`."""
776:
777:    def visit(self, node: LN) -> Iterator[T]:
778:        """Main method to visit `node` and its children.
779:

Calling tool: readTool
/Users/marcus/repos/BugsInPy/framework/bin/temp/black-9/bad/black/black.py.original
718:GRAMMARS = [
719:    pygram.python_grammar_no_print_statement_no_exec_statement,
720:    pygram.python_grammar_no_print_statement,
721:    pygram.python_grammar,
722:]
723:
724:
725:def get_grammars(target_versions: Set[TargetVersion]) -> List[Grammar]:
726:    if not target_versions:
727:        return GRAMMARS
728:    elif all(not version.is_python2() for version in target_versions):
729:        # Python 2-compatible code, so don't try Python 3 grammar.
730:        return [
731:            pygram.python_grammar_no_print_statement_no_exec_statement,
732:            pygram.python_grammar_no_print_statement,
733:        ]
734:    else:
735:        return [pygram.python_grammar]
736:
737:
738:def lib2to3_parse(src_txt: str, target_versions: Iterable[TargetVersion] = ()) -> Node:
739:    """Given a string with source, return the lib2to3 Node."""
740:    if src_txt[-1:] != "\n":
741:        src_txt += "\n"
742:
743:    for grammar in get_grammars(set(target_versions)):
744:        drv = driver.Driver(grammar, pytree.convert)
745:        try:
746:            result = drv.parse_string(src_txt, True)
747:            break

Calling tool: updateTodo
Todo Item Completed
Todo item was marked as CORRECT
Reason: In black.py:get_grammars(), the branch for all target versions not Python 2 now returns only [pygram.python_grammar_no_print_statement_no_exec_statement, pygram.python_grammar_no_print_statement] and excludes pygram.python_grammar, matching the todo. Verified at lines 725-735 of black.py.

Todo item 1 of 10 is correct
description: 'Verify that `black.py:get_grammars()` logic was updated: when all target versions are NOT Python 2 (`all(not version.is_python2() for version in target_versions)`), it returns only `[pygram.python_grammar_no_print_statement_no_exec_statement, pygram.python_grammar_no_print_statement]` and does not include `pygram.python_grammar`.'

Validating todo item 2 of 10
description: 'Verify that in `black.py:get_grammars()`, when ANY Python 2 target version is present (the `else` branch), it returns `[pygram.python_grammar_no_print_statement]` instead of `[pygram.python_grammar]`.'

Calling tool: grepTool
def get_grammars\(
Matched content:
/Users/marcus/repos/BugsInPy/framework/bin/temp/black-9/bad/black/black.py.original:725:def get_grammars(target_versions: Set[TargetVersion]) -> List[Grammar]:
/Users/marcus/repos/BugsInPy/framework/bin/temp/black-9/bad/black/black.py:725:def get_grammars(target_versions: Set[TargetVersion]) -> List[Grammar]:
/Users/marcus/repos/BugsInPy/framework/bin/temp/black-9/bad/black/env/src/black/black.py:725:def get_grammars(target_versions: Set[TargetVersion]) -> List[Grammar]:

Calling tool: readTool
/Users/marcus/repos/BugsInPy/framework/bin/temp/black-9/bad/black/black.py
710:        return "", encoding, "\n"
711:
712:    newline = "\r\n" if b"\r\n" == lines[0][-2:] else "\n"
713:    srcbuf.seek(0)
714:    with io.TextIOWrapper(srcbuf, encoding) as tiow:
715:        return tiow.read(), encoding, newline
716:
717:
718:GRAMMARS = [
719:    pygram.python_grammar_no_print_statement_no_exec_statement,
720:    pygram.python_grammar_no_print_statement,
721:    pygram.python_grammar,
722:]
723:
724:
725:def get_grammars(target_versions: Set[TargetVersion]) -> List[Grammar]:
726:    if not target_versions:
727:        return GRAMMARS
728:    elif all(not version.is_python2() for version in target_versions):
729:        # Python 3-compatible code, so don't try Python 2 grammar
730:        return [
731:            pygram.python_grammar_no_print_statement_no_exec_statement,
732:            pygram.python_grammar_no_print_statement,
733:        ]
734:    else:
735:        return [pygram.python_grammar_no_print_statement]
736:
737:
738:def lib2to3_parse(src_txt: str, target_versions: Iterable[TargetVersion] = ()) -> Node:
739:    """Given a string with source, return the lib2to3 Node."""
740:    if src_txt[-1:] != "\n":
741:        src_txt += "\n"
742:
743:    for grammar in get_grammars(set(target_versions)):
744:        drv = driver.Driver(grammar, pytree.convert)
745:        try:
746:            result = drv.parse_string(src_txt, True)
747:            break
748:
749:        except ParseError as pe:
750:            lineno, column = pe.context[1]
751:            lines = src_txt.splitlines()
752:            try:
753:                faulty_line = lines[lineno - 1]
754:            except IndexError:
755:                faulty_line = "<line number missing in source>"
756:            exc = InvalidInput(f"Cannot parse: {lineno}:{column}: {faulty_line}")
757:    else:
758:        raise exc from None
759:
760:    if isinstance(result, Leaf):
761:        result = Node(syms.file_input, [result])
762:    return result
763:
764:
765:def lib2to3_unparse(node: Node) -> str:
766:    """Given a lib2to3 node, return its string representation."""
767:    code = str(node)
768:    return code
769:
770:
771:T = TypeVar("T")
772:
773:
774:class Visitor(Generic[T]):
775:    """Basic lib2to3 visitor that yields things of type `T` on `visit()`."""
776:
777:    def visit(self, node: LN) -> Iterator[T]:
778:        """Main method to visit `node` and its children.
779:
780:        It tries to find a `visit_*()` method for the given `node.type`, like
781:        `visit_simple_stmt` for Node objects or `visit_INDENT` for Leaf objects.
782:        If no dedicated `visit_*()` method is found, chooses `visit_default()`
783:        instead.
784:
785:        Then yields objects of type `T` from the selected visitor.
786:        """
787:        if node.type < 256:
788:            name = token.tok_name[node.type]
789:        else:

Calling tool: readTool
/Users/marcus/repos/BugsInPy/framework/bin/temp/black-9/bad/black/env/src/black/black.py
718:GRAMMARS = [
719:    pygram.python_grammar_no_print_statement_no_exec_statement,
720:    pygram.python_grammar_no_print_statement,
721:    pygram.python_grammar,
722:]
723:
724:
725:def get_grammars(target_versions: Set[TargetVersion]) -> List[Grammar]:
726:    if not target_versions:
727:        return GRAMMARS
728:    elif all(not version.is_python2() for version in target_versions):
729:        # Python 2-compatible code, so don't try Python 3 grammar.
730:        return [
731:            pygram.python_grammar_no_print_statement_no_exec_statement,
732:            pygram.python_grammar_no_print_statement,
733:        ]
734:    else:
735:        return [pygram.python_grammar]
736:
737:
738:def lib2to3_parse(src_txt: str, target_versions: Iterable[TargetVersion] = ()) -> Node:
739:    """Given a string with source, return the lib2to3 Node."""
740:    if src_txt[-1:] != "\n":
741:        src_txt += "\n"
742:
743:    for grammar in get_grammars(set(target_versions)):
744:        drv = driver.Driver(grammar, pytree.convert)
745:        try:
746:            result = drv.parse_string(src_txt, True)
747:            break

Calling tool: updateTodo
Todo Item Completed
Todo item was marked as CORRECT
Reason: In black/black.py:get_grammars(), the else branch (when any Python 2 target is present) now returns [pygram.python_grammar_no_print_statement] as seen on lines 734-735. The condition uses all(not version.is_python2() ...) so any Python 2 version triggers this else branch, satisfying the requirement.

Todo item 2 of 10 is correct
description: 'Verify that in `black.py:get_grammars()`, when ANY Python 2 target version is present (the `else` branch), it returns `[pygram.python_grammar_no_print_statement]` instead of `[pygram.python_grammar]`.'

Validating todo item 3 of 10
description: 'Confirm the explanatory comment in `black.py:get_grammars()` accurately states: "Python 3-compatible code, so don't try Python 2 grammar" and reflects the new behavior (previous misleading wording removed).'

Calling tool: grepTool
def get_grammars\(
Matched content:
/Users/marcus/repos/BugsInPy/framework/bin/temp/black-9/bad/black/black.py.original:725:def get_grammars(target_versions: Set[TargetVersion]) -> List[Grammar]:
/Users/marcus/repos/BugsInPy/framework/bin/temp/black-9/bad/black/black.py:725:def get_grammars(target_versions: Set[TargetVersion]) -> List[Grammar]:
/Users/marcus/repos/BugsInPy/framework/bin/temp/black-9/bad/black/env/src/black/black.py:725:def get_grammars(target_versions: Set[TargetVersion]) -> List[Grammar]:

Calling tool: readTool
/Users/marcus/repos/BugsInPy/framework/bin/temp/black-9/bad/black/black.py
720:    pygram.python_grammar_no_print_statement,
721:    pygram.python_grammar,
722:]
723:
724:
725:def get_grammars(target_versions: Set[TargetVersion]) -> List[Grammar]:
726:    if not target_versions:
727:        return GRAMMARS
728:    elif all(not version.is_python2() for version in target_versions):
729:        # Python 3-compatible code, so don't try Python 2 grammar
730:        return [
731:            pygram.python_grammar_no_print_statement_no_exec_statement,
732:            pygram.python_grammar_no_print_statement,
733:        ]
734:    else:
735:        return [pygram.python_grammar_no_print_statement]
736:
737:
738:def lib2to3_parse(src_txt: str, target_versions: Iterable[TargetVersion] = ()) -> Node:
739:    """Given a string with source, return the lib2to3 Node."""
740:    if src_txt[-1:] != "\n":
741:        src_txt += "\n"
742:
743:    for grammar in get_grammars(set(target_versions)):
744:        drv = driver.Driver(grammar, pytree.convert)
745:        try:
746:            result = drv.parse_string(src_txt, True)
747:            break
748:
749:        except ParseError as pe:
750:            lineno, column = pe.context[1]
751:            lines = src_txt.splitlines()
752:            try:
753:                faulty_line = lines[lineno - 1]
754:            except IndexError:
755:                faulty_line = "<line number missing in source>"
756:            exc = InvalidInput(f"Cannot parse: {lineno}:{column}: {faulty_line}")
757:    else:
758:        raise exc from None
759:
760:    if isinstance(result, Leaf):
761:        result = Node(syms.file_input, [result])
762:    return result
763:
764:
765:def lib2to3_unparse(node: Node) -> str:
766:    """Given a lib2to3 node, return its string representation."""
767:    code = str(node)
768:    return code
769:
770:
771:T = TypeVar("T")
772:
773:
774:class Visitor(Generic[T]):
775:    """Basic lib2to3 visitor that yields things of type `T` on `visit()`."""
776:
777:    def visit(self, node: LN) -> Iterator[T]:
778:        """Main method to visit `node` and its children.
779:
780:        It tries to find a `visit_*()` method for the given `node.type`, like
781:        `visit_simple_stmt` for Node objects or `visit_INDENT` for Leaf objects.
782:        If no dedicated `visit_*()` method is found, chooses `visit_default()`
783:        instead.
784:
785:        Then yields objects of type `T` from the selected visitor.
786:        """
787:        if node.type < 256:
788:            name = token.tok_name[node.type]
789:        else:
790:            name = type_repr(node.type)
791:        yield from getattr(self, f"visit_{name}", self.visit_default)(node)
792:
793:    def visit_default(self, node: LN) -> Iterator[T]:
794:        """Default `visit_*()` implementation. Recurses to children of `node`."""
795:        if isinstance(node, Node):
796:            for child in node.children:
797:                yield from self.visit(child)
798:
799:

Calling tool: readTool
/Users/marcus/repos/BugsInPy/framework/bin/temp/black-9/bad/black/env/src/black/black.py
720:    pygram.python_grammar_no_print_statement,
721:    pygram.python_grammar,
722:]
723:
724:
725:def get_grammars(target_versions: Set[TargetVersion]) -> List[Grammar]:
726:    if not target_versions:
727:        return GRAMMARS
728:    elif all(not version.is_python2() for version in target_versions):
729:        # Python 2-compatible code, so don't try Python 3 grammar.
730:        return [
731:            pygram.python_grammar_no_print_statement_no_exec_statement,
732:            pygram.python_grammar_no_print_statement,
733:        ]
734:    else:
735:        return [pygram.python_grammar]
736:
737:
738:def lib2to3_parse(src_txt: str, target_versions: Iterable[TargetVersion] = ()) -> Node:
739:    """Given a string with source, return the lib2to3 Node."""
740:    if src_txt[-1:] != "\n":
741:        src_txt += "\n"
742:
743:    for grammar in get_grammars(set(target_versions)):
744:        drv = driver.Driver(grammar, pytree.convert)
745:        try:
746:            result = drv.parse_string(src_txt, True)
747:            break
748:
749:        except ParseError as pe:

Calling tool: updateTodo
Todo Item Completed
Todo item was marked as CORRECT
Reason: Inspected black.py:get_grammars(). At line 729 the comment now reads “Python 3-compatible code, so don't try Python 2 grammar” and the implementation returns the no_print/no_exec grammars accordingly, matching the new behavior and removing the previous misleading wording.

Todo item 3 of 10 is correct
description: 'Confirm the explanatory comment in `black.py:get_grammars()` accurately states: "Python 3-compatible code, so don't try Python 2 grammar" and reflects the new behavior (previous misleading wording removed).'

Validating todo item 4 of 10
description: 'Confirm that the global `GRAMMARS` list in `black.py` remains `[pygram.python_grammar_no_print_statement_no_exec_statement, pygram.python_grammar_no_print_statement, pygram.python_grammar]`, preserving default parse fallback order when no target versions are specified.'

Calling tool: grepTool
\bGRAMMARS\b
Matched content:
/Users/marcus/repos/BugsInPy/framework/bin/temp/black-9/bad/black/black.py.original:718:GRAMMARS = [
/Users/marcus/repos/BugsInPy/framework/bin/temp/black-9/bad/black/black.py.original:727:        return GRAMMARS
/Users/marcus/repos/BugsInPy/framework/bin/temp/black-9/bad/black/black.py:718:GRAMMARS = [
/Users/marcus/repos/BugsInPy/framework/bin/temp/black-9/bad/black/black.py:727:        return GRAMMARS
/Users/marcus/repos/BugsInPy/framework/bin/temp/black-9/bad/black/env/src/black/black.py:718:GRAMMARS = [
/Users/marcus/repos/BugsInPy/framework/bin/temp/black-9/bad/black/env/src/black/black.py:727:        return GRAMMARS

Calling tool: readTool
/Users/marcus/repos/BugsInPy/framework/bin/temp/black-9/bad/black/black.py
710:        return "", encoding, "\n"
711:
712:    newline = "\r\n" if b"\r\n" == lines[0][-2:] else "\n"
713:    srcbuf.seek(0)
714:    with io.TextIOWrapper(srcbuf, encoding) as tiow:
715:        return tiow.read(), encoding, newline
716:
717:
718:GRAMMARS = [
719:    pygram.python_grammar_no_print_statement_no_exec_statement,
720:    pygram.python_grammar_no_print_statement,
721:    pygram.python_grammar,
722:]
723:
724:
725:def get_grammars(target_versions: Set[TargetVersion]) -> List[Grammar]:
726:    if not target_versions:
727:        return GRAMMARS
728:    elif all(not version.is_python2() for version in target_versions):
729:        # Python 3-compatible code, so don't try Python 2 grammar
730:        return [
731:            pygram.python_grammar_no_print_statement_no_exec_statement,
732:            pygram.python_grammar_no_print_statement,
733:        ]
734:    else:
735:        return [pygram.python_grammar_no_print_statement]
736:
737:
738:def lib2to3_parse(src_txt: str, target_versions: Iterable[TargetVersion] = ()) -> Node:
739:    """Given a string with source, return the lib2to3 Node."""
740:    if src_txt[-1:] != "\n":
741:        src_txt += "\n"
742:
743:    for grammar in get_grammars(set(target_versions)):
744:        drv = driver.Driver(grammar, pytree.convert)
745:        try:
746:            result = drv.parse_string(src_txt, True)
747:            break
748:
749:        except ParseError as pe:

Calling tool: updateTodo
Todo Item Completed
Todo item was marked as CORRECT
Reason: Searched and read black.py around the GRAMMARS definition. The list is defined as [pygram.python_grammar_no_print_statement_no_exec_statement, pygram.python_grammar_no_print_statement, pygram.python_grammar] and get_grammars returns this when no target versions are specified, preserving the default fallback order.

Todo item 4 of 10 is correct
description: 'Confirm that the global `GRAMMARS` list in `black.py` remains `[pygram.python_grammar_no_print_statement_no_exec_statement, pygram.python_grammar_no_print_statement, pygram.python_grammar]`, preserving default parse fallback order when no target versions are specified.'

Validating todo item 5 of 10
description: 'Verify that `lib2to3_parse()` in `black.py` calls `get_grammars(set(target_versions))` and iterates grammars in the returned order, attempting to parse and falling back on `ParseError` until exhaustion (raising `InvalidInput` only after all grammars fail).'

Calling tool: grepTool
def lib2to3_parse\(
Matched content:
/Users/marcus/repos/BugsInPy/framework/bin/temp/black-9/bad/black/black.py.original:738:def lib2to3_parse(src_txt: str, target_versions: Iterable[TargetVersion] = ()) -> Node:
/Users/marcus/repos/BugsInPy/framework/bin/temp/black-9/bad/black/env/src/black/black.py:738:def lib2to3_parse(src_txt: str, target_versions: Iterable[TargetVersion] = ()) -> Node:
/Users/marcus/repos/BugsInPy/framework/bin/temp/black-9/bad/black/black.py:738:def lib2to3_parse(src_txt: str, target_versions: Iterable[TargetVersion] = ()) -> Node:

Calling tool: readTool
/Users/marcus/repos/BugsInPy/framework/bin/temp/black-9/bad/black/black.py
700:
701:def decode_bytes(src: bytes) -> Tuple[FileContent, Encoding, NewLine]:
702:    """Return a tuple of (decoded_contents, encoding, newline).
703:
704:    `newline` is either CRLF or LF but `decoded_contents` is decoded with
705:    universal newlines (i.e. only contains LF).
706:    """
707:    srcbuf = io.BytesIO(src)
708:    encoding, lines = tokenize.detect_encoding(srcbuf.readline)
709:    if not lines:
710:        return "", encoding, "\n"
711:
712:    newline = "\r\n" if b"\r\n" == lines[0][-2:] else "\n"
713:    srcbuf.seek(0)
714:    with io.TextIOWrapper(srcbuf, encoding) as tiow:
715:        return tiow.read(), encoding, newline
716:
717:
718:GRAMMARS = [
719:    pygram.python_grammar_no_print_statement_no_exec_statement,
720:    pygram.python_grammar_no_print_statement,
721:    pygram.python_grammar,
722:]
723:
724:
725:def get_grammars(target_versions: Set[TargetVersion]) -> List[Grammar]:
726:    if not target_versions:
727:        return GRAMMARS
728:    elif all(not version.is_python2() for version in target_versions):
729:        # Python 3-compatible code, so don't try Python 2 grammar
730:        return [
731:            pygram.python_grammar_no_print_statement_no_exec_statement,
732:            pygram.python_grammar_no_print_statement,
733:        ]
734:    else:
735:        return [pygram.python_grammar_no_print_statement]
736:
737:
738:def lib2to3_parse(src_txt: str, target_versions: Iterable[TargetVersion] = ()) -> Node:
739:    """Given a string with source, return the lib2to3 Node."""
740:    if src_txt[-1:] != "\n":
741:        src_txt += "\n"
742:
743:    for grammar in get_grammars(set(target_versions)):
744:        drv = driver.Driver(grammar, pytree.convert)
745:        try:
746:            result = drv.parse_string(src_txt, True)
747:            break
748:
749:        except ParseError as pe:
750:            lineno, column = pe.context[1]
751:            lines = src_txt.splitlines()
752:            try:
753:                faulty_line = lines[lineno - 1]
754:            except IndexError:
755:                faulty_line = "<line number missing in source>"
756:            exc = InvalidInput(f"Cannot parse: {lineno}:{column}: {faulty_line}")
757:    else:
758:        raise exc from None
759:
760:    if isinstance(result, Leaf):
761:        result = Node(syms.file_input, [result])
762:    return result
763:
764:
765:def lib2to3_unparse(node: Node) -> str:
766:    """Given a lib2to3 node, return its string representation."""
767:    code = str(node)
768:    return code
769:
770:
771:T = TypeVar("T")
772:
773:
774:class Visitor(Generic[T]):
775:    """Basic lib2to3 visitor that yields things of type `T` on `visit()`."""
776:
777:    def visit(self, node: LN) -> Iterator[T]:
778:        """Main method to visit `node` and its children.
779:
780:        It tries to find a `visit_*()` method for the given `node.type`, like
781:        `visit_simple_stmt` for Node objects or `visit_INDENT` for Leaf objects.
782:        If no dedicated `visit_*()` method is found, chooses `visit_default()`
783:        instead.
784:
785:        Then yields objects of type `T` from the selected visitor.
786:        """
787:        if node.type < 256:
788:            name = token.tok_name[node.type]
789:        else:
790:            name = type_repr(node.type)
791:        yield from getattr(self, f"visit_{name}", self.visit_default)(node)
792:
793:    def visit_default(self, node: LN) -> Iterator[T]:
794:        """Default `visit_*()` implementation. Recurses to children of `node`."""
795:        if isinstance(node, Node):
796:            for child in node.children:
797:                yield from self.visit(child)
798:
799:
800:@dataclass
801:class DebugVisitor(Visitor[T]):
802:    tree_depth: int = 0
803:
804:    def visit_default(self, node: LN) -> Iterator[T]:
805:        indent = " " * (2 * self.tree_depth)
806:        if isinstance(node, Node):
807:            _type = type_repr(node.type)
808:            out(f"{indent}{_type}", fg="yellow")
809:            self.tree_depth += 1
810:            for child in node.children:
811:                yield from self.visit(child)
812:
813:            self.tree_depth -= 1
814:            out(f"{indent}/{_type}", fg="yellow", bold=False)
815:        else:
816:            _type = token.tok_name.get(node.type, str(node.type))
817:            out(f"{indent}{_type}", fg="blue", nl=False)
818:            if node.prefix:
819:                # We don't have to handle prefixes for `Node` objects since

Calling tool: readTool
/Users/marcus/repos/BugsInPy/framework/bin/temp/black-9/bad/black/env/src/black/black.py
700:
701:def decode_bytes(src: bytes) -> Tuple[FileContent, Encoding, NewLine]:
702:    """Return a tuple of (decoded_contents, encoding, newline).
703:
704:    `newline` is either CRLF or LF but `decoded_contents` is decoded with
705:    universal newlines (i.e. only contains LF).
706:    """
707:    srcbuf = io.BytesIO(src)
708:    encoding, lines = tokenize.detect_encoding(srcbuf.readline)
709:    if not lines:
710:        return "", encoding, "\n"
711:
712:    newline = "\r\n" if b"\r\n" == lines[0][-2:] else "\n"
713:    srcbuf.seek(0)
714:    with io.TextIOWrapper(srcbuf, encoding) as tiow:
715:        return tiow.read(), encoding, newline
716:
717:
718:GRAMMARS = [
719:    pygram.python_grammar_no_print_statement_no_exec_statement,
720:    pygram.python_grammar_no_print_statement,
721:    pygram.python_grammar,
722:]
723:
724:
725:def get_grammars(target_versions: Set[TargetVersion]) -> List[Grammar]:
726:    if not target_versions:
727:        return GRAMMARS
728:    elif all(not version.is_python2() for version in target_versions):
729:        # Python 2-compatible code, so don't try Python 3 grammar.
730:        return [
731:            pygram.python_grammar_no_print_statement_no_exec_statement,
732:            pygram.python_grammar_no_print_statement,
733:        ]
734:    else:
735:        return [pygram.python_grammar]
736:
737:
738:def lib2to3_parse(src_txt: str, target_versions: Iterable[TargetVersion] = ()) -> Node:
739:    """Given a string with source, return the lib2to3 Node."""
740:    if src_txt[-1:] != "\n":
741:        src_txt += "\n"
742:
743:    for grammar in get_grammars(set(target_versions)):
744:        drv = driver.Driver(grammar, pytree.convert)
745:        try:
746:            result = drv.parse_string(src_txt, True)
747:            break
748:
749:        except ParseError as pe:
750:            lineno, column = pe.context[1]
751:            lines = src_txt.splitlines()
752:            try:
753:                faulty_line = lines[lineno - 1]
754:            except IndexError:
755:                faulty_line = "<line number missing in source>"
756:            exc = InvalidInput(f"Cannot parse: {lineno}:{column}: {faulty_line}")
757:    else:
758:        raise exc from None
759:
760:    if isinstance(result, Leaf):
761:        result = Node(syms.file_input, [result])
762:    return result
763:
764:
765:def lib2to3_unparse(node: Node) -> str:
766:    """Given a lib2to3 node, return its string representation."""
767:    code = str(node)
768:    return code
769:
770:
771:T = TypeVar("T")
772:
773:
774:class Visitor(Generic[T]):
775:    """Basic lib2to3 visitor that yields things of type `T` on `visit()`."""
776:
777:    def visit(self, node: LN) -> Iterator[T]:
778:        """Main method to visit `node` and its children.
779:
780:        It tries to find a `visit_*()` method for the given `node.type`, like
781:        `visit_simple_stmt` for Node objects or `visit_INDENT` for Leaf objects.
782:        If no dedicated `visit_*()` method is found, chooses `visit_default()`
783:        instead.
784:
785:        Then yields objects of type `T` from the selected visitor.
786:        """
787:        if node.type < 256:
788:            name = token.tok_name[node.type]
789:        else:
790:            name = type_repr(node.type)
791:        yield from getattr(self, f"visit_{name}", self.visit_default)(node)
792:
793:    def visit_default(self, node: LN) -> Iterator[T]:
794:        """Default `visit_*()` implementation. Recurses to children of `node`."""
795:        if isinstance(node, Node):
796:            for child in node.children:
797:                yield from self.visit(child)
798:
799:
800:@dataclass
801:class DebugVisitor(Visitor[T]):
802:    tree_depth: int = 0
803:
804:    def visit_default(self, node: LN) -> Iterator[T]:
805:        indent = " " * (2 * self.tree_depth)
806:        if isinstance(node, Node):
807:            _type = type_repr(node.type)
808:            out(f"{indent}{_type}", fg="yellow")
809:            self.tree_depth += 1
810:            for child in node.children:
811:                yield from self.visit(child)
812:
813:            self.tree_depth -= 1
814:            out(f"{indent}/{_type}", fg="yellow", bold=False)
815:        else:
816:            _type = token.tok_name.get(node.type, str(node.type))
817:            out(f"{indent}{_type}", fg="blue", nl=False)
818:            if node.prefix:
819:                # We don't have to handle prefixes for `Node` objects since

Calling tool: updateTodo
Todo Item Completed
Todo item was marked as CORRECT
Reason: In black.py, lib2to3_parse calls get_grammars(set(target_versions)) and iterates the returned grammars in order, attempting parse and breaking on success; on ParseError it records the error and continues, and only raises InvalidInput after the loop via the for-else block.

Todo item 5 of 10 is correct
description: 'Verify that `lib2to3_parse()` in `black.py` calls `get_grammars(set(target_versions))` and iterates grammars in the returned order, attempting to parse and falling back on `ParseError` until exhaustion (raising `InvalidInput` only after all grammars fail).'

Validating todo item 6 of 10
description: 'Verify that `TargetVersion.is_python2()` in `black.py` returns `True` only for `TargetVersion.PY27`, ensuring the conditional in `get_grammars()` correctly categorizes Python 2 targets.'

Calling tool: grepTool
class TargetVersion
Matched content:
/Users/marcus/repos/BugsInPy/framework/bin/temp/black-9/bad/black/black.py.original:115:class TargetVersion(Enum):
/Users/marcus/repos/BugsInPy/framework/bin/temp/black-9/bad/black/black.py:115:class TargetVersion(Enum):
/Users/marcus/repos/BugsInPy/framework/bin/temp/black-9/bad/black/env/src/black/black.py:115:class TargetVersion(Enum):

Calling tool: grepTool
is_python2\(
Matched content:
/Users/marcus/repos/BugsInPy/framework/bin/temp/black-9/bad/black/black.py.original:124:    def is_python2(self) -> bool:
/Users/marcus/repos/BugsInPy/framework/bin/temp/black-9/bad/black/black.py.original:728:    elif all(not version.is_python2() for version in target_versions):
/Users/marcus/repos/BugsInPy/framework/bin/temp/black-9/bad/black/black.py:124:    def is_python2(self) -> bool:
/Users/marcus/repos/BugsInPy/framework/bin/temp/black-9/bad/black/black.py:728:    elif all(not version.is_python2() for version in target_versions):
/Users/marcus/repos/BugsInPy/framework/bin/temp/black-9/bad/black/env/src/black/black.py:124:    def is_python2(self) -> bool:
/Users/marcus/repos/BugsInPy/framework/bin/temp/black-9/bad/black/env/src/black/black.py:728:    elif all(not version.is_python2() for version in target_versions):

Calling tool: readTool
/Users/marcus/repos/BugsInPy/framework/bin/temp/black-9/bad/black/black.py
110:    NO = 0
111:    CACHED = 1
112:    YES = 2
113:
114:
115:class TargetVersion(Enum):
116:    PY27 = 2
117:    PY33 = 3
118:    PY34 = 4
119:    PY35 = 5
120:    PY36 = 6
121:    PY37 = 7
122:    PY38 = 8
123:
124:    def is_python2(self) -> bool:
125:        return self is TargetVersion.PY27
126:
127:
128:PY36_VERSIONS = {TargetVersion.PY36, TargetVersion.PY37, TargetVersion.PY38}
129:
130:
131:class Feature(Enum):
132:    # All string literals are unicode
133:    UNICODE_LITERALS = 1
134:    F_STRINGS = 2
135:    NUMERIC_UNDERSCORES = 3
136:    TRAILING_COMMA = 4
137:
138:
139:VERSION_TO_FEATURES: Dict[TargetVersion, Set[Feature]] = {
140:    TargetVersion.PY27: set(),
141:    TargetVersion.PY33: {Feature.UNICODE_LITERALS},
142:    TargetVersion.PY34: {Feature.UNICODE_LITERALS},
143:    TargetVersion.PY35: {Feature.UNICODE_LITERALS, Feature.TRAILING_COMMA},
144:    TargetVersion.PY36: {
145:        Feature.UNICODE_LITERALS,
146:        Feature.F_STRINGS,
147:        Feature.NUMERIC_UNDERSCORES,
148:        Feature.TRAILING_COMMA,
149:    },
150:    TargetVersion.PY37: {
151:        Feature.UNICODE_LITERALS,
152:        Feature.F_STRINGS,
153:        Feature.NUMERIC_UNDERSCORES,
154:        Feature.TRAILING_COMMA,
155:    },
156:    TargetVersion.PY38: {
157:        Feature.UNICODE_LITERALS,
158:        Feature.F_STRINGS,
159:        Feature.NUMERIC_UNDERSCORES,
160:        Feature.TRAILING_COMMA,
161:    },
162:}
163:
164:
165:@dataclass
166:class FileMode:
167:    target_versions: Set[TargetVersion] = Factory(set)
168:    line_length: int = DEFAULT_LINE_LENGTH
169:    string_normalization: bool = True
170:    is_pyi: bool = False
171:
172:    def get_cache_key(self) -> str:
173:        if self.target_versions:
174:            version_str = ",".join(
175:                str(version.value)
176:                for version in sorted(self.target_versions, key=lambda v: v.value)
177:            )
178:        else:
179:            version_str = "-"
180:        parts = [
181:            version_str,
182:            str(self.line_length),
183:            str(int(self.string_normalization)),
184:            str(int(self.is_pyi)),
185:        ]
186:        return ".".join(parts)
187:
188:
189:def supports_feature(target_versions: Set[TargetVersion], feature: Feature) -> bool:

Calling tool: readTool
/Users/marcus/repos/BugsInPy/framework/bin/temp/black-9/bad/black/black.py
720:    pygram.python_grammar_no_print_statement,
721:    pygram.python_grammar,
722:]
723:
724:
725:def get_grammars(target_versions: Set[TargetVersion]) -> List[Grammar]:
726:    if not target_versions:
727:        return GRAMMARS
728:    elif all(not version.is_python2() for version in target_versions):
729:        # Python 3-compatible code, so don't try Python 2 grammar
730:        return [
731:            pygram.python_grammar_no_print_statement_no_exec_statement,
732:            pygram.python_grammar_no_print_statement,
733:        ]
734:    else:
735:        return [pygram.python_grammar_no_print_statement]
736:
737:
738:def lib2to3_parse(src_txt: str, target_versions: Iterable[TargetVersion] = ()) -> Node:
739:    """Given a string with source, return the lib2to3 Node."""
740:    if src_txt[-1:] != "\n":
741:        src_txt += "\n"
742:
743:    for grammar in get_grammars(set(target_versions)):
744:        drv = driver.Driver(grammar, pytree.convert)
745:        try:
746:            result = drv.parse_string(src_txt, True)
747:            break
748:
749:        except ParseError as pe:
750:            lineno, column = pe.context[1]
751:            lines = src_txt.splitlines()
752:            try:
753:                faulty_line = lines[lineno - 1]
754:            except IndexError:
755:                faulty_line = "<line number missing in source>"
756:            exc = InvalidInput(f"Cannot parse: {lineno}:{column}: {faulty_line}")
757:    else:
758:        raise exc from None
759:

Calling tool: updateTodo
Todo Item Completed
Todo item was marked as CORRECT
Reason: In black.py, TargetVersion.is_python2() returns `self is TargetVersion.PY27` (line 124), so it’s True only for PY27. get_grammars() uses `all(not version.is_python2() for version in target_versions)` to detect non-Python 2 targets, thus correctly categorizing Python 2 vs 3.

Todo item 6 of 10 is correct
description: 'Verify that `TargetVersion.is_python2()` in `black.py` returns `True` only for `TargetVersion.PY27`, ensuring the conditional in `get_grammars()` correctly categorizes Python 2 targets.'

Validating todo item 7 of 10
description: 'Check that `blib2to3.pygram` provides `python_grammar_no_print_statement_no_exec_statement` and `python_grammar_no_print_statement` and that they are imported via `from blib2to3 import pygram` in `black.py` (no missing imports or typos).'

Calling tool: grepTool
from blib2to3 import pygram
Matched content:
/Users/marcus/repos/BugsInPy/framework/bin/temp/black-9/bad/black/black.py.original:46:from blib2to3 import pygram, pytree
/Users/marcus/repos/BugsInPy/framework/bin/temp/black-9/bad/black/black.py:46:from blib2to3 import pygram, pytree
/Users/marcus/repos/BugsInPy/framework/bin/temp/black-9/bad/black/env/src/black/black.py:46:from blib2to3 import pygram, pytree

Calling tool: globTool
**/blib2to3/*pygram*
Matched files:
/Users/marcus/repos/BugsInPy/framework/bin/temp/black-9/bad/black/blib2to3/pygram.pyi
/Users/marcus/repos/BugsInPy/framework/bin/temp/black-9/bad/black/blib2to3/pygram.py
/Users/marcus/repos/BugsInPy/framework/bin/temp/black-9/bad/black/env/src/black/blib2to3/pygram.pyi
/Users/marcus/repos/BugsInPy/framework/bin/temp/black-9/bad/black/env/src/black/blib2to3/pygram.py

Calling tool: grepTool
python_grammar_no_print_statement_no_exec_statement|python_grammar_no_print_statement
Grep command failed with exit code 2: rg: .rgignore: No such file or directory (os error 2)
rg: /Users/marcus/repos/BugsInPy/framework/bin/temp/black-9/bad/black/bad/black: IO error for operation on /Users/marcus/repos/BugsInPy/framework/bin/temp/black-9/bad/black/bad/black: No such file or directory (os error 2)


Calling tool: grepTool
python_grammar_no_print_statement_no_exec_statement|python_grammar_no_print_statement
Matched content:
/Users/marcus/repos/BugsInPy/framework/bin/temp/black-9/bad/black/black.py.original:719:    pygram.python_grammar_no_print_statement_no_exec_statement,
/Users/marcus/repos/BugsInPy/framework/bin/temp/black-9/bad/black/black.py.original:720:    pygram.python_grammar_no_print_statement,
/Users/marcus/repos/BugsInPy/framework/bin/temp/black-9/bad/black/black.py.original:731:            pygram.python_grammar_no_print_statement_no_exec_statement,
/Users/marcus/repos/BugsInPy/framework/bin/temp/black-9/bad/black/black.py.original:732:            pygram.python_grammar_no_print_statement,
/Users/marcus/repos/BugsInPy/framework/bin/temp/black-9/bad/black/blib2to3/pygram.pyi:119:python_grammar_no_print_statement: Grammar
/Users/marcus/repos/BugsInPy/framework/bin/temp/black-9/bad/black/blib2to3/pygram.pyi:120:python_grammar_no_print_statement_no_exec_statement: Grammar
/Users/marcus/repos/BugsInPy/framework/bin/temp/black-9/bad/black/blib2to3/pygram.py:34:    global python_grammar_no_print_statement
/Users/marcus/repos/BugsInPy/framework/bin/temp/black-9/bad/black/blib2to3/pygram.py:35:    global python_grammar_no_print_statement_no_exec_statement
/Users/marcus/repos/BugsInPy/framework/bin/temp/black-9/bad/black/blib2to3/pygram.py:47:    python_grammar_no_print_statement = python_grammar.copy()
/Users/marcus/repos/BugsInPy/framework/bin/temp/black-9/bad/black/blib2to3/pygram.py:48:    del python_grammar_no_print_statement.keywords["print"]
/Users/marcus/repos/BugsInPy/framework/bin/temp/black-9/bad/black/blib2to3/pygram.py:51:    python_grammar_no_print_statement_no_exec_statement = python_grammar.copy()
/Users/marcus/repos/BugsInPy/framework/bin/temp/black-9/bad/black/blib2to3/pygram.py:52:    del python_grammar_no_print_statement_no_exec_statement.keywords["print"]
/Users/marcus/repos/BugsInPy/framework/bin/temp/black-9/bad/black/blib2to3/pygram.py:53:    del python_grammar_no_print_statement_no_exec_statement.keywords["exec"]
/Users/marcus/repos/BugsInPy/framework/bin/temp/black-9/bad/black/black.py:719:    pygram.python_grammar_no_print_statement_no_exec_statement,
/Users/marcus/repos/BugsInPy/framework/bin/temp/black-9/bad/black/black.py:720:    pygram.python_grammar_no_print_statement,
/Users/marcus/repos/BugsInPy/framework/bin/temp/black-9/bad/black/black.py:731:            pygram.python_grammar_no_print_statement_no_exec_statement,
/Users/marcus/repos/BugsInPy/framework/bin/temp/black-9/bad/black/black.py:732:            pygram.python_grammar_no_print_statement,
/Users/marcus/repos/BugsInPy/framework/bin/temp/black-9/bad/black/black.py:735:        return [pygram.python_grammar_no_print_statement]
/Users/marcus/repos/BugsInPy/framework/bin/temp/black-9/bad/black/env/src/black/blib2to3/pygram.pyi:119:python_grammar_no_print_statement: Grammar
/Users/marcus/repos/BugsInPy/framework/bin/temp/black-9/bad/black/env/src/black/blib2to3/pygram.pyi:120:python_grammar_no_print_statement_no_exec_statement: Grammar
/Users/marcus/repos/BugsInPy/framework/bin/temp/black-9/bad/black/env/src/black/blib2to3/pygram.py:34:    global python_grammar_no_print_statement
/Users/marcus/repos/BugsInPy/framework/bin/temp/black-9/bad/black/env/src/black/blib2to3/pygram.py:35:    global python_grammar_no_print_statement_no_exec_statement
/Users/marcus/repos/BugsInPy/framework/bin/temp/black-9/bad/black/env/src/black/blib2to3/pygram.py:47:    python_grammar_no_print_statement = python_grammar.copy()
/Users/marcus/repos/BugsInPy/framework/bin/temp/black-9/bad/black/env/src/black/blib2to3/pygram.py:48:    del python_grammar_no_print_statement.keywords["print"]
/Users/marcus/repos/BugsInPy/framework/bin/temp/black-9/bad/black/env/src/black/blib2to3/pygram.py:51:    python_grammar_no_print_statement_no_exec_statement = python_grammar.copy()
/Users/marcus/repos/BugsInPy/framework/bin/temp/black-9/bad/black/env/src/black/blib2to3/pygram.py:52:    del python_grammar_no_print_statement_no_exec_statement.keywords["print"]
/Users/marcus/repos/BugsInPy/framework/bin/temp/black-9/bad/black/env/src/black/blib2to3/pygram.py:53:    del python_grammar_no_print_statement_no_exec_statement.keywords["exec"]
/Users/marcus/repos/BugsInPy/framework/bin/temp/black-9/bad/black/env/src/black/black.py:719:    pygram.python_grammar_no_print_statement_no_exec_statement,
/Users/marcus/repos/BugsInPy/framework/bin/temp/black-9/bad/black/env/src/black/black.py:720:    pygram.python_grammar_no_print_statement,
/Users/marcus/repos/BugsInPy/framework/bin/temp/black-9/bad/black/env/src/black/black.py:731:            pygram.python_grammar_no_print_statement_no_exec_statement,
/Users/marcus/repos/BugsInPy/framework/bin/temp/black-9/bad/black/env/src/black/black.py:732:            pygram.python_grammar_no_print_statement,
/Users/marcus/repos/BugsInPy/framework/bin/temp/black-9/bad/black/env/lib/python3.8/site-packages/mypy/typeshed/stdlib/2and3/lib2to3/pygram.pyi:115:python_grammar_no_print_statement: Grammar

Calling tool: readTool
/Users/marcus/repos/BugsInPy/framework/bin/temp/black-9/bad/black/black.py
1:import asyncio
2:from asyncio.base_events import BaseEventLoop
3:from concurrent.futures import Executor, ProcessPoolExecutor
4:from datetime import datetime
5:from enum import Enum
6:from functools import lru_cache, partial, wraps
7:import io
8:import itertools
9:import logging
10:from multiprocessing import Manager, freeze_support
11:import os
12:from pathlib import Path
13:import pickle
14:import re
15:import signal
16:import sys
17:import tempfile
18:import tokenize
19:from typing import (
20:    Any,
21:    Callable,
22:    Collection,
23:    Dict,
24:    Generator,
25:    Generic,
26:    Iterable,
27:    Iterator,
28:    List,
29:    Optional,
30:    Pattern,
31:    Sequence,
32:    Set,
33:    Tuple,
34:    TypeVar,
35:    Union,
36:    cast,
37:)
38:
39:from appdirs import user_cache_dir
40:from attr import dataclass, evolve, Factory
41:import click
42:import toml
43:
44:# lib2to3 fork
45:from blib2to3.pytree import Node, Leaf, type_repr
46:from blib2to3 import pygram, pytree
47:from blib2to3.pgen2 import driver, token
48:from blib2to3.pgen2.grammar import Grammar
49:from blib2to3.pgen2.parse import ParseError
50:
51:
52:__version__ = "19.3b0"
53:DEFAULT_LINE_LENGTH = 88
54:DEFAULT_EXCLUDES = (
55:    r"/(\.eggs|\.git|\.hg|\.mypy_cache|\.nox|\.tox|\.venv|_build|buck-out|build|dist)/"
56:)
57:DEFAULT_INCLUDES = r"\.pyi?$"
58:CACHE_DIR = Path(user_cache_dir("black", version=__version__))
59:
60:
61:# types
62:FileContent = str
63:Encoding = str
64:NewLine = str
65:Depth = int
66:NodeType = int
67:LeafID = int
68:Priority = int
69:Index = int
70:LN = Union[Leaf, Node]
71:SplitFunc = Callable[["Line", bool], Iterator["Line"]]
72:Timestamp = float
73:FileSize = int
74:CacheInfo = Tuple[Timestamp, FileSize]
75:Cache = Dict[Path, CacheInfo]
76:out = partial(click.secho, bold=True, err=True)
77:err = partial(click.secho, fg="red", err=True)
78:
79:pygram.initialize(CACHE_DIR)
80:syms = pygram.python_symbols

Calling tool: readTool
/Users/marcus/repos/BugsInPy/framework/bin/temp/black-9/bad/black/blib2to3/pygram.py
1:# Copyright 2006 Google, Inc. All Rights Reserved.
2:# Licensed to PSF under a Contributor Agreement.
3:
4:"""Export the Python grammar and symbols."""
5:
6:# Python imports
7:import os
8:
9:# Local imports
10:from .pgen2 import token
11:from .pgen2 import driver
12:from . import pytree
13:
14:# The grammar file
15:_GRAMMAR_FILE = os.path.join(os.path.dirname(__file__), "Grammar.txt")
16:_PATTERN_GRAMMAR_FILE = os.path.join(os.path.dirname(__file__),
17:                                     "PatternGrammar.txt")
18:
19:
20:class Symbols(object):
21:
22:    def __init__(self, grammar):
23:        """Initializer.
24:
25:        Creates an attribute for each grammar symbol (nonterminal),
26:        whose value is the symbol's type (an int >= 256).
27:        """
28:        for name, symbol in grammar.symbol2number.items():
29:            setattr(self, name, symbol)
30:
31:
32:def initialize(cache_dir=None):
33:    global python_grammar
34:    global python_grammar_no_print_statement
35:    global python_grammar_no_print_statement_no_exec_statement
36:    global python_symbols
37:    global pattern_grammar
38:    global pattern_symbols
39:
40:    # Python 2
41:    python_grammar = driver.load_packaged_grammar("blib2to3", _GRAMMAR_FILE,
42:                                                  cache_dir)
43:
44:    python_symbols = Symbols(python_grammar)
45:
46:    # Python 2 + from __future__ import print_function
47:    python_grammar_no_print_statement = python_grammar.copy()
48:    del python_grammar_no_print_statement.keywords["print"]
49:
50:    # Python 3
51:    python_grammar_no_print_statement_no_exec_statement = python_grammar.copy()
52:    del python_grammar_no_print_statement_no_exec_statement.keywords["print"]
53:    del python_grammar_no_print_statement_no_exec_statement.keywords["exec"]
54:
55:    pattern_grammar = driver.load_packaged_grammar("blib2to3", _PATTERN_GRAMMAR_FILE,
56:                                                   cache_dir)
57:    pattern_symbols = Symbols(pattern_grammar)

Calling tool: updateTodo
Todo Item Completed
Todo item was marked as CORRECT
Reason: Verified blib2to3/pygram.py defines python_grammar_no_print_statement and python_grammar_no_print_statement_no_exec_statement, and black.py imports them via `from blib2to3 import pygram`. black.py references the exact names and calls pygram.initialize() to populate them; no typos or missing imports found.

Todo item 7 of 10 is correct
description: 'Check that `blib2to3.pygram` provides `python_grammar_no_print_statement_no_exec_statement` and `python_grammar_no_print_statement` and that they are imported via `from blib2to3 import pygram` in `black.py` (no missing imports or typos).'

Validating todo item 8 of 10
description: 'Validate that the test `tests/test_black.py::BlackTestCase::test_python2_print_function` constructs a `FileMode` with `target_versions={black.TargetVersion.PY27}` and formats the input using `fs(source, mode=mode)`.'

Calling tool: grepTool
class BlackTestCase
Matched content:
/Users/marcus/repos/BugsInPy/framework/bin/temp/black-9/bad/black/tests/test_black.py:139:class BlackTestCase(unittest.TestCase):
/Users/marcus/repos/BugsInPy/framework/bin/temp/black-9/bad/black/env/src/black/tests/test_black.py:139:class BlackTestCase(unittest.TestCase):

Calling tool: grepTool
def test_python2_print_function
Matched content:
465:    def test_python2_print_function(self) -> None:

Calling tool: readTool
/Users/marcus/repos/BugsInPy/framework/bin/temp/black-9/bad/black/tests/test_black.py
450:    def test_numeric_literals_py2(self) -> None:
451:        source, expected = read_data("numeric_literals_py2")
452:        actual = fs(source)
453:        self.assertFormatEqual(expected, actual)
454:        black.assert_stable(source, actual, black.FileMode())
455:
456:    @patch("black.dump_to_file", dump_to_stderr)
457:    def test_python2(self) -> None:
458:        source, expected = read_data("python2")
459:        actual = fs(source)
460:        self.assertFormatEqual(expected, actual)
461:        # black.assert_equivalent(source, actual)
462:        black.assert_stable(source, actual, black.FileMode())
463:
464:    @patch("black.dump_to_file", dump_to_stderr)
465:    def test_python2_print_function(self) -> None:
466:        source, expected = read_data("python2_print_function")
467:        mode = black.FileMode(target_versions={black.TargetVersion.PY27})
468:        actual = fs(source, mode=mode)
469:        self.assertFormatEqual(expected, actual)
470:        black.assert_stable(source, actual, mode)
471:
472:    @patch("black.dump_to_file", dump_to_stderr)
473:    def test_python2_unicode_literals(self) -> None:
474:        source, expected = read_data("python2_unicode_literals")
475:        actual = fs(source)
476:        self.assertFormatEqual(expected, actual)
477:        black.assert_stable(source, actual, black.FileMode())
478:
479:    @patch("black.dump_to_file", dump_to_stderr)
480:    def test_stub(self) -> None:
481:        mode = black.FileMode(is_pyi=True)
482:        source, expected = read_data("stub.pyi")
483:        actual = fs(source, mode=mode)
484:        self.assertFormatEqual(expected, actual)
485:        black.assert_stable(source, actual, mode)
486:
487:    @patch("black.dump_to_file", dump_to_stderr)
488:    def test_python37(self) -> None:
489:        source, expected = read_data("python37")
490:        actual = fs(source)
491:        self.assertFormatEqual(expected, actual)
492:        major, minor = sys.version_info[:2]
493:        if major > 3 or (major == 3 and minor >= 7):
494:            black.assert_equivalent(source, actual)
495:        black.assert_stable(source, actual, black.FileMode())
496:
497:    @patch("black.dump_to_file", dump_to_stderr)
498:    def test_fmtonoff(self) -> None:
499:        source, expected = read_data("fmtonoff")
500:        actual = fs(source)
501:        self.assertFormatEqual(expected, actual)
502:        black.assert_equivalent(source, actual)
503:        black.assert_stable(source, actual, black.FileMode())
504:
505:    @patch("black.dump_to_file", dump_to_stderr)
506:    def test_fmtonoff2(self) -> None:
507:        source, expected = read_data("fmtonoff2")
508:        actual = fs(source)
509:        self.assertFormatEqual(expected, actual)
510:        black.assert_equivalent(source, actual)
511:        black.assert_stable(source, actual, black.FileMode())
512:
513:    @patch("black.dump_to_file", dump_to_stderr)
514:    def test_remove_empty_parentheses_after_class(self) -> None:
515:        source, expected = read_data("class_blank_parentheses")
516:        actual = fs(source)
517:        self.assertFormatEqual(expected, actual)
518:        black.assert_equivalent(source, actual)
519:        black.assert_stable(source, actual, black.FileMode())
520:
521:    @patch("black.dump_to_file", dump_to_stderr)
522:    def test_new_line_between_class_and_code(self) -> None:
523:        source, expected = read_data("class_methods_new_line")
524:        actual = fs(source)
525:        self.assertFormatEqual(expected, actual)
526:        black.assert_equivalent(source, actual)
527:        black.assert_stable(source, actual, black.FileMode())
528:
529:    @patch("black.dump_to_file", dump_to_stderr)

Calling tool: updateTodo
Todo Item Completed
Todo item was marked as CORRECT
Reason: In tests/test_black.py, the method test_python2_print_function sets mode = black.FileMode(target_versions={black.TargetVersion.PY27}) and calls fs(source, mode=mode) to format. Verified by reading lines 465-470 of the file.

Todo item 8 of 10 is correct
description: 'Validate that the test `tests/test_black.py::BlackTestCase::test_python2_print_function` constructs a `FileMode` with `target_versions={black.TargetVersion.PY27}` and formats the input using `fs(source, mode=mode)`.'

Validating todo item 9 of 10
description: 'Inspect `tests/data/python2_print_function.py` to confirm the input includes `from __future__ import print_function` and `print(...)` calls (including unicode literal and file= keyword), and that the expected output has no space between `print` and `(` and only normalizes quotes.'

Calling tool: globTool
**/tests/data/python2_print_function.py
Matched files:
/Users/marcus/repos/BugsInPy/framework/bin/temp/black-9/bad/black/tests/data/python2_print_function.py

Calling tool: readTool
/Users/marcus/repos/BugsInPy/framework/bin/temp/black-9/bad/black/tests/data/python2_print_function.py
1:#!/usr/bin/env python2
2:from __future__ import print_function
3:
4:print('hello')
5:print(u'hello')
6:print(a, file=sys.stderr)
7:
8:# output
9:
10:
11:#!/usr/bin/env python2
12:from __future__ import print_function
13:
14:print("hello")
15:print(u"hello")
16:print(a, file=sys.stderr)

Calling tool: grepTool
from __future__ import print_function
Matched content:
/Users/marcus/repos/BugsInPy/framework/bin/temp/black-9/bad/black/tests/data/python2_unicode_literals.py:4:from __future__ import print_function as lol, with_function
/Users/marcus/repos/BugsInPy/framework/bin/temp/black-9/bad/black/tests/data/python2_unicode_literals.py:16:from __future__ import print_function as lol, with_function
/Users/marcus/repos/BugsInPy/framework/bin/temp/black-9/bad/black/tests/data/python2_print_function.py:2:from __future__ import print_function
/Users/marcus/repos/BugsInPy/framework/bin/temp/black-9/bad/black/tests/data/python2_print_function.py:12:from __future__ import print_function

Calling tool: grepTool
print\(
Matched content:
4:print('hello')
5:print(u'hello')
6:print(a, file=sys.stderr)
14:print("hello")
15:print(u"hello")
16:print(a, file=sys.stderr)

Calling tool: updateTodo
Todo Item Completed
Todo item was marked as CORRECT
Reason: The test file `tests/data/python2_print_function.py` contains input with `from __future__ import print_function` and `print(...)` calls including a unicode literal and `file=` keyword, and the expected output section shows no space between `print` and `(` with only quote normalization from single to double quotes.

Todo item 9 of 10 is correct
description: 'Inspect `tests/data/python2_print_function.py` to confirm the input includes `from __future__ import print_function` and `print(...)` calls (including unicode literal and file= keyword), and that the expected output has no space between `print` and `(` and only normalizes quotes.'

Validating todo item 10 of 10
description: 'Ensure that no other parts of the code override or bypass `get_grammars()` for parsing (e.g., direct `pygram.python_grammar` use in the parse path), so the fix applies to parsing for the given mode.'

Calling tool: grepTool
def get_grammars\(
Matched content:
/Users/marcus/repos/BugsInPy/framework/bin/temp/black-9/bad/black/black.py.original:725:def get_grammars(target_versions: Set[TargetVersion]) -> List[Grammar]:
/Users/marcus/repos/BugsInPy/framework/bin/temp/black-9/bad/black/black.py:725:def get_grammars(target_versions: Set[TargetVersion]) -> List[Grammar]:
/Users/marcus/repos/BugsInPy/framework/bin/temp/black-9/bad/black/env/src/black/black.py:725:def get_grammars(target_versions: Set[TargetVersion]) -> List[Grammar]:

Calling tool: readTool
/Users/marcus/repos/BugsInPy/framework/bin/temp/black-9/bad/black/black.py
720:    pygram.python_grammar_no_print_statement,
721:    pygram.python_grammar,
722:]
723:
724:
725:def get_grammars(target_versions: Set[TargetVersion]) -> List[Grammar]:
726:    if not target_versions:
727:        return GRAMMARS
728:    elif all(not version.is_python2() for version in target_versions):
729:        # Python 3-compatible code, so don't try Python 2 grammar
730:        return [
731:            pygram.python_grammar_no_print_statement_no_exec_statement,
732:            pygram.python_grammar_no_print_statement,
733:        ]
734:    else:
735:        return [pygram.python_grammar_no_print_statement]
736:
737:
738:def lib2to3_parse(src_txt: str, target_versions: Iterable[TargetVersion] = ()) -> Node:
739:    """Given a string with source, return the lib2to3 Node."""
740:    if src_txt[-1:] != "\n":
741:        src_txt += "\n"
742:
743:    for grammar in get_grammars(set(target_versions)):
744:        drv = driver.Driver(grammar, pytree.convert)
745:        try:
746:            result = drv.parse_string(src_txt, True)
747:            break
748:
749:        except ParseError as pe:
750:            lineno, column = pe.context[1]
751:            lines = src_txt.splitlines()
752:            try:
753:                faulty_line = lines[lineno - 1]
754:            except IndexError:
755:                faulty_line = "<line number missing in source>"
756:            exc = InvalidInput(f"Cannot parse: {lineno}:{column}: {faulty_line}")
757:    else:
758:        raise exc from None
759:

Calling tool: grepTool
pygram\.python_grammar(_no_print_statement(_no_exec_statement)?)?
Matched content:
/Users/marcus/repos/BugsInPy/framework/bin/temp/black-9/bad/black/black.py.original:719:    pygram.python_grammar_no_print_statement_no_exec_statement,
/Users/marcus/repos/BugsInPy/framework/bin/temp/black-9/bad/black/black.py.original:720:    pygram.python_grammar_no_print_statement,
/Users/marcus/repos/BugsInPy/framework/bin/temp/black-9/bad/black/black.py.original:721:    pygram.python_grammar,
/Users/marcus/repos/BugsInPy/framework/bin/temp/black-9/bad/black/black.py.original:731:            pygram.python_grammar_no_print_statement_no_exec_statement,
/Users/marcus/repos/BugsInPy/framework/bin/temp/black-9/bad/black/black.py.original:732:            pygram.python_grammar_no_print_statement,
/Users/marcus/repos/BugsInPy/framework/bin/temp/black-9/bad/black/black.py.original:735:        return [pygram.python_grammar]
/Users/marcus/repos/BugsInPy/framework/bin/temp/black-9/bad/black/black.py:719:    pygram.python_grammar_no_print_statement_no_exec_statement,
/Users/marcus/repos/BugsInPy/framework/bin/temp/black-9/bad/black/black.py:720:    pygram.python_grammar_no_print_statement,
/Users/marcus/repos/BugsInPy/framework/bin/temp/black-9/bad/black/black.py:721:    pygram.python_grammar,
/Users/marcus/repos/BugsInPy/framework/bin/temp/black-9/bad/black/black.py:731:            pygram.python_grammar_no_print_statement_no_exec_statement,
/Users/marcus/repos/BugsInPy/framework/bin/temp/black-9/bad/black/black.py:732:            pygram.python_grammar_no_print_statement,
/Users/marcus/repos/BugsInPy/framework/bin/temp/black-9/bad/black/black.py:735:        return [pygram.python_grammar_no_print_statement]
/Users/marcus/repos/BugsInPy/framework/bin/temp/black-9/bad/black/env/src/black/black.py:719:    pygram.python_grammar_no_print_statement_no_exec_statement,
/Users/marcus/repos/BugsInPy/framework/bin/temp/black-9/bad/black/env/src/black/black.py:720:    pygram.python_grammar_no_print_statement,
/Users/marcus/repos/BugsInPy/framework/bin/temp/black-9/bad/black/env/src/black/black.py:721:    pygram.python_grammar,
/Users/marcus/repos/BugsInPy/framework/bin/temp/black-9/bad/black/env/src/black/black.py:731:            pygram.python_grammar_no_print_statement_no_exec_statement,
/Users/marcus/repos/BugsInPy/framework/bin/temp/black-9/bad/black/env/src/black/black.py:732:            pygram.python_grammar_no_print_statement,
/Users/marcus/repos/BugsInPy/framework/bin/temp/black-9/bad/black/env/src/black/black.py:735:        return [pygram.python_grammar]

Calling tool: grepTool
driver\.Driver\(
Matched content:
/Users/marcus/repos/BugsInPy/framework/bin/temp/black-9/bad/black/black.py.original:744:        drv = driver.Driver(grammar, pytree.convert)
/Users/marcus/repos/BugsInPy/framework/bin/temp/black-9/bad/black/black.py:744:        drv = driver.Driver(grammar, pytree.convert)
/Users/marcus/repos/BugsInPy/framework/bin/temp/black-9/bad/black/env/src/black/black.py:744:        drv = driver.Driver(grammar, pytree.convert)

Calling tool: grepTool
lib2to3_parse\(
Showing first 50 results from grep. Consider using a more specific pattern or path.
/Users/marcus/repos/BugsInPy/framework/bin/temp/black-9/bad/black/black.py.original:669:    src_node = lib2to3_parse(src_contents.lstrip(), mode.target_versions)
/Users/marcus/repos/BugsInPy/framework/bin/temp/black-9/bad/black/black.py.original:738:def lib2to3_parse(src_txt: str, target_versions: Iterable[TargetVersion] = ()) -> Node:
/Users/marcus/repos/BugsInPy/framework/bin/temp/black-9/bad/black/black.py.original:832:            code = lib2to3_parse(code)
/Users/marcus/repos/BugsInPy/framework/bin/temp/black-9/bad/black/tests/data/debug_visitor.py:32:        list(v.visit(lib2to3_parse(code)))
/Users/marcus/repos/BugsInPy/framework/bin/temp/black-9/bad/black/tests/test_black.py:147:                exp_node = black.lib2to3_parse(expected)
/Users/marcus/repos/BugsInPy/framework/bin/temp/black-9/bad/black/tests/test_black.py:154:                exp_node = black.lib2to3_parse(actual)
/Users/marcus/repos/BugsInPy/framework/bin/temp/black-9/bad/black/tests/test_black.py:832:        node = black.lib2to3_parse("def f(*, arg): ...\n")
/Users/marcus/repos/BugsInPy/framework/bin/temp/black-9/bad/black/tests/test_black.py:834:        node = black.lib2to3_parse("def f(*, arg,): ...\n")
/Users/marcus/repos/BugsInPy/framework/bin/temp/black-9/bad/black/tests/test_black.py:836:        node = black.lib2to3_parse("def f(*, arg): f'string'\n")
/Users/marcus/repos/BugsInPy/framework/bin/temp/black-9/bad/black/tests/test_black.py:838:        node = black.lib2to3_parse("123_456\n")
/Users/marcus/repos/BugsInPy/framework/bin/temp/black-9/bad/black/tests/test_black.py:840:        node = black.lib2to3_parse("123456\n")
/Users/marcus/repos/BugsInPy/framework/bin/temp/black-9/bad/black/tests/test_black.py:843:        node = black.lib2to3_parse(source)
/Users/marcus/repos/BugsInPy/framework/bin/temp/black-9/bad/black/tests/test_black.py:847:        node = black.lib2to3_parse(expected)
/Users/marcus/repos/BugsInPy/framework/bin/temp/black-9/bad/black/tests/test_black.py:852:        node = black.lib2to3_parse(source)
/Users/marcus/repos/BugsInPy/framework/bin/temp/black-9/bad/black/tests/test_black.py:854:        node = black.lib2to3_parse(expected)
/Users/marcus/repos/BugsInPy/framework/bin/temp/black-9/bad/black/tests/test_black.py:858:        node = black.lib2to3_parse("\n")
/Users/marcus/repos/BugsInPy/framework/bin/temp/black-9/bad/black/tests/test_black.py:860:        node = black.lib2to3_parse("from __future__ import black\n")
/Users/marcus/repos/BugsInPy/framework/bin/temp/black-9/bad/black/tests/test_black.py:862:        node = black.lib2to3_parse("from __future__ import multiple, imports\n")
/Users/marcus/repos/BugsInPy/framework/bin/temp/black-9/bad/black/tests/test_black.py:864:        node = black.lib2to3_parse("from __future__ import (parenthesized, imports)\n")
/Users/marcus/repos/BugsInPy/framework/bin/temp/black-9/bad/black/tests/test_black.py:866:        node = black.lib2to3_parse(
/Users/marcus/repos/BugsInPy/framework/bin/temp/black-9/bad/black/tests/test_black.py:870:        node = black.lib2to3_parse("# comment\nfrom __future__ import black\n")
/Users/marcus/repos/BugsInPy/framework/bin/temp/black-9/bad/black/tests/test_black.py:872:        node = black.lib2to3_parse('"""docstring"""\nfrom __future__ import black\n')
/Users/marcus/repos/BugsInPy/framework/bin/temp/black-9/bad/black/tests/test_black.py:874:        node = black.lib2to3_parse("some(other, code)\nfrom __future__ import black\n")
/Users/marcus/repos/BugsInPy/framework/bin/temp/black-9/bad/black/tests/test_black.py:876:        node = black.lib2to3_parse("from some.module import black\n")
/Users/marcus/repos/BugsInPy/framework/bin/temp/black-9/bad/black/tests/test_black.py:878:        node = black.lib2to3_parse(
/Users/marcus/repos/BugsInPy/framework/bin/temp/black-9/bad/black/tests/test_black.py:882:        node = black.lib2to3_parse(
/Users/marcus/repos/BugsInPy/framework/bin/temp/black-9/bad/black/tests/test_black.py:932:        n = black.lib2to3_parse("\n")
/Users/marcus/repos/BugsInPy/framework/bin/temp/black-9/bad/black/black.py:669:    src_node = lib2to3_parse(src_contents.lstrip(), mode.target_versions)
/Users/marcus/repos/BugsInPy/framework/bin/temp/black-9/bad/black/black.py:738:def lib2to3_parse(src_txt: str, target_versions: Iterable[TargetVersion] = ()) -> Node:
/Users/marcus/repos/BugsInPy/framework/bin/temp/black-9/bad/black/black.py:832:            code = lib2to3_parse(code)
/Users/marcus/repos/BugsInPy/framework/bin/temp/black-9/bad/black/env/src/black/black.py:669:    src_node = lib2to3_parse(src_contents.lstrip(), mode.target_versions)
/Users/marcus/repos/BugsInPy/framework/bin/temp/black-9/bad/black/env/src/black/black.py:738:def lib2to3_parse(src_txt: str, target_versions: Iterable[TargetVersion] = ()) -> Node:
/Users/marcus/repos/BugsInPy/framework/bin/temp/black-9/bad/black/env/src/black/black.py:832:            code = lib2to3_parse(code)
/Users/marcus/repos/BugsInPy/framework/bin/temp/black-9/bad/black/env/src/black/tests/data/debug_visitor.py:32:        list(v.visit(lib2to3_parse(code)))
/Users/marcus/repos/BugsInPy/framework/bin/temp/black-9/bad/black/env/src/black/tests/test_black.py:147:                exp_node = black.lib2to3_parse(expected)
/Users/marcus/repos/BugsInPy/framework/bin/temp/black-9/bad/black/env/src/black/tests/test_black.py:154:                exp_node = black.lib2to3_parse(actual)
/Users/marcus/repos/BugsInPy/framework/bin/temp/black-9/bad/black/env/src/black/tests/test_black.py:824:        node = black.lib2to3_parse("def f(*, arg): ...\n")
/Users/marcus/repos/BugsInPy/framework/bin/temp/black-9/bad/black/env/src/black/tests/test_black.py:826:        node = black.lib2to3_parse("def f(*, arg,): ...\n")
/Users/marcus/repos/BugsInPy/framework/bin/temp/black-9/bad/black/env/src/black/tests/test_black.py:828:        node = black.lib2to3_parse("def f(*, arg): f'string'\n")
/Users/marcus/repos/BugsInPy/framework/bin/temp/black-9/bad/black/env/src/black/tests/test_black.py:830:        node = black.lib2to3_parse("123_456\n")
/Users/marcus/repos/BugsInPy/framework/bin/temp/black-9/bad/black/env/src/black/tests/test_black.py:832:        node = black.lib2to3_parse("123456\n")
/Users/marcus/repos/BugsInPy/framework/bin/temp/black-9/bad/black/env/src/black/tests/test_black.py:835:        node = black.lib2to3_parse(source)
/Users/marcus/repos/BugsInPy/framework/bin/temp/black-9/bad/black/env/src/black/tests/test_black.py:839:        node = black.lib2to3_parse(expected)
/Users/marcus/repos/BugsInPy/framework/bin/temp/black-9/bad/black/env/src/black/tests/test_black.py:844:        node = black.lib2to3_parse(source)
/Users/marcus/repos/BugsInPy/framework/bin/temp/black-9/bad/black/env/src/black/tests/test_black.py:846:        node = black.lib2to3_parse(expected)
/Users/marcus/repos/BugsInPy/framework/bin/temp/black-9/bad/black/env/src/black/tests/test_black.py:850:        node = black.lib2to3_parse("\n")
/Users/marcus/repos/BugsInPy/framework/bin/temp/black-9/bad/black/env/src/black/tests/test_black.py:852:        node = black.lib2to3_parse("from __future__ import black\n")
/Users/marcus/repos/BugsInPy/framework/bin/temp/black-9/bad/black/env/src/black/tests/test_black.py:854:        node = black.lib2to3_parse("from __future__ import multiple, imports\n")
/Users/marcus/repos/BugsInPy/framework/bin/temp/black-9/bad/black/env/src/black/tests/test_black.py:856:        node = black.lib2to3_parse("from __future__ import (parenthesized, imports)\n")
/Users/marcus/repos/BugsInPy/framework/bin/temp/black-9/bad/black/env/src/black/tests/test_black.py:858:        node = black.lib2to3_parse(

Calling tool: readTool
/Users/marcus/repos/BugsInPy/framework/bin/temp/black-9/bad/black/black.py
650:    """
651:    if src_contents.strip() == "":
652:        raise NothingChanged
653:
654:    dst_contents = format_str(src_contents, mode=mode)
655:    if src_contents == dst_contents:
656:        raise NothingChanged
657:
658:    if not fast:
659:        assert_equivalent(src_contents, dst_contents)
660:        assert_stable(src_contents, dst_contents, mode=mode)
661:    return dst_contents
662:
663:
664:def format_str(src_contents: str, *, mode: FileMode) -> FileContent:
665:    """Reformat a string and return new contents.
666:
667:    `line_length` determines how many characters per line are allowed.
668:    """
669:    src_node = lib2to3_parse(src_contents.lstrip(), mode.target_versions)
670:    dst_contents = ""
671:    future_imports = get_future_imports(src_node)
672:    if mode.target_versions:
673:        versions = mode.target_versions
674:    else:
675:        versions = detect_target_versions(src_node)
676:    normalize_fmt_off(src_node)
677:    lines = LineGenerator(
678:        remove_u_prefix="unicode_literals" in future_imports
679:        or supports_feature(versions, Feature.UNICODE_LITERALS),
680:        is_pyi=mode.is_pyi,
681:        normalize_strings=mode.string_normalization,
682:    )
683:    elt = EmptyLineTracker(is_pyi=mode.is_pyi)
684:    empty_line = Line()
685:    after = 0
686:    for current_line in lines.visit(src_node):
687:        for _ in range(after):
688:            dst_contents += str(empty_line)
689:        before, after = elt.maybe_empty_lines(current_line)

Calling tool: grepTool
parse_string\(
Showing first 50 results from grep. Consider using a more specific pattern or path.
/Users/marcus/repos/BugsInPy/framework/bin/temp/black-9/bad/black/black.py.original:746:            result = drv.parse_string(src_txt, True)
/Users/marcus/repos/BugsInPy/framework/bin/temp/black-9/bad/black/blib2to3/pgen2/driver.py:112:    def parse_string(self, text, debug=False):
/Users/marcus/repos/BugsInPy/framework/bin/temp/black-9/bad/black/blib2to3/pgen2/driver.pyi:22:    def parse_string(self, text: Text, debug: bool = ...) -> _NL: ...
/Users/marcus/repos/BugsInPy/framework/bin/temp/black-9/bad/black/black.py:746:            result = drv.parse_string(src_txt, True)
/Users/marcus/repos/BugsInPy/framework/bin/temp/black-9/bad/black/env/src/black/blib2to3/pgen2/driver.py:112:    def parse_string(self, text, debug=False):
/Users/marcus/repos/BugsInPy/framework/bin/temp/black-9/bad/black/env/src/black/blib2to3/pgen2/driver.pyi:22:    def parse_string(self, text: Text, debug: bool = ...) -> _NL: ...
/Users/marcus/repos/BugsInPy/framework/bin/temp/black-9/bad/black/env/src/black/black.py:746:            result = drv.parse_string(src_txt, True)
/Users/marcus/repos/BugsInPy/framework/bin/temp/black-9/bad/black/env/lib/python3.8/site-packages/pip/_vendor/pyparsing/helpers.py:37:        delimited_list(Word(alphas)).parse_string("aa,bb,cc") # -> ['aa', 'bb', 'cc']
/Users/marcus/repos/BugsInPy/framework/bin/temp/black-9/bad/black/env/lib/python3.8/site-packages/pip/_vendor/pyparsing/helpers.py:38:        delimited_list(Word(hexnums), delim=':', combine=True).parse_string("AA:BB:CC:DD:EE") # -> ['AA:BB:CC:DD:EE']
/Users/marcus/repos/BugsInPy/framework/bin/temp/black-9/bad/black/env/lib/python3.8/site-packages/pip/_vendor/pyparsing/helpers.py:92:        counted_array(Word(alphas)).parse_string('2 ab cd ef')  # -> ['ab', 'cd']
/Users/marcus/repos/BugsInPy/framework/bin/temp/black-9/bad/black/env/lib/python3.8/site-packages/pip/_vendor/pyparsing/helpers.py:97:        counted_array(Word(alphas), int_expr=binary_constant).parse_string('10 ab cd ef')  # -> ['ab', 'cd']
/Users/marcus/repos/BugsInPy/framework/bin/temp/black-9/bad/black/env/lib/python3.8/site-packages/pip/_vendor/pyparsing/helpers.py:104:        result = typed_array.parse_string("3 bool True True False")
/Users/marcus/repos/BugsInPy/framework/bin/temp/black-9/bad/black/env/lib/python3.8/site-packages/pip/_vendor/pyparsing/helpers.py:341:        print(attr_expr[1, ...].parse_string(text).dump())
/Users/marcus/repos/BugsInPy/framework/bin/temp/black-9/bad/black/env/lib/python3.8/site-packages/pip/_vendor/pyparsing/helpers.py:347:        result = dict_of(attr_label, attr_value).parse_string(text)
/Users/marcus/repos/BugsInPy/framework/bin/temp/black-9/bad/black/env/lib/python3.8/site-packages/pip/_vendor/pyparsing/testing.py:148:            result = expr.parse_string(test_string, parse_all=True)
/Users/marcus/repos/BugsInPy/framework/bin/temp/black-9/bad/black/env/lib/python3.8/site-packages/pip/_vendor/pyparsing/testing.py:162:            result = expr.parse_string(test_string, parseAll=True)
/Users/marcus/repos/BugsInPy/framework/bin/temp/black-9/bad/black/env/lib/python3.8/site-packages/pip/_vendor/pyparsing/exceptions.py:196:                expr.parse_string("123 456 A789")
/Users/marcus/repos/BugsInPy/framework/bin/temp/black-9/bad/black/env/lib/python3.8/site-packages/pip/_vendor/pyparsing/exceptions.py:227:            Word(nums).set_name("integer").parse_string("ABC")
/Users/marcus/repos/BugsInPy/framework/bin/temp/black-9/bad/black/env/lib/python3.8/site-packages/pip/_vendor/pyparsing/core.py:415:            Word(alphas)[1, ...].parse_string("abc def\nghi jkl")  # -> ['abc', 'def', 'ghi', 'jkl']
/Users/marcus/repos/BugsInPy/framework/bin/temp/black-9/bad/black/env/lib/python3.8/site-packages/pip/_vendor/pyparsing/core.py:419:            Word(alphas)[1, ...].parse_string("abc def\nghi jkl")  # -> ['abc', 'def']
/Users/marcus/repos/BugsInPy/framework/bin/temp/black-9/bad/black/env/lib/python3.8/site-packages/pip/_vendor/pyparsing/core.py:439:            date_str.parse_string("1999/12/31")  # -> ['1999', '/', '12', '/', '31']
/Users/marcus/repos/BugsInPy/framework/bin/temp/black-9/bad/black/env/lib/python3.8/site-packages/pip/_vendor/pyparsing/core.py:446:            date_str.parse_string("1999/12/31")  # -> ['1999', '12', '31']
/Users/marcus/repos/BugsInPy/framework/bin/temp/black-9/bad/black/env/lib/python3.8/site-packages/pip/_vendor/pyparsing/core.py:511:            print((integerK | integerM | integer)[1, ...].parse_string("5K 100 640K 256M"))
/Users/marcus/repos/BugsInPy/framework/bin/temp/black-9/bad/black/env/lib/python3.8/site-packages/pip/_vendor/pyparsing/core.py:713:            result = date_str.parse_string("1999/12/31")  # -> Exception: Only support years 2000 and later (at char 0),
/Users/marcus/repos/BugsInPy/framework/bin/temp/black-9/bad/black/env/lib/python3.8/site-packages/pip/_vendor/pyparsing/core.py:1004:            print(E.parse_string("1+2+3"))
/Users/marcus/repos/BugsInPy/framework/bin/temp/black-9/bad/black/env/lib/python3.8/site-packages/pip/_vendor/pyparsing/core.py:1076:    def parse_string(
/Users/marcus/repos/BugsInPy/framework/bin/temp/black-9/bad/black/env/lib/python3.8/site-packages/pip/_vendor/pyparsing/core.py:1107:        >>> res = Word('a').parse_string('aaaaabaaa')
/Users/marcus/repos/BugsInPy/framework/bin/temp/black-9/bad/black/env/lib/python3.8/site-packages/pip/_vendor/pyparsing/core.py:1116:        >>> res = Word('a').parse_string('aaaaabaaa', parse_all=True)
/Users/marcus/repos/BugsInPy/framework/bin/temp/black-9/bad/black/env/lib/python3.8/site-packages/pip/_vendor/pyparsing/core.py:1361:            print(hello, "->", greet.parse_string(hello))
/Users/marcus/repos/BugsInPy/framework/bin/temp/black-9/bad/black/env/lib/python3.8/site-packages/pip/_vendor/pyparsing/core.py:1740:            patt.parse_string('ablaj /* comment */ lskjd')
/Users/marcus/repos/BugsInPy/framework/bin/temp/black-9/bad/black/env/lib/python3.8/site-packages/pip/_vendor/pyparsing/core.py:1744:            patt.parse_string('ablaj /* comment */ lskjd')
/Users/marcus/repos/BugsInPy/framework/bin/temp/black-9/bad/black/env/lib/python3.8/site-packages/pip/_vendor/pyparsing/core.py:1799:            term[1, ...].parse_string("abc 123 xyz 890")
/Users/marcus/repos/BugsInPy/framework/bin/temp/black-9/bad/black/env/lib/python3.8/site-packages/pip/_vendor/pyparsing/core.py:1848:            Word(nums).parse_string("ABC")  # -> Exception: Expected W:(0-9) (at char 0), (line:1, col:1)
/Users/marcus/repos/BugsInPy/framework/bin/temp/black-9/bad/black/env/lib/python3.8/site-packages/pip/_vendor/pyparsing/core.py:1849:            Word(nums).set_name("integer").parse_string("ABC")  # -> Exception: Expected integer (at char 0), (line:1, col:1)
/Users/marcus/repos/BugsInPy/framework/bin/temp/black-9/bad/black/env/lib/python3.8/site-packages/pip/_vendor/pyparsing/core.py:1907:            return self.parse_string(file_contents, parseAll)
/Users/marcus/repos/BugsInPy/framework/bin/temp/black-9/bad/black/env/lib/python3.8/site-packages/pip/_vendor/pyparsing/core.py:1945:            self.parse_string(str(test_string), parse_all=parseAll)
/Users/marcus/repos/BugsInPy/framework/bin/temp/black-9/bad/black/env/lib/python3.8/site-packages/pip/_vendor/pyparsing/core.py:2100:                result = self.parse_string(t, parse_all=parseAll)
/Users/marcus/repos/BugsInPy/framework/bin/temp/black-9/bad/black/env/lib/python3.8/site-packages/pip/_vendor/pyparsing/core.py:2305:        Literal('blah').parse_string('blah')  # -> ['blah']
/Users/marcus/repos/BugsInPy/framework/bin/temp/black-9/bad/black/env/lib/python3.8/site-packages/pip/_vendor/pyparsing/core.py:2306:        Literal('blah').parse_string('blahfooblah')  # -> ['blah']
/Users/marcus/repos/BugsInPy/framework/bin/temp/black-9/bad/black/env/lib/python3.8/site-packages/pip/_vendor/pyparsing/core.py:2307:        Literal('blah').parse_string('bla')  # -> Exception: Expected "blah"
/Users/marcus/repos/BugsInPy/framework/bin/temp/black-9/bad/black/env/lib/python3.8/site-packages/pip/_vendor/pyparsing/core.py:2375:        Keyword("start").parse_string("start")  # -> ['start']
/Users/marcus/repos/BugsInPy/framework/bin/temp/black-9/bad/black/env/lib/python3.8/site-packages/pip/_vendor/pyparsing/core.py:2376:        Keyword("start").parse_string("starting")  # -> Exception
/Users/marcus/repos/BugsInPy/framework/bin/temp/black-9/bad/black/env/lib/python3.8/site-packages/pip/_vendor/pyparsing/core.py:2480:        CaselessLiteral("CMD")[1, ...].parse_string("cmd CMD Cmd10")
/Users/marcus/repos/BugsInPy/framework/bin/temp/black-9/bad/black/env/lib/python3.8/site-packages/pip/_vendor/pyparsing/core.py:2505:        CaselessKeyword("CMD")[1, ...].parse_string("cmd CMD Cmd10")
/Users/marcus/repos/BugsInPy/framework/bin/temp/black-9/bad/black/env/lib/python3.8/site-packages/pip/_vendor/pyparsing/core.py:2548:        patt.parse_string("ATCATCGAAXGGA") # -> (['ATCATCGAAXGGA'], {'mismatches': [[9]], 'original': ['ATCATCGAATGGA']})
/Users/marcus/repos/BugsInPy/framework/bin/temp/black-9/bad/black/env/lib/python3.8/site-packages/pip/_vendor/pyparsing/core.py:2549:        patt.parse_string("ATCAXCGAAXGGA") # -> Exception: Expected 'ATCATCGAATGGA' (with up to 1 mismatches) (at char 0), (line:1, col:1)
/Users/marcus/repos/BugsInPy/framework/bin/temp/black-9/bad/black/env/lib/python3.8/site-packages/pip/_vendor/pyparsing/core.py:2552:        patt.parse_string("ATCATCGAATGGA") # -> (['ATCATCGAATGGA'], {'mismatches': [[]], 'original': ['ATCATCGAATGGA']})
/Users/marcus/repos/BugsInPy/framework/bin/temp/black-9/bad/black/env/lib/python3.8/site-packages/pip/_vendor/pyparsing/core.py:2556:        patt.parse_string("ATCAXCGAAXGGA") # -> (['ATCAXCGAAXGGA'], {'mismatches': [[4, 9]], 'original': ['ATCATCGAATGGA']})
/Users/marcus/repos/BugsInPy/framework/bin/temp/black-9/bad/black/env/lib/python3.8/site-packages/pip/_vendor/pyparsing/core.py:3255:        print(delimited_list(csv_value).parse_string("dkls,lsdkjf,s12 34,@!#,213"))
/Users/marcus/repos/BugsInPy/framework/bin/temp/black-9/bad/black/env/lib/python3.8/site-packages/pip/_vendor/pyparsing/core.py:4505:        AtStringStart(Word(nums)).parse_string("123")

Calling tool: readTool
/Users/marcus/repos/BugsInPy/framework/bin/temp/black-9/bad/black/black.py
820:                # that delegates to the first child anyway.
821:                out(f" {node.prefix!r}", fg="green", bold=False, nl=False)
822:            out(f" {node.value!r}", fg="blue", bold=False)
823:
824:    @classmethod
825:    def show(cls, code: Union[str, Leaf, Node]) -> None:
826:        """Pretty-print the lib2to3 AST of a given string of `code`.
827:
828:        Convenience method for debugging.
829:        """
830:        v: DebugVisitor[None] = DebugVisitor()
831:        if isinstance(code, str):
832:            code = lib2to3_parse(code)
833:        list(v.visit(code))
834:
835:
836:WHITESPACE = {token.DEDENT, token.INDENT, token.NEWLINE}
837:STATEMENT = {
838:    syms.if_stmt,
839:    syms.while_stmt,
840:    syms.for_stmt,
841:    syms.try_stmt,
842:    syms.except_clause,
843:    syms.with_stmt,
844:    syms.funcdef,
845:    syms.classdef,
846:}
847:STANDALONE_COMMENT = 153
848:token.tok_name[STANDALONE_COMMENT] = "STANDALONE_COMMENT"
849:LOGIC_OPERATORS = {"and", "or"}
850:COMPARATORS = {
851:    token.LESS,
852:    token.GREATER,
853:    token.EQEQUAL,
854:    token.NOTEQUAL,
855:    token.LESSEQUAL,
856:    token.GREATEREQUAL,
857:}
858:MATH_OPERATORS = {
859:    token.VBAR,

Calling tool: grepTool
target_versions
Showing first 50 results from grep. Consider using a more specific pattern or path.
/Users/marcus/repos/BugsInPy/framework/bin/temp/black-9/bad/black/black.py.original:167:    target_versions: Set[TargetVersion] = Factory(set)
/Users/marcus/repos/BugsInPy/framework/bin/temp/black-9/bad/black/black.py.original:173:        if self.target_versions:
/Users/marcus/repos/BugsInPy/framework/bin/temp/black-9/bad/black/black.py.original:176:                for version in sorted(self.target_versions, key=lambda v: v.value)
/Users/marcus/repos/BugsInPy/framework/bin/temp/black-9/bad/black/black.py.original:189:def supports_feature(target_versions: Set[TargetVersion], feature: Feature) -> bool:
/Users/marcus/repos/BugsInPy/framework/bin/temp/black-9/bad/black/black.py.original:190:    return all(feature in VERSION_TO_FEATURES[version] for version in target_versions)
/Users/marcus/repos/BugsInPy/framework/bin/temp/black-9/bad/black/black.py.original:389:        target_versions=versions,
/Users/marcus/repos/BugsInPy/framework/bin/temp/black-9/bad/black/black.py.original:669:    src_node = lib2to3_parse(src_contents.lstrip(), mode.target_versions)
/Users/marcus/repos/BugsInPy/framework/bin/temp/black-9/bad/black/black.py.original:672:    if mode.target_versions:
/Users/marcus/repos/BugsInPy/framework/bin/temp/black-9/bad/black/black.py.original:673:        versions = mode.target_versions
/Users/marcus/repos/BugsInPy/framework/bin/temp/black-9/bad/black/black.py.original:675:        versions = detect_target_versions(src_node)
/Users/marcus/repos/BugsInPy/framework/bin/temp/black-9/bad/black/black.py.original:725:def get_grammars(target_versions: Set[TargetVersion]) -> List[Grammar]:
/Users/marcus/repos/BugsInPy/framework/bin/temp/black-9/bad/black/black.py.original:726:    if not target_versions:
/Users/marcus/repos/BugsInPy/framework/bin/temp/black-9/bad/black/black.py.original:728:    elif all(not version.is_python2() for version in target_versions):
/Users/marcus/repos/BugsInPy/framework/bin/temp/black-9/bad/black/black.py.original:738:def lib2to3_parse(src_txt: str, target_versions: Iterable[TargetVersion] = ()) -> Node:
/Users/marcus/repos/BugsInPy/framework/bin/temp/black-9/bad/black/black.py.original:743:    for grammar in get_grammars(set(target_versions)):
/Users/marcus/repos/BugsInPy/framework/bin/temp/black-9/bad/black/black.py.original:3078:def detect_target_versions(node: Node) -> Set[TargetVersion]:
/Users/marcus/repos/BugsInPy/framework/bin/temp/black-9/bad/black/black.py:167:    target_versions: Set[TargetVersion] = Factory(set)
/Users/marcus/repos/BugsInPy/framework/bin/temp/black-9/bad/black/black.py:173:        if self.target_versions:
/Users/marcus/repos/BugsInPy/framework/bin/temp/black-9/bad/black/black.py:176:                for version in sorted(self.target_versions, key=lambda v: v.value)
/Users/marcus/repos/BugsInPy/framework/bin/temp/black-9/bad/black/black.py:189:def supports_feature(target_versions: Set[TargetVersion], feature: Feature) -> bool:
/Users/marcus/repos/BugsInPy/framework/bin/temp/black-9/bad/black/black.py:190:    return all(feature in VERSION_TO_FEATURES[version] for version in target_versions)
/Users/marcus/repos/BugsInPy/framework/bin/temp/black-9/bad/black/black.py:389:        target_versions=versions,
/Users/marcus/repos/BugsInPy/framework/bin/temp/black-9/bad/black/black.py:669:    src_node = lib2to3_parse(src_contents.lstrip(), mode.target_versions)
/Users/marcus/repos/BugsInPy/framework/bin/temp/black-9/bad/black/black.py:672:    if mode.target_versions:
/Users/marcus/repos/BugsInPy/framework/bin/temp/black-9/bad/black/black.py:673:        versions = mode.target_versions
/Users/marcus/repos/BugsInPy/framework/bin/temp/black-9/bad/black/black.py:675:        versions = detect_target_versions(src_node)
/Users/marcus/repos/BugsInPy/framework/bin/temp/black-9/bad/black/black.py:725:def get_grammars(target_versions: Set[TargetVersion]) -> List[Grammar]:
/Users/marcus/repos/BugsInPy/framework/bin/temp/black-9/bad/black/black.py:726:    if not target_versions:
/Users/marcus/repos/BugsInPy/framework/bin/temp/black-9/bad/black/black.py:728:    elif all(not version.is_python2() for version in target_versions):
/Users/marcus/repos/BugsInPy/framework/bin/temp/black-9/bad/black/black.py:738:def lib2to3_parse(src_txt: str, target_versions: Iterable[TargetVersion] = ()) -> Node:
/Users/marcus/repos/BugsInPy/framework/bin/temp/black-9/bad/black/black.py:743:    for grammar in get_grammars(set(target_versions)):
/Users/marcus/repos/BugsInPy/framework/bin/temp/black-9/bad/black/black.py:3078:def detect_target_versions(node: Node) -> Set[TargetVersion]:
/Users/marcus/repos/BugsInPy/framework/bin/temp/black-9/bad/black/tests/test_black.py:434:        mode = black.FileMode(target_versions=black.PY36_VERSIONS)
/Users/marcus/repos/BugsInPy/framework/bin/temp/black-9/bad/black/tests/test_black.py:443:        mode = black.FileMode(target_versions=black.PY36_VERSIONS)
/Users/marcus/repos/BugsInPy/framework/bin/temp/black-9/bad/black/tests/test_black.py:467:        mode = black.FileMode(target_versions={black.TargetVersion.PY27})
/Users/marcus/repos/BugsInPy/framework/bin/temp/black-9/bad/black/tests/test_black.py:1177:        py36_mode = black.FileMode(target_versions=black.PY36_VERSIONS)
/Users/marcus/repos/BugsInPy/framework/bin/temp/black-9/bad/black/tests/test_black.py:1196:        py36_mode = black.FileMode(target_versions=black.PY36_VERSIONS)
/Users/marcus/repos/BugsInPy/framework/bin/temp/black-9/bad/black/blackd.py:100:            target_versions=versions,
/Users/marcus/repos/BugsInPy/framework/bin/temp/black-9/bad/black/env/src/black/blackd.py:100:            target_versions=versions,
/Users/marcus/repos/BugsInPy/framework/bin/temp/black-9/bad/black/env/src/black/black.py:167:    target_versions: Set[TargetVersion] = Factory(set)
/Users/marcus/repos/BugsInPy/framework/bin/temp/black-9/bad/black/env/src/black/black.py:173:        if self.target_versions:
/Users/marcus/repos/BugsInPy/framework/bin/temp/black-9/bad/black/env/src/black/black.py:176:                for version in sorted(self.target_versions, key=lambda v: v.value)
/Users/marcus/repos/BugsInPy/framework/bin/temp/black-9/bad/black/env/src/black/black.py:189:def supports_feature(target_versions: Set[TargetVersion], feature: Feature) -> bool:
/Users/marcus/repos/BugsInPy/framework/bin/temp/black-9/bad/black/env/src/black/black.py:190:    return all(feature in VERSION_TO_FEATURES[version] for version in target_versions)
/Users/marcus/repos/BugsInPy/framework/bin/temp/black-9/bad/black/env/src/black/black.py:389:        target_versions=versions,
/Users/marcus/repos/BugsInPy/framework/bin/temp/black-9/bad/black/env/src/black/black.py:669:    src_node = lib2to3_parse(src_contents.lstrip(), mode.target_versions)
/Users/marcus/repos/BugsInPy/framework/bin/temp/black-9/bad/black/env/src/black/black.py:672:    if mode.target_versions:
/Users/marcus/repos/BugsInPy/framework/bin/temp/black-9/bad/black/env/src/black/black.py:673:        versions = mode.target_versions
/Users/marcus/repos/BugsInPy/framework/bin/temp/black-9/bad/black/env/src/black/black.py:675:        versions = detect_target_versions(src_node)
/Users/marcus/repos/BugsInPy/framework/bin/temp/black-9/bad/black/env/src/black/black.py:725:def get_grammars(target_versions: Set[TargetVersion]) -> List[Grammar]:

Calling tool: grepTool
pygram\.
Matched content:
/Users/marcus/repos/BugsInPy/framework/bin/temp/black-9/bad/black/black.py.original:79:pygram.initialize(CACHE_DIR)
/Users/marcus/repos/BugsInPy/framework/bin/temp/black-9/bad/black/black.py.original:80:syms = pygram.python_symbols
/Users/marcus/repos/BugsInPy/framework/bin/temp/black-9/bad/black/black.py.original:719:    pygram.python_grammar_no_print_statement_no_exec_statement,
/Users/marcus/repos/BugsInPy/framework/bin/temp/black-9/bad/black/black.py.original:720:    pygram.python_grammar_no_print_statement,
/Users/marcus/repos/BugsInPy/framework/bin/temp/black-9/bad/black/black.py.original:721:    pygram.python_grammar,
/Users/marcus/repos/BugsInPy/framework/bin/temp/black-9/bad/black/black.py.original:731:            pygram.python_grammar_no_print_statement_no_exec_statement,
/Users/marcus/repos/BugsInPy/framework/bin/temp/black-9/bad/black/black.py.original:732:            pygram.python_grammar_no_print_statement,
/Users/marcus/repos/BugsInPy/framework/bin/temp/black-9/bad/black/black.py.original:735:        return [pygram.python_grammar]
/Users/marcus/repos/BugsInPy/framework/bin/temp/black-9/bad/black/env/src/black/black.py:79:pygram.initialize(CACHE_DIR)
/Users/marcus/repos/BugsInPy/framework/bin/temp/black-9/bad/black/env/src/black/black.py:80:syms = pygram.python_symbols
/Users/marcus/repos/BugsInPy/framework/bin/temp/black-9/bad/black/env/src/black/black.py:719:    pygram.python_grammar_no_print_statement_no_exec_statement,
/Users/marcus/repos/BugsInPy/framework/bin/temp/black-9/bad/black/env/src/black/black.py:720:    pygram.python_grammar_no_print_statement,
/Users/marcus/repos/BugsInPy/framework/bin/temp/black-9/bad/black/env/src/black/black.py:721:    pygram.python_grammar,
/Users/marcus/repos/BugsInPy/framework/bin/temp/black-9/bad/black/env/src/black/black.py:731:            pygram.python_grammar_no_print_statement_no_exec_statement,
/Users/marcus/repos/BugsInPy/framework/bin/temp/black-9/bad/black/env/src/black/black.py:732:            pygram.python_grammar_no_print_statement,
/Users/marcus/repos/BugsInPy/framework/bin/temp/black-9/bad/black/env/src/black/black.py:735:        return [pygram.python_grammar]
/Users/marcus/repos/BugsInPy/framework/bin/temp/black-9/bad/black/black.py:79:pygram.initialize(CACHE_DIR)
/Users/marcus/repos/BugsInPy/framework/bin/temp/black-9/bad/black/black.py:80:syms = pygram.python_symbols
/Users/marcus/repos/BugsInPy/framework/bin/temp/black-9/bad/black/black.py:719:    pygram.python_grammar_no_print_statement_no_exec_statement,
/Users/marcus/repos/BugsInPy/framework/bin/temp/black-9/bad/black/black.py:720:    pygram.python_grammar_no_print_statement,
/Users/marcus/repos/BugsInPy/framework/bin/temp/black-9/bad/black/black.py:721:    pygram.python_grammar,
/Users/marcus/repos/BugsInPy/framework/bin/temp/black-9/bad/black/black.py:731:            pygram.python_grammar_no_print_statement_no_exec_statement,
/Users/marcus/repos/BugsInPy/framework/bin/temp/black-9/bad/black/black.py:732:            pygram.python_grammar_no_print_statement,
/Users/marcus/repos/BugsInPy/framework/bin/temp/black-9/bad/black/black.py:735:        return [pygram.python_grammar_no_print_statement]
/Users/marcus/repos/BugsInPy/framework/bin/temp/black-9/bad/black/env/lib/python3.8/site-packages/mypy-0.770.dist-info/RECORD:588:mypy/typeshed/stdlib/2and3/lib2to3/pygram.pyi,sha256=evWU9m1mfMk7l0xWWGpWOygGGAcp0whXRugDyfmZFxA,2272

Calling tool: grepTool
test_python2_print_function
Matched content:
/Users/marcus/repos/BugsInPy/framework/bin/temp/black-9/bad/black/coverage_bugsinpy.txt:1:coverage run -m unittest -q tests.test_black.BlackTestCase.test_python2_print_function
/Users/marcus/repos/BugsInPy/framework/bin/temp/black-9/bad/black/bugsinpy_run_test.sh:1:python -m unittest -q tests.test_black.BlackTestCase.test_python2_print_function
/Users/marcus/repos/BugsInPy/framework/bin/temp/black-9/bad/black/tests/test_black.py:465:    def test_python2_print_function(self) -> None:

Calling tool: readTool
/Users/marcus/repos/BugsInPy/framework/bin/temp/black-9/bad/black/tests/test_black.py
440:    @patch("black.dump_to_file", dump_to_stderr)
441:    def test_numeric_literals_ignoring_underscores(self) -> None:
442:        source, expected = read_data("numeric_literals_skip_underscores")
443:        mode = black.FileMode(target_versions=black.PY36_VERSIONS)
444:        actual = fs(source, mode=mode)
445:        self.assertFormatEqual(expected, actual)
446:        black.assert_equivalent(source, actual)
447:        black.assert_stable(source, actual, mode)
448:
449:    @patch("black.dump_to_file", dump_to_stderr)
450:    def test_numeric_literals_py2(self) -> None:
451:        source, expected = read_data("numeric_literals_py2")
452:        actual = fs(source)
453:        self.assertFormatEqual(expected, actual)
454:        black.assert_stable(source, actual, black.FileMode())
455:
456:    @patch("black.dump_to_file", dump_to_stderr)
457:    def test_python2(self) -> None:
458:        source, expected = read_data("python2")
459:        actual = fs(source)
460:        self.assertFormatEqual(expected, actual)
461:        # black.assert_equivalent(source, actual)
462:        black.assert_stable(source, actual, black.FileMode())
463:
464:    @patch("black.dump_to_file", dump_to_stderr)
465:    def test_python2_print_function(self) -> None:
466:        source, expected = read_data("python2_print_function")
467:        mode = black.FileMode(target_versions={black.TargetVersion.PY27})
468:        actual = fs(source, mode=mode)
469:        self.assertFormatEqual(expected, actual)
470:        black.assert_stable(source, actual, mode)
471:
472:    @patch("black.dump_to_file", dump_to_stderr)
473:    def test_python2_unicode_literals(self) -> None:
474:        source, expected = read_data("python2_unicode_literals")
475:        actual = fs(source)
476:        self.assertFormatEqual(expected, actual)
477:        black.assert_stable(source, actual, black.FileMode())
478:
479:    @patch("black.dump_to_file", dump_to_stderr)
480:    def test_stub(self) -> None:
481:        mode = black.FileMode(is_pyi=True)
482:        source, expected = read_data("stub.pyi")
483:        actual = fs(source, mode=mode)
484:        self.assertFormatEqual(expected, actual)
485:        black.assert_stable(source, actual, mode)
486:
487:    @patch("black.dump_to_file", dump_to_stderr)
488:    def test_python37(self) -> None:
489:        source, expected = read_data("python37")
490:        actual = fs(source)
491:        self.assertFormatEqual(expected, actual)
492:        major, minor = sys.version_info[:2]
493:        if major > 3 or (major == 3 and minor >= 7):
494:            black.assert_equivalent(source, actual)
495:        black.assert_stable(source, actual, black.FileMode())
496:
497:    @patch("black.dump_to_file", dump_to_stderr)
498:    def test_fmtonoff(self) -> None:
499:        source, expected = read_data("fmtonoff")

Calling tool: grepTool
get_grammars\(
Matched content:
/Users/marcus/repos/BugsInPy/framework/bin/temp/black-9/bad/black/black.py.original:725:def get_grammars(target_versions: Set[TargetVersion]) -> List[Grammar]:
/Users/marcus/repos/BugsInPy/framework/bin/temp/black-9/bad/black/black.py.original:743:    for grammar in get_grammars(set(target_versions)):
/Users/marcus/repos/BugsInPy/framework/bin/temp/black-9/bad/black/black.py:725:def get_grammars(target_versions: Set[TargetVersion]) -> List[Grammar]:
/Users/marcus/repos/BugsInPy/framework/bin/temp/black-9/bad/black/black.py:743:    for grammar in get_grammars(set(target_versions)):
/Users/marcus/repos/BugsInPy/framework/bin/temp/black-9/bad/black/env/src/black/black.py:725:def get_grammars(target_versions: Set[TargetVersion]) -> List[Grammar]:
/Users/marcus/repos/BugsInPy/framework/bin/temp/black-9/bad/black/env/src/black/black.py:743:    for grammar in get_grammars(set(target_versions)):

Calling tool: updateTodo
Todo Item Completed
Todo item was marked as CORRECT
Reason: Parsing always goes through lib2to3_parse, which iterates grammars from get_grammars(mode.target_versions). A project-wide search shows no direct use of pygram.python_grammar in the parse path (only in the grammar lists). The changed get_grammars implementation is therefore respected for the given mode.

Todo item 10 of 10 is correct
description: 'Ensure that no other parts of the code override or bypass `get_grammars()` for parsing (e.g., direct `pygram.python_grammar` use in the parse path), so the fix applies to parsing for the given mode.'


=== PHASE 2 COMPLETE ===

